Compiling  LAB04
 plgrid/tools/cmake/3.22.1 loaded.
 plgrid/apps/cuda/11.2 loaded.
 plgrid/libs/gdrcopy/2.2-cuda-11.2 loaded.
 plgrid/libs/ucx/1.10.0-cuda-11.2 loaded.
 plgrid/tools/binutils/2.34 loaded.
 plgrid/tools/gcc/9.3.0 loaded.
 plgrid/tools/nvhpc/22.3 loaded.
 plgrid/tools/openmpi/4.1.2-nvhpc-22.3 loaded.
-- The C compiler identification is NVHPC 22.3.0
-- Detecting C compiler ABI info
-- Detecting C compiler ABI info - done
-- Check for working C compiler: /net/software/local/nvidia-hpc-sdk/22.3/Linux_x86_64/22.3/compilers/bin/nvc - skipped
-- Detecting C compile features
-- Detecting C compile features - done
-- Found OpenMP_C: -mp
-- Found OpenMP: TRUE
-- Configuring done
-- Generating done
-- Build files have been written to: /net/people/plggkulinski/MPR/MPR-Labs/lab04
[ 20%] Building C object CMakeFiles/LAB04.dir/sorts.c.o
"/net/people/plggkulinski/MPR/MPR-Labs/lab04/sorts.c", line 82: warning: last line of file ends without a newline
  }
   ^

[ 40%] Building C object CMakeFiles/LAB04.dir/params.c.o
"/net/people/plggkulinski/MPR/MPR-Labs/lab04/params.c", line 66: warning: last line of file ends without a newline
  }
   ^

[ 60%] Building C object CMakeFiles/LAB04.dir/main.c.o
"/net/people/plggkulinski/MPR/MPR-Labs/lab04/main.c", line 71: warning: last line of file ends without a newline
  }
   ^

[ 80%] Building C object CMakeFiles/LAB04.dir/rand_arr.c.o
"/net/people/plggkulinski/MPR/MPR-Labs/lab04/rand_arr.c", line 26: warning: last line of file ends without a newline
  }
   ^

[100%] Linking C executable LAB04
[100%] Built target LAB04
Starting  LAB04
t=1:alg=1:arr=1000:b=1:time=0.000391
t=2:alg=1:arr=1000:b=1:time=0.001904
t=3:alg=1:arr=1000:b=1:time=0.001655
t=4:alg=1:arr=1000:b=1:time=0.001689
t=5:alg=1:arr=1000:b=1:time=0.001690
t=6:alg=1:arr=1000:b=1:time=0.001522
t=7:alg=1:arr=1000:b=1:time=0.009717
t=8:alg=1:arr=1000:b=1:time=0.009644
t=1:alg=1:arr=10000:b=1:time=0.001490
t=1:alg=1:arr=10000:b=10:time=0.001234
t=2:alg=1:arr=10000:b=1:time=0.002677
t=2:alg=1:arr=10000:b=10:time=0.002488
t=3:alg=1:arr=10000:b=1:time=0.002598
t=3:alg=1:arr=10000:b=10:time=0.001874
t=4:alg=1:arr=10000:b=1:time=0.002629
t=4:alg=1:arr=10000:b=10:time=0.002290
t=5:alg=1:arr=10000:b=1:time=0.002805
t=5:alg=1:arr=10000:b=10:time=0.002267
t=6:alg=1:arr=10000:b=1:time=0.002673
t=6:alg=1:arr=10000:b=10:time=0.002355
t=7:alg=1:arr=10000:b=1:time=0.010624
t=7:alg=1:arr=10000:b=10:time=0.025377
t=8:alg=1:arr=10000:b=1:time=0.010622
t=8:alg=1:arr=10000:b=10:time=0.010185
t=1:alg=1:arr=100000:b=1:time=0.015191
t=1:alg=1:arr=100000:b=10:time=0.012412
t=1:alg=1:arr=100000:b=100:time=0.010907
t=2:alg=1:arr=100000:b=1:time=0.016075
t=2:alg=1:arr=100000:b=10:time=0.010675
t=2:alg=1:arr=100000:b=100:time=0.008531
t=3:alg=1:arr=100000:b=1:time=0.016171
t=3:alg=1:arr=100000:b=10:time=0.010604
t=3:alg=1:arr=100000:b=100:time=0.007095
t=4:alg=1:arr=100000:b=1:time=0.016737
t=4:alg=1:arr=100000:b=10:time=0.009990
t=4:alg=1:arr=100000:b=100:time=0.008145
t=5:alg=1:arr=100000:b=1:time=0.016289
t=5:alg=1:arr=100000:b=10:time=0.008810
t=5:alg=1:arr=100000:b=100:time=0.005733
t=6:alg=1:arr=100000:b=1:time=0.016592
t=6:alg=1:arr=100000:b=10:time=0.009302
t=6:alg=1:arr=100000:b=100:time=0.005725
t=7:alg=1:arr=100000:b=1:time=0.017586
t=7:alg=1:arr=100000:b=10:time=0.017410
t=7:alg=1:arr=100000:b=100:time=0.014508
t=8:alg=1:arr=100000:b=1:time=0.024387
t=8:alg=1:arr=100000:b=10:time=0.019247
t=8:alg=1:arr=100000:b=100:time=0.014513
t=1:alg=1:arr=1000000:b=1:time=0.162932
t=1:alg=1:arr=1000000:b=10:time=0.128896
t=1:alg=1:arr=1000000:b=100:time=0.124709
t=1:alg=1:arr=1000000:b=1000:time=0.232736
t=2:alg=1:arr=1000000:b=1:time=0.147467
t=2:alg=1:arr=1000000:b=10:time=0.132228
t=2:alg=1:arr=1000000:b=100:time=0.082011
t=2:alg=1:arr=1000000:b=1000:time=0.166030
t=3:alg=1:arr=1000000:b=1:time=0.158940
t=3:alg=1:arr=1000000:b=10:time=0.101433
t=3:alg=1:arr=1000000:b=100:time=0.122894
t=3:alg=1:arr=1000000:b=1000:time=0.209101
t=4:alg=1:arr=1000000:b=1:time=0.165824
t=4:alg=1:arr=1000000:b=10:time=0.088238
t=4:alg=1:arr=1000000:b=100:time=0.145707
t=4:alg=1:arr=1000000:b=1000:time=0.231213
t=5:alg=1:arr=1000000:b=1:time=0.168473
t=5:alg=1:arr=1000000:b=10:time=0.101030
t=5:alg=1:arr=1000000:b=100:time=0.116592
t=5:alg=1:arr=1000000:b=1000:time=0.280574
t=6:alg=1:arr=1000000:b=1:time=0.169679
t=6:alg=1:arr=1000000:b=10:time=0.091204
t=6:alg=1:arr=1000000:b=100:time=0.134462
t=6:alg=1:arr=1000000:b=1000:time=0.217728
t=7:alg=1:arr=1000000:b=1:time=0.178735
t=7:alg=1:arr=1000000:b=10:time=0.107287
t=7:alg=1:arr=1000000:b=100:time=0.061912
t=7:alg=1:arr=1000000:b=1000:time=0.292408
t=8:alg=1:arr=1000000:b=1:time=0.177121
t=8:alg=1:arr=1000000:b=10:time=0.124614
t=8:alg=1:arr=1000000:b=100:time=0.057552
t=8:alg=1:arr=1000000:b=1000:time=0.285331
t=1:alg=1:arr=10000000:b=1:time=1.642446
t=1:alg=1:arr=10000000:b=10:time=1.460565
t=1:alg=1:arr=10000000:b=100:time=1.358738
t=1:alg=1:arr=10000000:b=1000:time=1.299202
t=1:alg=1:arr=10000000:b=10000:time=2.728185
t=2:alg=1:arr=10000000:b=1:time=1.716810
t=2:alg=1:arr=10000000:b=10:time=1.085191
t=2:alg=1:arr=10000000:b=100:time=0.824938
t=2:alg=1:arr=10000000:b=1000:time=0.759816
t=2:alg=1:arr=10000000:b=10000:time=1.732970
t=3:alg=1:arr=10000000:b=1:time=1.766172
t=3:alg=1:arr=10000000:b=10:time=1.324699
t=3:alg=1:arr=10000000:b=100:time=1.335146
t=3:alg=1:arr=10000000:b=1000:time=1.143101
t=3:alg=1:arr=10000000:b=10000:time=2.214269
t=4:alg=1:arr=10000000:b=1:time=1.697426
t=4:alg=1:arr=10000000:b=10:time=1.287555
t=4:alg=1:arr=10000000:b=100:time=0.836403
t=4:alg=1:arr=10000000:b=1000:time=1.175660
t=4:alg=1:arr=10000000:b=10000:time=2.396119
t=5:alg=1:arr=10000000:b=1:time=1.903264
t=5:alg=1:arr=10000000:b=10:time=1.172983
t=5:alg=1:arr=10000000:b=100:time=1.490049
t=5:alg=1:arr=10000000:b=1000:time=1.279333
t=5:alg=1:arr=10000000:b=10000:time=2.599067
t=6:alg=1:arr=10000000:b=1:time=1.964449
t=6:alg=1:arr=10000000:b=10:time=1.236455
t=6:alg=1:arr=10000000:b=100:time=0.524528
t=6:alg=1:arr=10000000:b=1000:time=1.173801
t=6:alg=1:arr=10000000:b=10000:time=2.792632
t=7:alg=1:arr=10000000:b=1:time=1.893633
t=7:alg=1:arr=10000000:b=10:time=1.135724
t=7:alg=1:arr=10000000:b=100:time=0.506262
t=7:alg=1:arr=10000000:b=1000:time=1.281298
t=7:alg=1:arr=10000000:b=10000:time=2.579050
t=8:alg=1:arr=10000000:b=1:time=2.044882
t=8:alg=1:arr=10000000:b=10:time=1.178422
t=8:alg=1:arr=10000000:b=100:time=1.650198
t=8:alg=1:arr=10000000:b=1000:time=1.141939
t=8:alg=1:arr=10000000:b=10000:time=2.595153
0