Compiling  LAB04
ModuleCmd_Load.c(213):ERROR:105: Unable to locate a modulefile for 'plgrid/tools/cmake'
ModuleCmd_Load.c(213):ERROR:105: Unable to locate a modulefile for 'plgrid/tools/openmpi'
-- Configuring done
-- Generating done
-- Build files have been written to: /home/students/k/u/kulinski/repos/MPR-Labs/lab04
Consolidate compiler generated dependencies of target LAB04
[ 20%] Building C object CMakeFiles/LAB04.dir/sorts.c.o
[ 40%] Building C object CMakeFiles/LAB04.dir/params.c.o
[ 60%] Building C object CMakeFiles/LAB04.dir/main.c.o
[ 80%] Building C object CMakeFiles/LAB04.dir/rand_arr.c.o
[100%] Linking C executable LAB04
[100%] Built target LAB04
Starting  LAB04
t=1:alg=2:arr=1000:b=4:time=0.000284
t=2:alg=2:arr=1000:b=4:time=0.000348
t=3:alg=2:arr=1000:b=4:time=0.000345
t=4:alg=2:arr=1000:b=4:time=0.000391
t=5:alg=2:arr=1000:b=4:time=0.000568
t=6:alg=2:arr=1000:b=4:time=0.000472
t=7:alg=2:arr=1000:b=4:time=0.000604
t=8:alg=2:arr=1000:b=4:time=0.000566
t=1:alg=2:arr=10000:b=4:time=0.001825
t=2:alg=2:arr=10000:b=4:time=0.001848
t=3:alg=2:arr=10000:b=4:time=0.002071
t=4:alg=2:arr=10000:b=4:time=0.001815
t=5:alg=2:arr=10000:b=4:time=0.002305
t=6:alg=2:arr=10000:b=4:time=0.002278
t=7:alg=2:arr=10000:b=4:time=0.002091
t=8:alg=2:arr=10000:b=4:time=0.002169
t=1:alg=2:arr=100000:b=4:time=0.021043
t=2:alg=2:arr=100000:b=4:time=0.019255
t=3:alg=2:arr=100000:b=4:time=0.018772
t=4:alg=2:arr=100000:b=4:time=0.015322
t=5:alg=2:arr=100000:b=4:time=0.019683
t=6:alg=2:arr=100000:b=4:time=0.016303
t=7:alg=2:arr=100000:b=4:time=0.016083
t=8:alg=2:arr=100000:b=4:time=0.020951
t=1:alg=2:arr=1000000:b=4:time=0.246956
t=2:alg=2:arr=1000000:b=4:time=0.199563
t=3:alg=2:arr=1000000:b=4:time=0.205024
t=4:alg=2:arr=1000000:b=4:time=0.158624
t=5:alg=2:arr=1000000:b=4:time=0.164936
t=6:alg=2:arr=1000000:b=4:time=0.160206
t=7:alg=2:arr=1000000:b=4:time=0.159744
t=8:alg=2:arr=1000000:b=4:time=0.158940
t=1:alg=2:arr=10000000:b=4:time=2.800731
t=2:alg=2:arr=10000000:b=4:time=2.208402
t=3:alg=2:arr=10000000:b=4:time=2.230277
t=4:alg=2:arr=10000000:b=4:time=1.659276
t=5:alg=2:arr=10000000:b=4:time=1.737983
t=6:alg=2:arr=10000000:b=4:time=1.652505
t=7:alg=2:arr=10000000:b=4:time=1.634160
t=8:alg=2:arr=10000000:b=4:time=1.754562
./run.sh: line 36:  5253 Segmentation fault      ./"$prog" -t "$threads" -n "$n_size"
./run.sh: line 36:  5254 Segmentation fault      ./"$prog" -t "$threads" -n "$n_size"
./run.sh: line 36:  5256 Segmentation fault      ./"$prog" -t "$threads" -n "$n_size"
./run.sh: line 36:  5259 Segmentation fault      ./"$prog" -t "$threads" -n "$n_size"
./run.sh: line 36:  5263 Segmentation fault      ./"$prog" -t "$threads" -n "$n_size"
./run.sh: line 36:  5268 Segmentation fault      ./"$prog" -t "$threads" -n "$n_size"
./run.sh: line 36:  5274 Segmentation fault      ./"$prog" -t "$threads" -n "$n_size"
./run.sh: line 36:  5281 Segmentation fault      ./"$prog" -t "$threads" -n "$n_size"
t=1:alg=2:arr=1000:b=4:time=0.000290
t=2:alg=2:arr=1000:b=4:time=0.000341
t=3:alg=2:arr=1000:b=4:time=0.000367
t=4:alg=2:arr=1000:b=4:time=0.009963
t=5:alg=2:arr=1000:b=4:time=0.000464
t=6:alg=2:arr=1000:b=4:time=0.000473
t=7:alg=2:arr=1000:b=4:time=0.000509
t=8:alg=2:arr=1000:b=4:time=0.000538
t=1:alg=2:arr=10000:b=4:time=0.001851
t=2:alg=2:arr=10000:b=4:time=0.001860
t=3:alg=2:arr=10000:b=4:time=0.004482
t=4:alg=2:arr=10000:b=4:time=0.010873
t=5:alg=2:arr=10000:b=4:time=0.003548
t=6:alg=2:arr=10000:b=4:time=0.002035
t=7:alg=2:arr=10000:b=4:time=0.002152
t=8:alg=2:arr=10000:b=4:time=0.002336
t=1:alg=2:arr=100000:b=4:time=0.021009
t=2:alg=2:arr=100000:b=4:time=0.018997
t=3:alg=2:arr=100000:b=4:time=0.019879
t=4:alg=2:arr=100000:b=4:time=0.026551
t=5:alg=2:arr=100000:b=4:time=0.019765
t=6:alg=2:arr=100000:b=4:time=0.016145
t=7:alg=2:arr=100000:b=4:time=0.020666
t=8:alg=2:arr=100000:b=4:time=0.020206
t=1:alg=2:arr=1000000:b=4:time=0.249010
t=2:alg=2:arr=1000000:b=4:time=0.196732
t=3:alg=2:arr=1000000:b=4:time=0.202305
t=4:alg=2:arr=1000000:b=4:time=0.158223
t=5:alg=2:arr=1000000:b=4:time=0.153701
t=6:alg=2:arr=1000000:b=4:time=0.165037
t=7:alg=2:arr=1000000:b=4:time=0.170043
t=8:alg=2:arr=1000000:b=4:time=0.169972
t=1:alg=2:arr=10000000:b=4:time=2.804408
t=2:alg=2:arr=10000000:b=4:time=2.181484
t=3:alg=2:arr=10000000:b=4:time=2.179123
t=4:alg=2:arr=10000000:b=4:time=1.664207
t=5:alg=2:arr=10000000:b=4:time=1.658261
t=6:alg=2:arr=10000000:b=4:time=1.652353
t=7:alg=2:arr=10000000:b=4:time=1.648546
t=8:alg=2:arr=10000000:b=4:time=1.639482
./run.sh: line 36:  5571 Segmentation fault      ./"$prog" -t "$threads" -n "$n_size"
./run.sh: line 36:  5572 Segmentation fault      ./"$prog" -t "$threads" -n "$n_size"
./run.sh: line 36:  5574 Segmentation fault      ./"$prog" -t "$threads" -n "$n_size"
./run.sh: line 36:  5577 Segmentation fault      ./"$prog" -t "$threads" -n "$n_size"
./run.sh: line 36:  5581 Segmentation fault      ./"$prog" -t "$threads" -n "$n_size"
./run.sh: line 36:  5586 Segmentation fault      ./"$prog" -t "$threads" -n "$n_size"
./run.sh: line 36:  5592 Segmentation fault      ./"$prog" -t "$threads" -n "$n_size"
./run.sh: line 36:  5599 Segmentation fault      ./"$prog" -t "$threads" -n "$n_size"
t=1:alg=2:arr=1000:b=4:time=0.000309
t=2:alg=2:arr=1000:b=4:time=0.000349
t=3:alg=2:arr=1000:b=4:time=0.000341
t=4:alg=2:arr=1000:b=4:time=0.000388
t=5:alg=2:arr=1000:b=4:time=0.000519
t=6:alg=2:arr=1000:b=4:time=0.000476
t=7:alg=2:arr=1000:b=4:time=0.000590
t=8:alg=2:arr=1000:b=4:time=0.000560
t=1:alg=2:arr=10000:b=4:time=0.001873
t=2:alg=2:arr=10000:b=4:time=0.001861
t=3:alg=2:arr=10000:b=4:time=0.002003
t=4:alg=2:arr=10000:b=4:time=0.001812
t=5:alg=2:arr=10000:b=4:time=0.002339
t=6:alg=2:arr=10000:b=4:time=0.002235
t=7:alg=2:arr=10000:b=4:time=0.002174
t=8:alg=2:arr=10000:b=4:time=0.002266
t=1:alg=2:arr=100000:b=4:time=0.021268
t=2:alg=2:arr=100000:b=4:time=0.018136
t=3:alg=2:arr=100000:b=4:time=0.019125
t=4:alg=2:arr=100000:b=4:time=0.016170
t=5:alg=2:arr=100000:b=4:time=0.015411
t=6:alg=2:arr=100000:b=4:time=0.015153
t=7:alg=2:arr=100000:b=4:time=0.016155
t=8:alg=2:arr=100000:b=4:time=0.016225
t=1:alg=2:arr=1000000:b=4:time=0.246380
t=2:alg=2:arr=1000000:b=4:time=0.195805
t=3:alg=2:arr=1000000:b=4:time=0.207348
t=4:alg=2:arr=1000000:b=4:time=0.167995
t=5:alg=2:arr=1000000:b=4:time=0.157024
t=6:alg=2:arr=1000000:b=4:time=0.158391
t=7:alg=2:arr=1000000:b=4:time=0.161795
t=8:alg=2:arr=1000000:b=4:time=0.159870
t=1:alg=2:arr=10000000:b=4:time=2.801376
t=2:alg=2:arr=10000000:b=4:time=2.120474
t=3:alg=2:arr=10000000:b=4:time=2.194135
t=4:alg=2:arr=10000000:b=4:time=1.671787
t=5:alg=2:arr=10000000:b=4:time=1.678190
t=6:alg=2:arr=10000000:b=4:time=1.657431
t=7:alg=2:arr=10000000:b=4:time=1.642303
t=8:alg=2:arr=10000000:b=4:time=1.662356
./run.sh: line 36:  5787 Segmentation fault      ./"$prog" -t "$threads" -n "$n_size"
./run.sh: line 36:  5788 Segmentation fault      ./"$prog" -t "$threads" -n "$n_size"
./run.sh: line 36:  5790 Segmentation fault      ./"$prog" -t "$threads" -n "$n_size"
./run.sh: line 36:  5793 Segmentation fault      ./"$prog" -t "$threads" -n "$n_size"
./run.sh: line 36:  5797 Segmentation fault      ./"$prog" -t "$threads" -n "$n_size"
./run.sh: line 36:  5802 Segmentation fault      ./"$prog" -t "$threads" -n "$n_size"
./run.sh: line 36:  5808 Segmentation fault      ./"$prog" -t "$threads" -n "$n_size"
./run.sh: line 36:  5815 Segmentation fault      ./"$prog" -t "$threads" -n "$n_size"
t=1:alg=2:arr=1000:b=4:time=0.000287
t=2:alg=2:arr=1000:b=4:time=0.000353
t=3:alg=2:arr=1000:b=4:time=0.000333
t=4:alg=2:arr=1000:b=4:time=0.000394
t=5:alg=2:arr=1000:b=4:time=0.000607
t=6:alg=2:arr=1000:b=4:time=0.000471
t=7:alg=2:arr=1000:b=4:time=0.000588
t=8:alg=2:arr=1000:b=4:time=0.000611
t=1:alg=2:arr=10000:b=4:time=0.001850
t=2:alg=2:arr=10000:b=4:time=0.001905
t=3:alg=2:arr=10000:b=4:time=0.002092
t=4:alg=2:arr=10000:b=4:time=0.001946
t=5:alg=2:arr=10000:b=4:time=0.002281
t=6:alg=2:arr=10000:b=4:time=0.002239
t=7:alg=2:arr=10000:b=4:time=0.002223
t=8:alg=2:arr=10000:b=4:time=0.002315
t=1:alg=2:arr=100000:b=4:time=0.021369
t=2:alg=2:arr=100000:b=4:time=0.018256
t=3:alg=2:arr=100000:b=4:time=0.019431
t=4:alg=2:arr=100000:b=4:time=0.015440
t=5:alg=2:arr=100000:b=4:time=0.018761
t=6:alg=2:arr=100000:b=4:time=0.019637
t=7:alg=2:arr=100000:b=4:time=0.019546
t=8:alg=2:arr=100000:b=4:time=0.019889
t=1:alg=2:arr=1000000:b=4:time=0.245646
t=2:alg=2:arr=1000000:b=4:time=0.197176
t=3:alg=2:arr=1000000:b=4:time=0.202945
t=4:alg=2:arr=1000000:b=4:time=0.158515
t=5:alg=2:arr=1000000:b=4:time=0.157714
t=6:alg=2:arr=1000000:b=4:time=0.165083
t=7:alg=2:arr=1000000:b=4:time=0.161618
t=8:alg=2:arr=1000000:b=4:time=0.162392
t=1:alg=2:arr=10000000:b=4:time=2.823237
t=2:alg=2:arr=10000000:b=4:time=2.204126
t=3:alg=2:arr=10000000:b=4:time=2.201724
t=4:alg=2:arr=10000000:b=4:time=1.689702
t=5:alg=2:arr=10000000:b=4:time=1.717055
t=6:alg=2:arr=10000000:b=4:time=1.650338
t=7:alg=2:arr=10000000:b=4:time=1.661851
t=8:alg=2:arr=10000000:b=4:time=1.685538
./run.sh: line 36:  6003 Segmentation fault      ./"$prog" -t "$threads" -n "$n_size"
./run.sh: line 36:  6004 Segmentation fault      ./"$prog" -t "$threads" -n "$n_size"
./run.sh: line 36:  6006 Segmentation fault      ./"$prog" -t "$threads" -n "$n_size"
./run.sh: line 36:  6009 Segmentation fault      ./"$prog" -t "$threads" -n "$n_size"
./run.sh: line 36:  6013 Segmentation fault      ./"$prog" -t "$threads" -n "$n_size"
./run.sh: line 36:  6018 Segmentation fault      ./"$prog" -t "$threads" -n "$n_size"
./run.sh: line 36:  6024 Segmentation fault      ./"$prog" -t "$threads" -n "$n_size"
./run.sh: line 36:  6031 Segmentation fault      ./"$prog" -t "$threads" -n "$n_size"
t=1:alg=2:arr=1000:b=4:time=0.000288
t=2:alg=2:arr=1000:b=4:time=0.000352
t=3:alg=2:arr=1000:b=4:time=0.000352
t=4:alg=2:arr=1000:b=4:time=0.000365
t=5:alg=2:arr=1000:b=4:time=0.000556
t=6:alg=2:arr=1000:b=4:time=0.000498
t=7:alg=2:arr=1000:b=4:time=0.000608
t=8:alg=2:arr=1000:b=4:time=0.000546
t=1:alg=2:arr=10000:b=4:time=0.001850
t=2:alg=2:arr=10000:b=4:time=0.001847
t=3:alg=2:arr=10000:b=4:time=0.002031
t=4:alg=2:arr=10000:b=4:time=0.001840
t=5:alg=2:arr=10000:b=4:time=0.002238
t=6:alg=2:arr=10000:b=4:time=0.002088
t=7:alg=2:arr=10000:b=4:time=0.001853
t=8:alg=2:arr=10000:b=4:time=0.002415
t=1:alg=2:arr=100000:b=4:time=0.021015
t=2:alg=2:arr=100000:b=4:time=0.018372
t=3:alg=2:arr=100000:b=4:time=0.018850
t=4:alg=2:arr=100000:b=4:time=0.015441
t=5:alg=2:arr=100000:b=4:time=0.015258
t=6:alg=2:arr=100000:b=4:time=0.015507
t=7:alg=2:arr=100000:b=4:time=0.018300
t=8:alg=2:arr=100000:b=4:time=0.017623
t=1:alg=2:arr=1000000:b=4:time=0.246036
t=2:alg=2:arr=1000000:b=4:time=0.203004
t=3:alg=2:arr=1000000:b=4:time=0.203014
t=4:alg=2:arr=1000000:b=4:time=0.159091
t=5:alg=2:arr=1000000:b=4:time=0.170215
t=6:alg=2:arr=1000000:b=4:time=0.166574
t=7:alg=2:arr=1000000:b=4:time=0.157459
t=8:alg=2:arr=1000000:b=4:time=0.169611
t=1:alg=2:arr=10000000:b=4:time=2.817552
t=2:alg=2:arr=10000000:b=4:time=2.142845
t=3:alg=2:arr=10000000:b=4:time=2.274940
t=4:alg=2:arr=10000000:b=4:time=1.731974
t=5:alg=2:arr=10000000:b=4:time=1.635716
t=6:alg=2:arr=10000000:b=4:time=1.649451
t=7:alg=2:arr=10000000:b=4:time=1.743655
t=8:alg=2:arr=10000000:b=4:time=1.679042
./run.sh: line 36:  6363 Segmentation fault      ./"$prog" -t "$threads" -n "$n_size"
./run.sh: line 36:  6364 Segmentation fault      ./"$prog" -t "$threads" -n "$n_size"
./run.sh: line 36:  6366 Segmentation fault      ./"$prog" -t "$threads" -n "$n_size"
./run.sh: line 36:  6369 Segmentation fault      ./"$prog" -t "$threads" -n "$n_size"
./run.sh: line 36:  6373 Segmentation fault      ./"$prog" -t "$threads" -n "$n_size"
./run.sh: line 36:  6378 Segmentation fault      ./"$prog" -t "$threads" -n "$n_size"
./run.sh: line 36:  6384 Segmentation fault      ./"$prog" -t "$threads" -n "$n_size"
./run.sh: line 36:  6391 Segmentation fault      ./"$prog" -t "$threads" -n "$n_size"
t=1:alg=2:arr=1000:b=4:time=0.000299
t=2:alg=2:arr=1000:b=4:time=0.000352
t=3:alg=2:arr=1000:b=4:time=0.000343
t=4:alg=2:arr=1000:b=4:time=0.000377
t=5:alg=2:arr=1000:b=4:time=0.000572
t=6:alg=2:arr=1000:b=4:time=0.000465
t=7:alg=2:arr=1000:b=4:time=0.000614
t=8:alg=2:arr=1000:b=4:time=0.000581
t=1:alg=2:arr=10000:b=4:time=0.001854
t=2:alg=2:arr=10000:b=4:time=0.001932
t=3:alg=2:arr=10000:b=4:time=0.001973
t=4:alg=2:arr=10000:b=4:time=0.001894
t=5:alg=2:arr=10000:b=4:time=0.002251
t=6:alg=2:arr=10000:b=4:time=0.002262
t=7:alg=2:arr=10000:b=4:time=0.002373
t=8:alg=2:arr=10000:b=4:time=0.002119
t=1:alg=2:arr=100000:b=4:time=0.021223
t=2:alg=2:arr=100000:b=4:time=0.018805
t=3:alg=2:arr=100000:b=4:time=0.019163
t=4:alg=2:arr=100000:b=4:time=0.016320
t=5:alg=2:arr=100000:b=4:time=0.016136
t=6:alg=2:arr=100000:b=4:time=0.016023
t=7:alg=2:arr=100000:b=4:time=0.015351
t=8:alg=2:arr=100000:b=4:time=0.015712
t=1:alg=2:arr=1000000:b=4:time=0.245631
t=2:alg=2:arr=1000000:b=4:time=0.196417
t=3:alg=2:arr=1000000:b=4:time=0.203126
t=4:alg=2:arr=1000000:b=4:time=0.162673
t=5:alg=2:arr=1000000:b=4:time=0.163493
t=6:alg=2:arr=1000000:b=4:time=0.153969
t=7:alg=2:arr=1000000:b=4:time=0.172045
t=8:alg=2:arr=1000000:b=4:time=0.167949
t=1:alg=2:arr=10000000:b=4:time=2.828002
t=2:alg=2:arr=10000000:b=4:time=2.124816
t=3:alg=2:arr=10000000:b=4:time=2.197288
t=4:alg=2:arr=10000000:b=4:time=1.651987
t=5:alg=2:arr=10000000:b=4:time=1.652478
t=6:alg=2:arr=10000000:b=4:time=1.748632
t=7:alg=2:arr=10000000:b=4:time=1.661451
t=8:alg=2:arr=10000000:b=4:time=1.692017
./run.sh: line 36:  6579 Segmentation fault      ./"$prog" -t "$threads" -n "$n_size"
./run.sh: line 36:  6580 Segmentation fault      ./"$prog" -t "$threads" -n "$n_size"
./run.sh: line 36:  6582 Segmentation fault      ./"$prog" -t "$threads" -n "$n_size"
./run.sh: line 36:  6585 Segmentation fault      ./"$prog" -t "$threads" -n "$n_size"
./run.sh: line 36:  6589 Segmentation fault      ./"$prog" -t "$threads" -n "$n_size"
./run.sh: line 36:  6594 Segmentation fault      ./"$prog" -t "$threads" -n "$n_size"
./run.sh: line 36:  6600 Segmentation fault      ./"$prog" -t "$threads" -n "$n_size"
./run.sh: line 36:  6607 Segmentation fault      ./"$prog" -t "$threads" -n "$n_size"
t=1:alg=2:arr=1000:b=4:time=0.000281
t=2:alg=2:arr=1000:b=4:time=0.000344
t=3:alg=2:arr=1000:b=4:time=0.000340
t=4:alg=2:arr=1000:b=4:time=0.000379
t=5:alg=2:arr=1000:b=4:time=0.000595
t=6:alg=2:arr=1000:b=4:time=0.000477
t=7:alg=2:arr=1000:b=4:time=0.000598
t=8:alg=2:arr=1000:b=4:time=0.000602
t=1:alg=2:arr=10000:b=4:time=0.001849
t=2:alg=2:arr=10000:b=4:time=0.001883
t=3:alg=2:arr=10000:b=4:time=0.002026
t=4:alg=2:arr=10000:b=4:time=0.002022
t=5:alg=2:arr=10000:b=4:time=0.002268
t=6:alg=2:arr=10000:b=4:time=0.002215
t=7:alg=2:arr=10000:b=4:time=0.002389
t=8:alg=2:arr=10000:b=4:time=0.002527
t=1:alg=2:arr=100000:b=4:time=0.021305
t=2:alg=2:arr=100000:b=4:time=0.017813
t=3:alg=2:arr=100000:b=4:time=0.019575
t=4:alg=2:arr=100000:b=4:time=0.015270
t=5:alg=2:arr=100000:b=4:time=0.015042
t=6:alg=2:arr=100000:b=4:time=0.015659
t=7:alg=2:arr=100000:b=4:time=0.015951
t=8:alg=2:arr=100000:b=4:time=0.015848
t=1:alg=2:arr=1000000:b=4:time=0.247703
t=2:alg=2:arr=1000000:b=4:time=0.196204
t=3:alg=2:arr=1000000:b=4:time=0.202963
t=4:alg=2:arr=1000000:b=4:time=0.158136
t=5:alg=2:arr=1000000:b=4:time=0.156613
t=6:alg=2:arr=1000000:b=4:time=0.158215
t=7:alg=2:arr=1000000:b=4:time=0.158617
t=8:alg=2:arr=1000000:b=4:time=0.157710
t=1:alg=2:arr=10000000:b=4:time=2.831058
t=2:alg=2:arr=10000000:b=4:time=2.211999
t=3:alg=2:arr=10000000:b=4:time=2.199378
t=4:alg=2:arr=10000000:b=4:time=1.641893
t=5:alg=2:arr=10000000:b=4:time=1.724708
t=6:alg=2:arr=10000000:b=4:time=1.634446
t=7:alg=2:arr=10000000:b=4:time=1.430257
t=8:alg=2:arr=10000000:b=4:time=1.441701
./run.sh: line 36:  6796 Segmentation fault      ./"$prog" -t "$threads" -n "$n_size"
./run.sh: line 36:  6797 Segmentation fault      ./"$prog" -t "$threads" -n "$n_size"
./run.sh: line 36:  6799 Segmentation fault      ./"$prog" -t "$threads" -n "$n_size"
./run.sh: line 36:  6802 Segmentation fault      ./"$prog" -t "$threads" -n "$n_size"
./run.sh: line 36:  6806 Segmentation fault      ./"$prog" -t "$threads" -n "$n_size"
./run.sh: line 36:  6811 Segmentation fault      ./"$prog" -t "$threads" -n "$n_size"
./run.sh: line 36:  6817 Segmentation fault      ./"$prog" -t "$threads" -n "$n_size"
./run.sh: line 36:  6824 Segmentation fault      ./"$prog" -t "$threads" -n "$n_size"
t=1:alg=2:arr=1000:b=4:time=0.000273
t=2:alg=2:arr=1000:b=4:time=0.000325
t=3:alg=2:arr=1000:b=4:time=0.000307
t=4:alg=2:arr=1000:b=4:time=0.000322
t=5:alg=2:arr=1000:b=4:time=0.000536
t=6:alg=2:arr=1000:b=4:time=0.000399
t=7:alg=2:arr=1000:b=4:time=0.000544
t=8:alg=2:arr=1000:b=4:time=0.000497
t=1:alg=2:arr=10000:b=4:time=0.001695
t=2:alg=2:arr=10000:b=4:time=0.001651
t=3:alg=2:arr=10000:b=4:time=0.001764
t=4:alg=2:arr=10000:b=4:time=0.001590
t=5:alg=2:arr=10000:b=4:time=0.002024
t=6:alg=2:arr=10000:b=4:time=0.001898
t=7:alg=2:arr=10000:b=4:time=0.001890
t=8:alg=2:arr=10000:b=4:time=0.001877
t=1:alg=2:arr=100000:b=4:time=0.018178
t=2:alg=2:arr=100000:b=4:time=0.015720
t=3:alg=2:arr=100000:b=4:time=0.016361
t=4:alg=2:arr=100000:b=4:time=0.013424
t=5:alg=2:arr=100000:b=4:time=0.013893
t=6:alg=2:arr=100000:b=4:time=0.013774
t=7:alg=2:arr=100000:b=4:time=0.014043
t=8:alg=2:arr=100000:b=4:time=0.016744
t=1:alg=2:arr=1000000:b=4:time=0.230959
t=2:alg=2:arr=1000000:b=4:time=0.198971
t=3:alg=2:arr=1000000:b=4:time=0.210296
t=4:alg=2:arr=1000000:b=4:time=0.162825
t=5:alg=2:arr=1000000:b=4:time=0.162530
t=6:alg=2:arr=1000000:b=4:time=0.158531
t=7:alg=2:arr=1000000:b=4:time=0.160296
t=8:alg=2:arr=1000000:b=4:time=0.159981
t=1:alg=2:arr=10000000:b=4:time=2.797453
t=2:alg=2:arr=10000000:b=4:time=2.130599
t=3:alg=2:arr=10000000:b=4:time=2.229557
t=4:alg=2:arr=10000000:b=4:time=1.652193
t=5:alg=2:arr=10000000:b=4:time=1.637300
t=6:alg=2:arr=10000000:b=4:time=1.655467
t=7:alg=2:arr=10000000:b=4:time=1.640576
t=8:alg=2:arr=10000000:b=4:time=1.667679
./run.sh: line 36:  7155 Segmentation fault      ./"$prog" -t "$threads" -n "$n_size"
./run.sh: line 36:  7156 Segmentation fault      ./"$prog" -t "$threads" -n "$n_size"
./run.sh: line 36:  7158 Segmentation fault      ./"$prog" -t "$threads" -n "$n_size"
./run.sh: line 36:  7161 Segmentation fault      ./"$prog" -t "$threads" -n "$n_size"
./run.sh: line 36:  7165 Segmentation fault      ./"$prog" -t "$threads" -n "$n_size"
./run.sh: line 36:  7170 Segmentation fault      ./"$prog" -t "$threads" -n "$n_size"
./run.sh: line 36:  7176 Segmentation fault      ./"$prog" -t "$threads" -n "$n_size"
./run.sh: line 36:  7183 Segmentation fault      ./"$prog" -t "$threads" -n "$n_size"
t=1:alg=2:arr=1000:b=4:time=0.000286
t=2:alg=2:arr=1000:b=4:time=0.000348
t=3:alg=2:arr=1000:b=4:time=0.000383
t=4:alg=2:arr=1000:b=4:time=0.000378
t=5:alg=2:arr=1000:b=4:time=0.000546
t=6:alg=2:arr=1000:b=4:time=0.000464
t=7:alg=2:arr=1000:b=4:time=0.000618
t=8:alg=2:arr=1000:b=4:time=0.000576
t=1:alg=2:arr=10000:b=4:time=0.001888
t=2:alg=2:arr=10000:b=4:time=0.001901
t=3:alg=2:arr=10000:b=4:time=0.002015
t=4:alg=2:arr=10000:b=4:time=0.001846
t=5:alg=2:arr=10000:b=4:time=0.002347
t=6:alg=2:arr=10000:b=4:time=0.002029
t=7:alg=2:arr=10000:b=4:time=0.002217
t=8:alg=2:arr=10000:b=4:time=0.001933
t=1:alg=2:arr=100000:b=4:time=0.021230
t=2:alg=2:arr=100000:b=4:time=0.018837
t=3:alg=2:arr=100000:b=4:time=0.018876
t=4:alg=2:arr=100000:b=4:time=0.015319
t=5:alg=2:arr=100000:b=4:time=0.015604
t=6:alg=2:arr=100000:b=4:time=0.015879
t=7:alg=2:arr=100000:b=4:time=0.019068
t=8:alg=2:arr=100000:b=4:time=0.019887
t=1:alg=2:arr=1000000:b=4:time=0.248035
t=2:alg=2:arr=1000000:b=4:time=0.196696
t=3:alg=2:arr=1000000:b=4:time=0.202301
t=4:alg=2:arr=1000000:b=4:time=0.168773
t=5:alg=2:arr=1000000:b=4:time=0.163261
t=6:alg=2:arr=1000000:b=4:time=0.160866
t=7:alg=2:arr=1000000:b=4:time=0.175529
t=8:alg=2:arr=1000000:b=4:time=0.168659
t=1:alg=2:arr=10000000:b=4:time=2.830505
t=2:alg=2:arr=10000000:b=4:time=2.122501
t=3:alg=2:arr=10000000:b=4:time=2.212297
t=4:alg=2:arr=10000000:b=4:time=1.691843
t=5:alg=2:arr=10000000:b=4:time=1.723338
t=6:alg=2:arr=10000000:b=4:time=1.630950
t=7:alg=2:arr=10000000:b=4:time=1.733485
t=8:alg=2:arr=10000000:b=4:time=1.679730
./run.sh: line 36:  7371 Segmentation fault      ./"$prog" -t "$threads" -n "$n_size"
./run.sh: line 36:  7372 Segmentation fault      ./"$prog" -t "$threads" -n "$n_size"
./run.sh: line 36:  7374 Segmentation fault      ./"$prog" -t "$threads" -n "$n_size"
./run.sh: line 36:  7377 Segmentation fault      ./"$prog" -t "$threads" -n "$n_size"
./run.sh: line 36:  7381 Segmentation fault      ./"$prog" -t "$threads" -n "$n_size"
./run.sh: line 36:  7386 Segmentation fault      ./"$prog" -t "$threads" -n "$n_size"
./run.sh: line 36:  7392 Segmentation fault      ./"$prog" -t "$threads" -n "$n_size"
./run.sh: line 36:  7399 Segmentation fault      ./"$prog" -t "$threads" -n "$n_size"
139