Compiling  LAB01
-- Configuring done
-- Generating done
-- Build files have been written to: /home/students/k/u/kulinski/repos/MPR-Labs
Consolidate compiler generated dependencies of target LAB01
[100%] Built target LAB01
Starting  LAB01
#testing:v= 0
1:0.002841:0.000000
101:0.002972:0.000000
201:0.003356:0.000000
301:0.003056:0.000000
401:0.003339:0.000000
501:0.003355:0.000000
601:0.003469:0.000000
701:0.003686:0.000000
801:0.003515:0.000000
901:0.003813:0.000000
1001:0.003964:0.000000
1101:0.003928:0.000000
1201:0.003912:0.000000
1301:0.004092:0.000000
1401:0.004138:0.000000
1501:0.004144:0.000000
1601:0.004052:0.000000
1701:0.004272:0.000000
1801:0.004380:0.000000
1901:0.004462:0.000000
2001:0.004641:0.000000
2101:0.004628:0.000000
2201:0.004785:0.000000
2301:0.004677:0.000000
2401:0.005125:0.000001
2501:0.004691:0.000000
2601:0.005368:0.000001
2701:0.004880:0.000000
2801:0.005098:0.000001
2901:0.005412:0.000001
3001:0.005548:0.000001
3101:0.005606:0.000001
3201:0.005678:0.000001
3301:0.005406:0.000001
3401:0.005680:0.000001
3501:0.005790:0.000001
3601:0.005969:0.000001
3701:0.005955:0.000001
3801:0.006015:0.000001
3901:0.006111:0.000001
4001:0.006056:0.000001
4101:0.006217:0.000001
4201:0.005954:0.000001
4301:0.006202:0.000001
4401:0.006305:0.000001
4501:0.006658:0.000001
4601:0.006316:0.000001
4701:0.006397:0.000001
4801:0.006454:0.000001
4901:0.006419:0.000001
5001:0.006480:0.000001
5101:0.006617:0.000001
5201:0.006550:0.000001
5301:0.006482:0.000001
5401:0.006510:0.000001
5501:0.006558:0.000001
5601:0.006712:0.000001
5701:0.006717:0.000001
5801:0.006855:0.000001
5901:0.006842:0.000001
6001:0.006995:0.000001
6101:0.007069:0.000001
6201:0.006984:0.000001
6301:0.006931:0.000001
6401:0.007228:0.000001
6501:0.007264:0.000001
6601:0.007340:0.000001
6701:0.007172:0.000001
6801:0.007309:0.000001
6901:0.007523:0.000001
7001:0.007474:0.000001
7101:0.007643:0.000001
7201:0.007608:0.000001
7301:0.007700:0.000001
7401:0.007999:0.000001
7501:0.007980:0.000001
7601:0.007961:0.000001
7701:0.007915:0.000001
7801:0.008085:0.000001
7901:0.008159:0.000001
8001:0.008640:0.000001
8101:0.008500:0.000001
8201:0.008531:0.000001
8301:0.008543:0.000001
8401:0.008809:0.000001
8501:0.008923:0.000001
8601:0.008857:0.000001
8701:0.008853:0.000001
8801:0.009000:0.000001
8901:0.008949:0.000001
9001:0.008961:0.000001
9101:0.009146:0.000001
9201:0.009222:0.000001
9301:0.010719:0.000001
9401:0.009492:0.000001
9501:0.009459:0.000001
9601:0.009491:0.000001
9701:0.009676:0.000001
9801:0.009893:0.000001
9901:0.009554:0.000001
10001:0.009661:0.000001
10101:0.009910:0.000001
10201:0.010070:0.000001
10301:0.010070:0.000001
10401:0.009926:0.000001
10501:0.010183:0.000001
10601:0.010238:0.000001
10701:0.010430:0.000001
10801:0.010558:0.000001
10901:0.010381:0.000001
11001:0.010640:0.000001
11101:0.010627:0.000001
11201:0.010773:0.000001
11301:0.010778:0.000001
11401:0.010863:0.000001
11501:0.010861:0.000001
11601:0.010986:0.000001
11701:0.011099:0.000001
11801:0.011058:0.000001
11901:0.011142:0.000001
12001:0.011165:0.000001
12101:0.011927:0.000001
12201:0.011597:0.000001
12301:0.011928:0.000001
12401:0.011957:0.000001
12501:0.011962:0.000001
12601:0.012201:0.000001
12701:0.012049:0.000001
12801:0.012280:0.000001
12901:0.012468:0.000001
13001:0.012303:0.000001
13101:0.012342:0.000001
13201:0.012489:0.000001
13301:0.012843:0.000001
13401:0.012888:0.000001
13501:0.013088:0.000001
13601:0.012952:0.000001
13701:0.013742:0.000001
13801:0.013297:0.000001
13901:0.013489:0.000001
14001:0.013845:0.000001
14101:0.013422:0.000001
14201:0.013688:0.000001
14301:0.013852:0.000001
14401:0.013756:0.000001
14501:0.013897:0.000001
14601:0.014333:0.000001
14701:0.014304:0.000001
14801:0.014453:0.000001
14901:0.014589:0.000001
15001:0.014601:0.000001
15101:0.014511:0.000001
15201:0.014745:0.000001
15301:0.014843:0.000001
15401:0.014919:0.000001
15501:0.015695:0.000002
15601:0.015193:0.000002
15701:0.015192:0.000002
15801:0.015329:0.000002
15901:0.015436:0.000002
16001:0.015463:0.000002
16101:0.015872:0.000002
16201:0.016223:0.000002
16301:0.016041:0.000002
16401:0.019830:0.000002
16501:0.020115:0.000002
16601:0.019915:0.000002
16701:0.020575:0.000002
16801:0.020243:0.000002
16901:0.020560:0.000002
17001:0.020571:0.000002
17101:0.020854:0.000002
17201:0.021004:0.000002
17301:0.021157:0.000002
17401:0.021318:0.000002
17501:0.021348:0.000002
17601:0.021399:0.000002
17701:0.021578:0.000002
17801:0.021468:0.000002
17901:0.021588:0.000002
18001:0.021646:0.000002
18101:0.022233:0.000002
18201:0.022002:0.000002
18301:0.022133:0.000002
18401:0.022263:0.000002
18501:0.022576:0.000002
18601:0.022787:0.000002
18701:0.023081:0.000002
18801:0.023260:0.000002
18901:0.022762:0.000002
19001:0.022996:0.000002
19101:0.023080:0.000002
19201:0.023261:0.000002
19301:0.023325:0.000002
19401:0.023492:0.000002
19501:0.023511:0.000002
19601:0.023484:0.000002
19701:0.023665:0.000002
19801:0.023860:0.000002
19901:0.024044:0.000002
20001:0.024068:0.000002
20101:0.024248:0.000002
20201:0.024469:0.000002
20301:0.024656:0.000002
20401:0.024680:0.000002
20501:0.024706:0.000002
20601:0.025039:0.000003
20701:0.025198:0.000003
20801:0.025012:0.000003
20901:0.025381:0.000003
21001:0.025321:0.000003
21101:0.025388:0.000003
21201:0.025858:0.000003
21301:0.026094:0.000003
21401:0.025599:0.000003
21501:0.025945:0.000003
21601:0.026071:0.000003
21701:0.026242:0.000003
21801:0.026143:0.000003
21901:0.026408:0.000003
22001:0.026620:0.000003
22101:0.026705:0.000003
22201:0.026694:0.000003
22301:0.026992:0.000003
22401:0.026692:0.000003
22501:0.027379:0.000003
22601:0.027266:0.000003
22701:0.027431:0.000003
22801:0.027599:0.000003
22901:0.027713:0.000003
23001:0.027586:0.000003
23101:0.027694:0.000003
23201:0.027674:0.000003
23301:0.027804:0.000003
23401:0.027862:0.000003
23501:0.027948:0.000003
23601:0.028219:0.000003
23701:0.028234:0.000003
23801:0.028535:0.000003
23901:0.028671:0.000003
24001:0.028608:0.000003
24101:0.029050:0.000003
24201:0.028761:0.000003
24301:0.028760:0.000003
24401:0.028980:0.000003
24501:0.029351:0.000003
24601:0.029327:0.000003
24701:0.029504:0.000003
24801:0.029678:0.000003
24901:0.029660:0.000003
25001:0.029802:0.000003
25101:0.029842:0.000003
25201:0.030060:0.000003
25301:0.030197:0.000003
25401:0.030381:0.000003
25501:0.030114:0.000003
25601:0.030374:0.000003
25701:0.030469:0.000003
25801:0.031037:0.000003
25901:0.030801:0.000003
26001:0.030806:0.000003
26101:0.030671:0.000003
26201:0.031045:0.000003
26301:0.031099:0.000003
26401:0.031290:0.000003
26501:0.031603:0.000003
26601:0.031781:0.000003
26701:0.031670:0.000003
26801:0.032456:0.000003
26901:0.032314:0.000003
27001:0.032538:0.000003
27101:0.032092:0.000003
27201:0.032643:0.000003
27301:0.032515:0.000003
27401:0.032385:0.000003
27501:0.033173:0.000003
27601:0.032664:0.000003
27701:0.032879:0.000003
27801:0.032759:0.000003
27901:0.033413:0.000003
28001:0.033077:0.000003
28101:0.033177:0.000003
28201:0.033329:0.000003
28301:0.034050:0.000003
28401:0.034217:0.000003
28501:0.034044:0.000003
28601:0.033746:0.000003
28701:0.034587:0.000003
28801:0.034017:0.000003
28901:0.034584:0.000003
29001:0.034865:0.000003
29101:0.034423:0.000003
29201:0.034777:0.000003
29301:0.034950:0.000003
29401:0.034997:0.000003
29501:0.035324:0.000004
29601:0.035068:0.000004
29701:0.035493:0.000004
29801:0.035729:0.000004
29901:0.035256:0.000004
30001:0.036399:0.000004
30101:0.036324:0.000004
30201:0.035944:0.000004
30301:0.036567:0.000004
30401:0.036308:0.000004
30501:0.036181:0.000004
30601:0.036222:0.000004
30701:0.036855:0.000004
30801:0.036909:0.000004
30901:0.037242:0.000004
31001:0.037177:0.000004
31101:0.037439:0.000004
31201:0.037543:0.000004
31301:0.037455:0.000004
31401:0.037437:0.000004
31501:0.037868:0.000004
31601:0.037621:0.000004
31701:0.037660:0.000004
31801:0.037823:0.000004
31901:0.038117:0.000004
32001:0.038373:0.000004
32101:0.038228:0.000004
32201:0.038364:0.000004
32301:0.038422:0.000004
32401:0.039038:0.000004
32501:0.038993:0.000004
32601:0.038753:0.000004
32701:0.038603:0.000004
32801:0.039257:0.000004
32901:0.039088:0.000004
33001:0.039196:0.000004
33101:0.039323:0.000004
33201:0.039682:0.000004
33301:0.039449:0.000004
33401:0.039604:0.000004
33501:0.040135:0.000004
33601:0.040072:0.000004
33701:0.039865:0.000004
33801:0.040452:0.000004
33901:0.040666:0.000004
34001:0.040458:0.000004
34101:0.040771:0.000004
34201:0.040507:0.000004
34301:0.040872:0.000004
34401:0.040737:0.000004
34501:0.041027:0.000004
34601:0.041409:0.000004
34701:0.041062:0.000004
34801:0.041217:0.000004
34901:0.041529:0.000004
35001:0.042387:0.000004
35101:0.042443:0.000004
35201:0.042657:0.000004
35301:0.042179:0.000004
35401:0.042856:0.000004
35501:0.042063:0.000004
35601:0.042322:0.000004
35701:0.042393:0.000004
35801:0.042346:0.000004
35901:0.043148:0.000004
36001:0.042957:0.000004
36101:0.042920:0.000004
36201:0.042545:0.000004
36301:0.042932:0.000004
36401:0.044104:0.000004
36501:0.043348:0.000004
36601:0.043884:0.000004
36701:0.044039:0.000004
36801:0.044507:0.000004
36901:0.043452:0.000004
37001:0.045284:0.000005
37101:0.044176:0.000004
37201:0.044078:0.000004
37301:0.044521:0.000004
37401:0.045488:0.000005
37501:0.045153:0.000005
37601:0.044723:0.000004
37701:0.045424:0.000005
37801:0.045089:0.000005
37901:0.045571:0.000005
38001:0.045277:0.000005
38101:0.046539:0.000005
38201:0.046316:0.000005
38301:0.045599:0.000005
38401:0.045690:0.000005
38501:0.045926:0.000005
38601:0.046272:0.000005
38701:0.045994:0.000005
38801:0.046551:0.000005
38901:0.047002:0.000005
39001:0.047092:0.000005
39101:0.047429:0.000005
39201:0.047919:0.000005
39301:0.047565:0.000005
39401:0.047294:0.000005
39501:0.047641:0.000005
39601:0.047112:0.000005
39701:0.047210:0.000005
39801:0.047435:0.000005
39901:0.048823:0.000005
40001:0.047584:0.000005
40101:0.047905:0.000005
40201:0.048250:0.000005
40301:0.048856:0.000005
40401:0.047876:0.000005
40501:0.048478:0.000005
40601:0.048681:0.000005
40701:0.049302:0.000005
40801:0.049990:0.000005
40901:0.048594:0.000005
41001:0.049983:0.000005
41101:0.049912:0.000005
41201:0.050215:0.000005
41301:0.050314:0.000005
41401:0.050685:0.000005
41501:0.050388:0.000005
41601:0.049675:0.000005
41701:0.050546:0.000005
41801:0.050035:0.000005
41901:0.050730:0.000005
42001:0.050405:0.000005
42101:0.050768:0.000005
42201:0.050870:0.000005
42301:0.050893:0.000005
42401:0.051721:0.000005
42501:0.051348:0.000005
42601:0.051363:0.000005
42701:0.052361:0.000005
42801:0.051677:0.000005
42901:0.052392:0.000005
43001:0.051615:0.000005
43101:0.052576:0.000005
43201:0.052654:0.000005
43301:0.052715:0.000005
43401:0.052754:0.000005
43501:0.052533:0.000005
43601:0.052445:0.000005
43701:0.052695:0.000005
43801:0.053219:0.000005
43901:0.053221:0.000005
44001:0.052933:0.000005
44101:0.053331:0.000005
44201:0.054129:0.000005
44301:0.053110:0.000005
44401:0.053220:0.000005
44501:0.053340:0.000005
44601:0.053861:0.000005
44701:0.054624:0.000005
44801:0.054895:0.000005
44901:0.055337:0.000006
45001:0.054374:0.000005
45101:0.054834:0.000005
45201:0.054534:0.000005
45301:0.055100:0.000006
45401:0.055047:0.000006
45501:0.055040:0.000006
45601:0.055243:0.000006
45701:0.055344:0.000006
45801:0.055223:0.000006
45901:0.055385:0.000006
46001:0.055861:0.000006
46101:0.055452:0.000006
46201:0.056067:0.000006
46301:0.055716:0.000006
46401:0.056735:0.000006
46501:0.056452:0.000006
46601:0.056923:0.000006
46701:0.056717:0.000006
46801:0.057501:0.000006
46901:0.057283:0.000006
47001:0.056931:0.000006
47101:0.057243:0.000006
47201:0.057493:0.000006
47301:0.057801:0.000006
47401:0.058689:0.000006
47501:0.057644:0.000006
47601:0.059289:0.000006
47701:0.058335:0.000006
47801:0.058122:0.000006
47901:0.058450:0.000006
48001:0.058475:0.000006
48101:0.058051:0.000006
48201:0.058175:0.000006
48301:0.058710:0.000006
48401:0.059050:0.000006
48501:0.058355:0.000006
48601:0.058724:0.000006
48701:0.059473:0.000006
48801:0.060445:0.000006
48901:0.059854:0.000006
49001:0.059083:0.000006
49101:0.059223:0.000006
49201:0.059465:0.000006
49301:0.060280:0.000006
49401:0.059908:0.000006
49501:0.060443:0.000006
49601:0.060019:0.000006
49701:0.060066:0.000006
49801:0.060221:0.000006
49901:0.061770:0.000006
50001:0.060322:0.000006
50101:0.060538:0.000006
50201:0.061207:0.000006
50301:0.061656:0.000006
50401:0.061284:0.000006
50501:0.061868:0.000006
50601:0.062021:0.000006
50701:0.062191:0.000006
50801:0.062067:0.000006
50901:0.062529:0.000006
51001:0.063062:0.000006
51101:0.062302:0.000006
51201:0.062488:0.000006
51301:0.062403:0.000006
51401:0.063085:0.000006
51501:0.063387:0.000006
51601:0.062606:0.000006
51701:0.063013:0.000006
51801:0.063849:0.000006
51901:0.063581:0.000006
52001:0.063230:0.000006
52101:0.063252:0.000006
52201:0.063008:0.000006
52301:0.063551:0.000006
52401:0.063270:0.000006
52501:0.064538:0.000006
52601:0.063945:0.000006
52701:0.064466:0.000006
52801:0.064226:0.000006
52901:0.064085:0.000006
53001:0.064803:0.000006
53101:0.064325:0.000006
53201:0.064058:0.000006
53301:0.064716:0.000006
53401:0.064293:0.000006
53501:0.064500:0.000006
53601:0.064797:0.000006
53701:0.064779:0.000006
53801:0.066379:0.000007
53901:0.065400:0.000007
54001:0.065142:0.000007
54101:0.065891:0.000007
54201:0.066191:0.000007
54301:0.065757:0.000007
54401:0.066002:0.000007
54501:0.066081:0.000007
54601:0.067336:0.000007
54701:0.067764:0.000007
54801:0.066752:0.000007
54901:0.066767:0.000007
55001:0.066763:0.000007
55101:0.067616:0.000007
55201:0.067326:0.000007
55301:0.066725:0.000007
55401:0.068045:0.000007
55501:0.067452:0.000007
55601:0.068201:0.000007
55701:0.067241:0.000007
55801:0.067497:0.000007
55901:0.067196:0.000007
56001:0.068092:0.000007
56101:0.067592:0.000007
56201:0.067991:0.000007
56301:0.068690:0.000007
56401:0.068311:0.000007
56501:0.068547:0.000007
56601:0.068205:0.000007
56701:0.068303:0.000007
56801:0.068327:0.000007
56901:0.069013:0.000007
57001:0.070329:0.000007
57101:0.069340:0.000007
57201:0.069035:0.000007
57301:0.069359:0.000007
57401:0.069194:0.000007
57501:0.069813:0.000007
57601:0.070354:0.000007
57701:0.070797:0.000007
57801:0.069560:0.000007
57901:0.069664:0.000007
58001:0.070121:0.000007
58101:0.070045:0.000007
58201:0.070703:0.000007
58301:0.070127:0.000007
58401:0.071233:0.000007
58501:0.071171:0.000007
58601:0.071083:0.000007
58701:0.070762:0.000007
58801:0.070922:0.000007
58901:0.071226:0.000007
59001:0.071732:0.000007
59101:0.072755:0.000007
59201:0.071446:0.000007
59301:0.072308:0.000007
59401:0.071549:0.000007
59501:0.073694:0.000007
59601:0.072776:0.000007
59701:0.073186:0.000007
59801:0.071461:0.000007
59901:0.071877:0.000007
60001:0.072255:0.000007
60101:0.071745:0.000007
60201:0.072613:0.000007
60301:0.072383:0.000007
60401:0.073307:0.000007
60501:0.072299:0.000007
60601:0.073043:0.000007
60701:0.072751:0.000007
60801:0.073041:0.000007
60901:0.072703:0.000007
61001:0.073151:0.000007
61101:0.074229:0.000007
61201:0.074022:0.000007
61301:0.073442:0.000007
61401:0.074161:0.000007
61501:0.073657:0.000007
61601:0.073412:0.000007
61701:0.074382:0.000007
61801:0.073972:0.000007
61901:0.073999:0.000007
62001:0.074242:0.000007
62101:0.074319:0.000007
62201:0.074394:0.000007
62301:0.074818:0.000007
62401:0.075608:0.000008
62501:0.075251:0.000008
62601:0.075399:0.000008
62701:0.075875:0.000008
62801:0.078531:0.000008
62901:0.076424:0.000008
63001:0.076299:0.000008
63101:0.077055:0.000008
63201:0.076355:0.000008
63301:0.076312:0.000008
63401:0.076126:0.000008
63501:0.076053:0.000008
63601:0.076279:0.000008
63701:0.077523:0.000008
63801:0.078075:0.000008
63901:0.076122:0.000008
64001:0.076132:0.000008
64101:0.075749:0.000008
64201:0.076614:0.000008
64301:0.077797:0.000008
64401:0.076570:0.000008
64501:0.076700:0.000008
64601:0.076201:0.000008
64701:0.076679:0.000008
64801:0.077237:0.000008
64901:0.077153:0.000008
65001:0.077205:0.000008
65101:0.077254:0.000008
65201:0.077473:0.000008
65301:0.077402:0.000008
65401:0.078344:0.000008
65501:0.109125:0.000011
65601:0.108829:0.000011
65701:0.109585:0.000011
65801:0.108403:0.000011
65901:0.109230:0.000011
66001:0.108981:0.000011
66101:0.109090:0.000011
66201:0.108819:0.000011
66301:0.110109:0.000011
66401:0.109986:0.000011
66501:0.110014:0.000011
66601:0.111434:0.000011
66701:0.111053:0.000011
66801:0.109552:0.000011
66901:0.110145:0.000011
67001:0.110494:0.000011
67101:0.109936:0.000011
67201:0.109820:0.000011
67301:0.111525:0.000011
67401:0.112324:0.000011
67501:0.110911:0.000011
67601:0.112994:0.000011
67701:0.110759:0.000011
67801:0.111153:0.000011
67901:0.114715:0.000011
68001:0.112969:0.000011
68101:0.113221:0.000011
68201:0.113030:0.000011
68301:0.113607:0.000011
68401:0.112162:0.000011
68501:0.112608:0.000011
68601:0.113219:0.000011
68701:0.113034:0.000011
68801:0.114372:0.000011
68901:0.113504:0.000011
69001:0.113309:0.000011
69101:0.113472:0.000011
69201:0.114062:0.000011
69301:0.113173:0.000011
69401:0.113751:0.000011
69501:0.113087:0.000011
69601:0.114316:0.000011
69701:0.114130:0.000011
69801:0.115072:0.000012
69901:0.114569:0.000011
70001:0.113895:0.000011
70101:0.115346:0.000012
70201:0.115550:0.000012
70301:0.113903:0.000011
70401:0.114679:0.000011
70501:0.114814:0.000011
70601:0.117858:0.000012
70701:0.114300:0.000011
70801:0.115330:0.000012
70901:0.115781:0.000012
71001:0.116320:0.000012
71101:0.115764:0.000012
71201:0.115310:0.000012
71301:0.117894:0.000012
71401:0.115846:0.000012
71501:0.115866:0.000012
71601:0.115776:0.000012
71701:0.115612:0.000012
71801:0.116612:0.000012
71901:0.116268:0.000012
72001:0.117513:0.000012
72101:0.116111:0.000012
72201:0.116175:0.000012
72301:0.116899:0.000012
72401:0.116930:0.000012
72501:0.115730:0.000012
72601:0.115263:0.000012
72701:0.116735:0.000012
72801:0.116319:0.000012
72901:0.116987:0.000012
73001:0.115844:0.000012
73101:0.117622:0.000012
73201:0.116785:0.000012
73301:0.117032:0.000012
73401:0.115684:0.000012
73501:0.117081:0.000012
73601:0.117750:0.000012
73701:0.117628:0.000012
73801:0.117109:0.000012
73901:0.120266:0.000012
74001:0.117201:0.000012
74101:0.118972:0.000012
74201:0.118097:0.000012
74301:0.117835:0.000012
74401:0.119158:0.000012
74501:0.118806:0.000012
74601:0.118896:0.000012
74701:0.118524:0.000012
74801:0.118226:0.000012
74901:0.117874:0.000012
75001:0.118758:0.000012
75101:0.118505:0.000012
75201:0.118810:0.000012
75301:0.118944:0.000012
75401:0.119335:0.000012
75501:0.119441:0.000012
75601:0.118426:0.000012
75701:0.119799:0.000012
75801:0.119475:0.000012
75901:0.119935:0.000012
76001:0.119880:0.000012
76101:0.120623:0.000012
76201:0.120144:0.000012
76301:0.120621:0.000012
76401:0.121091:0.000012
76501:0.122602:0.000012
76601:0.120051:0.000012
76701:0.121043:0.000012
76801:0.120553:0.000012
76901:0.120789:0.000012
77001:0.120441:0.000012
77101:0.120371:0.000012
77201:0.122024:0.000012
77301:0.120852:0.000012
77401:0.121129:0.000012
77501:0.120764:0.000012
77601:0.122226:0.000012
77701:0.121921:0.000012
77801:0.121994:0.000012
77901:0.121488:0.000012
78001:0.120960:0.000012
78101:0.121854:0.000012
78201:0.122848:0.000012
78301:0.124343:0.000012
78401:0.122625:0.000012
78501:0.123542:0.000012
78601:0.122728:0.000012
78701:0.122280:0.000012
78801:0.125505:0.000013
78901:0.123285:0.000012
79001:0.123711:0.000012
79101:0.123151:0.000012
79201:0.123202:0.000012
79301:0.123774:0.000012
79401:0.124814:0.000012
79501:0.124738:0.000012
79601:0.124079:0.000012
79701:0.124665:0.000012
79801:0.124557:0.000012
79901:0.124982:0.000012
80001:0.124699:0.000012
80101:0.125274:0.000013
80201:0.124380:0.000012
80301:0.126075:0.000013
80401:0.125110:0.000013
80501:0.124189:0.000012
80601:0.124235:0.000012
80701:0.125559:0.000013
80801:0.124923:0.000012
80901:0.126345:0.000013
81001:0.125622:0.000013
81101:0.126054:0.000013
81201:0.126072:0.000013
81301:0.126386:0.000013
81401:0.126136:0.000013
81501:0.127084:0.000013
81601:0.126529:0.000013
81701:0.127034:0.000013
81801:0.126008:0.000013
81901:0.127917:0.000013
82001:0.129394:0.000013
82101:0.129329:0.000013
82201:0.129526:0.000013
82301:0.129267:0.000013
82401:0.129963:0.000013
82501:0.128713:0.000013
82601:0.129435:0.000013
82701:0.129717:0.000013
82801:0.129724:0.000013
82901:0.130001:0.000013
83001:0.129249:0.000013
83101:0.129693:0.000013
83201:0.130056:0.000013
83301:0.129990:0.000013
83401:0.130226:0.000013
83501:0.130397:0.000013
83601:0.130291:0.000013
83701:0.130756:0.000013
83801:0.130915:0.000013
83901:0.130639:0.000013
84001:0.130455:0.000013
84101:0.131575:0.000013
84201:0.131626:0.000013
84301:0.131677:0.000013
84401:0.131432:0.000013
84501:0.130431:0.000013
84601:0.131292:0.000013
84701:0.130904:0.000013
84801:0.131694:0.000013
84901:0.130750:0.000013
85001:0.131396:0.000013
85101:0.131291:0.000013
85201:0.131964:0.000013
85301:0.130300:0.000013
85401:0.131454:0.000013
85501:0.131460:0.000013
85601:0.134927:0.000013
85701:0.131957:0.000013
85801:0.132792:0.000013
85901:0.132673:0.000013
86001:0.131558:0.000013
86101:0.131954:0.000013
86201:0.133611:0.000013
86301:0.131291:0.000013
86401:0.132374:0.000013
86501:0.134546:0.000013
86601:0.132969:0.000013
86701:0.132416:0.000013
86801:0.131844:0.000013
86901:0.132284:0.000013
87001:0.133942:0.000013
87101:0.132525:0.000013
87201:0.134326:0.000013
87301:0.134787:0.000013
87401:0.133537:0.000013
87501:0.133703:0.000013
87601:0.135174:0.000014
87701:0.133182:0.000013
87801:0.134523:0.000013
87901:0.133506:0.000013
88001:0.134506:0.000013
88101:0.134491:0.000013
88201:0.134328:0.000013
88301:0.133634:0.000013
88401:0.136400:0.000014
88501:0.135895:0.000014
88601:0.136223:0.000014
88701:0.135065:0.000014
88801:0.135224:0.000014
88901:0.137338:0.000014
89001:0.135355:0.000014
89101:0.136340:0.000014
89201:0.135344:0.000014
89301:0.138559:0.000014
89401:0.135387:0.000014
89501:0.135170:0.000014
89601:0.135923:0.000014
89701:0.137103:0.000014
89801:0.137236:0.000014
89901:0.136695:0.000014
90001:0.136180:0.000014
90101:0.137487:0.000014
90201:0.137271:0.000014
90301:0.142199:0.000014
90401:0.136961:0.000014
90501:0.137504:0.000014
90601:0.136768:0.000014
90701:0.138126:0.000014
90801:0.137558:0.000014
90901:0.137284:0.000014
91001:0.136859:0.000014
91101:0.137642:0.000014
91201:0.137947:0.000014
91301:0.137928:0.000014
91401:0.139944:0.000014
91501:0.141502:0.000014
91601:0.140762:0.000014
91701:0.138481:0.000014
91801:0.139289:0.000014
91901:0.137995:0.000014
92001:0.143170:0.000014
92101:0.139013:0.000014
92201:0.138381:0.000014
92301:0.138698:0.000014
92401:0.139860:0.000014
92501:0.140207:0.000014
92601:0.139735:0.000014
92701:0.139831:0.000014
92801:0.139509:0.000014
92901:0.141566:0.000014
93001:0.140369:0.000014
93101:0.140468:0.000014
93201:0.142980:0.000014
93301:0.141912:0.000014
93401:0.141176:0.000014
93501:0.140817:0.000014
93601:0.140858:0.000014
93701:0.140541:0.000014
93801:0.141617:0.000014
93901:0.141815:0.000014
94001:0.141726:0.000014
94101:0.141053:0.000014
94201:0.141987:0.000014
94301:0.147432:0.000015
94401:0.144830:0.000014
94501:0.141388:0.000014
94601:0.142025:0.000014
94701:0.142020:0.000014
94801:0.141446:0.000014
94901:0.141719:0.000014
95001:0.142563:0.000014
95101:0.145181:0.000015
95201:0.142381:0.000014
95301:0.142390:0.000014
95401:0.142549:0.000014
95501:0.143093:0.000014
95601:0.143021:0.000014
95701:0.142722:0.000014
95801:0.144605:0.000014
95901:0.144077:0.000014
96001:0.144472:0.000014
96101:0.143890:0.000014
96201:0.142935:0.000014
96301:0.143430:0.000014
96401:0.144397:0.000014
96501:0.145443:0.000015
96601:0.143603:0.000014
96701:0.144763:0.000014
96801:0.147270:0.000015
96901:0.145346:0.000015
97001:0.143870:0.000014
97101:0.144292:0.000014
97201:0.145952:0.000015
97301:0.145148:0.000015
97401:0.147161:0.000015
97501:0.145973:0.000015
97601:0.145636:0.000015
97701:0.147581:0.000015
97801:0.147940:0.000015
97901:0.144631:0.000014
98001:0.144073:0.000014
98101:0.144575:0.000014
98201:0.146271:0.000015
98301:0.145861:0.000015
98401:0.147165:0.000015
98501:0.148882:0.000015
98601:0.146677:0.000015
98701:0.147743:0.000015
98801:0.146259:0.000015
98901:0.146266:0.000015
99001:0.145696:0.000015
99101:0.146893:0.000015
99201:0.148606:0.000015
99301:0.146463:0.000015
99401:0.147448:0.000015
99501:0.149069:0.000015
99601:0.147351:0.000015
99701:0.148244:0.000015
99801:0.148718:0.000015
99901:0.147598:0.000015
#testing:v= 1
1:0.005623:0.000001
101:0.006016:0.000001
201:0.006050:0.000001
301:0.006665:0.000001
401:0.007273:0.000001
501:0.007210:0.000001
601:0.006670:0.000001
701:0.007146:0.000001
801:0.007328:0.000001
901:0.007375:0.000001
1001:0.007095:0.000001
1101:0.007656:0.000001
1201:0.007731:0.000001
1301:0.008494:0.000001
1401:0.008398:0.000001
1501:0.008702:0.000001
1601:0.008999:0.000001
1701:0.008903:0.000001
1801:0.009240:0.000001
1901:0.008939:0.000001
2001:0.009852:0.000001
2101:0.009561:0.000001
2201:0.010122:0.000001
2301:0.009844:0.000001
2401:0.009807:0.000001
2501:0.010036:0.000001
2601:0.010832:0.000001
2701:0.010601:0.000001
2801:0.011020:0.000001
2901:0.010983:0.000001
3001:0.010800:0.000001
3101:0.011041:0.000001
3201:0.011953:0.000001
3301:0.011735:0.000001
3401:0.011992:0.000001
3501:0.011760:0.000001
3601:0.012071:0.000001
3701:0.011699:0.000001
3801:0.012061:0.000001
3901:0.013354:0.000001
4001:0.012806:0.000001
4101:0.013180:0.000001
4201:0.013164:0.000001
4301:0.013571:0.000001
4401:0.013764:0.000001
4501:0.013597:0.000001
4601:0.014015:0.000001
4701:0.014383:0.000001
4801:0.014037:0.000001
4901:0.014309:0.000001
5001:0.014209:0.000001
5101:0.015166:0.000002
5201:0.014912:0.000001
5301:0.015134:0.000002
5401:0.015377:0.000002
5501:0.015668:0.000002
5601:0.015544:0.000002
5701:0.015447:0.000002
5801:0.015957:0.000002
5901:0.016252:0.000002
6001:0.016179:0.000002
6101:0.016386:0.000002
6201:0.016605:0.000002
6301:0.016334:0.000002
6401:0.016695:0.000002
6501:0.016941:0.000002
6601:0.017730:0.000002
6701:0.017180:0.000002
6801:0.017643:0.000002
6901:0.017812:0.000002
7001:0.017950:0.000002
7101:0.018119:0.000002
7201:0.018331:0.000002
7301:0.018708:0.000002
7401:0.018576:0.000002
7501:0.018474:0.000002
7601:0.019035:0.000002
7701:0.018938:0.000002
7801:0.019234:0.000002
7901:0.019499:0.000002
8001:0.019339:0.000002
8101:0.020052:0.000002
8201:0.019984:0.000002
8301:0.020148:0.000002
8401:0.019946:0.000002
8501:0.020843:0.000002
8601:0.020559:0.000002
8701:0.020790:0.000002
8801:0.021144:0.000002
8901:0.021360:0.000002
9001:0.021531:0.000002
9101:0.021427:0.000002
9201:0.022076:0.000002
9301:0.021777:0.000002
9401:0.022507:0.000002
9501:0.022098:0.000002
9601:0.022356:0.000002
9701:0.022299:0.000002
9801:0.022800:0.000002
9901:0.022481:0.000002
10001:0.023210:0.000002
10101:0.023260:0.000002
10201:0.024268:0.000002
10301:0.024076:0.000002
10401:0.024074:0.000002
10501:0.024222:0.000002
10601:0.024169:0.000002
10701:0.024317:0.000002
10801:0.024611:0.000002
10901:0.024391:0.000002
11001:0.024529:0.000002
11101:0.024739:0.000002
11201:0.024894:0.000002
11301:0.025085:0.000003
11401:0.025878:0.000003
11501:0.025528:0.000003
11601:0.025841:0.000003
11701:0.026167:0.000003
11801:0.026142:0.000003
11901:0.026586:0.000003
12001:0.026611:0.000003
12101:0.026855:0.000003
12201:0.027148:0.000003
12301:0.027539:0.000003
12401:0.027601:0.000003
12501:0.027625:0.000003
12601:0.027987:0.000003
12701:0.028051:0.000003
12801:0.028124:0.000003
12901:0.028110:0.000003
13001:0.028476:0.000003
13101:0.028456:0.000003
13201:0.028774:0.000003
13301:0.029383:0.000003
13401:0.028784:0.000003
13501:0.029118:0.000003
13601:0.029394:0.000003
13701:0.029901:0.000003
13801:0.030109:0.000003
13901:0.030426:0.000003
14001:0.030154:0.000003
14101:0.030699:0.000003
14201:0.030637:0.000003
14301:0.031234:0.000003
14401:0.031210:0.000003
14501:0.030775:0.000003
14601:0.031265:0.000003
14701:0.031494:0.000003
14801:0.032535:0.000003
14901:0.032773:0.000003
15001:0.032591:0.000003
15101:0.033351:0.000003
15201:0.033103:0.000003
15301:0.033391:0.000003
15401:0.033694:0.000003
15501:0.033505:0.000003
15601:0.034039:0.000003
15701:0.033955:0.000003
15801:0.034074:0.000003
15901:0.034384:0.000003
16001:0.034401:0.000003
16101:0.034045:0.000003
16201:0.034308:0.000003
16301:0.034500:0.000003
16401:0.038143:0.000004
16501:0.038145:0.000004
16601:0.039106:0.000004
16701:0.039099:0.000004
16801:0.038437:0.000004
16901:0.039120:0.000004
17001:0.039653:0.000004
17101:0.039412:0.000004
17201:0.039702:0.000004
17301:0.039701:0.000004
17401:0.040070:0.000004
17501:0.040016:0.000004
17601:0.039986:0.000004
17701:0.040284:0.000004
17801:0.040275:0.000004
17901:0.040397:0.000004
18001:0.040299:0.000004
18101:0.041234:0.000004
18201:0.040912:0.000004
18301:0.040868:0.000004
18401:0.041342:0.000004
18501:0.041885:0.000004
18601:0.045788:0.000005
18701:0.043470:0.000004
18801:0.043073:0.000004
18901:0.042226:0.000004
19001:0.042565:0.000004
19101:0.042426:0.000004
19201:0.042977:0.000004
19301:0.043371:0.000004
19401:0.043400:0.000004
19501:0.043833:0.000004
19601:0.044133:0.000004
19701:0.044396:0.000004
19801:0.044497:0.000004
19901:0.044798:0.000004
20001:0.044532:0.000004
20101:0.044479:0.000004
20201:0.045526:0.000005
20301:0.045171:0.000005
20401:0.045297:0.000005
20501:0.045870:0.000005
20601:0.045689:0.000005
20701:0.044992:0.000004
20801:0.046107:0.000005
20901:0.046086:0.000005
21001:0.046222:0.000005
21101:0.046951:0.000005
21201:0.046833:0.000005
21301:0.047502:0.000005
21401:0.047645:0.000005
21501:0.047902:0.000005
21601:0.047661:0.000005
21701:0.048008:0.000005
21801:0.047891:0.000005
21901:0.048353:0.000005
22001:0.049144:0.000005
22101:0.049012:0.000005
22201:0.049663:0.000005
22301:0.049525:0.000005
22401:0.049229:0.000005
22501:0.049754:0.000005
22601:0.049567:0.000005
22701:0.050017:0.000005
22801:0.050639:0.000005
22901:0.050844:0.000005
23001:0.050105:0.000005
23101:0.050397:0.000005
23201:0.049851:0.000005
23301:0.050468:0.000005
23401:0.051006:0.000005
23501:0.050978:0.000005
23601:0.051858:0.000005
23701:0.051361:0.000005
23801:0.050965:0.000005
23901:0.051205:0.000005
24001:0.051530:0.000005
24101:0.052059:0.000005
24201:0.051998:0.000005
24301:0.052092:0.000005
24401:0.051769:0.000005
24501:0.052606:0.000005
24601:0.051845:0.000005
24701:0.052053:0.000005
24801:0.052571:0.000005
24901:0.052948:0.000005
25001:0.052735:0.000005
25101:0.052775:0.000005
25201:0.053491:0.000005
25301:0.052972:0.000005
25401:0.053907:0.000005
25501:0.053867:0.000005
25601:0.053972:0.000005
25701:0.053810:0.000005
25801:0.053899:0.000005
25901:0.055144:0.000006
26001:0.054800:0.000005
26101:0.055389:0.000006
26201:0.055394:0.000006
26301:0.055943:0.000006
26401:0.055170:0.000006
26501:0.055550:0.000006
26601:0.056242:0.000006
26701:0.056615:0.000006
26801:0.056608:0.000006
26901:0.057938:0.000006
27001:0.057736:0.000006
27101:0.056585:0.000006
27201:0.057323:0.000006
27301:0.057447:0.000006
27401:0.057886:0.000006
27501:0.057790:0.000006
27601:0.057898:0.000006
27701:0.057681:0.000006
27801:0.058490:0.000006
27901:0.058894:0.000006
28001:0.058123:0.000006
28101:0.058763:0.000006
28201:0.058773:0.000006
28301:0.060212:0.000006
28401:0.059959:0.000006
28501:0.059167:0.000006
28601:0.059511:0.000006
28701:0.060082:0.000006
28801:0.060252:0.000006
28901:0.060437:0.000006
29001:0.060482:0.000006
29101:0.060745:0.000006
29201:0.060665:0.000006
29301:0.061326:0.000006
29401:0.060789:0.000006
29501:0.061944:0.000006
29601:0.061969:0.000006
29701:0.062198:0.000006
29801:0.061975:0.000006
29901:0.062373:0.000006
30001:0.062708:0.000006
30101:0.062506:0.000006
30201:0.062723:0.000006
30301:0.062667:0.000006
30401:0.063114:0.000006
30501:0.063080:0.000006
30601:0.063031:0.000006
30701:0.064060:0.000006
30801:0.063204:0.000006
30901:0.065431:0.000007
31001:0.064867:0.000006
31101:0.065614:0.000007
31201:0.064732:0.000006
31301:0.065732:0.000007
31401:0.065129:0.000007
31501:0.065759:0.000007
31601:0.065876:0.000007
31701:0.065813:0.000007
31801:0.065614:0.000007
31901:0.066145:0.000007
32001:0.067123:0.000007
32101:0.067270:0.000007
32201:0.066562:0.000007
32301:0.067315:0.000007
32401:0.067997:0.000007
32501:0.068328:0.000007
32601:0.067673:0.000007
32701:0.068324:0.000007
32801:0.067983:0.000007
32901:0.067878:0.000007
33001:0.067412:0.000007
33101:0.067969:0.000007
33201:0.068943:0.000007
33301:0.068590:0.000007
33401:0.068513:0.000007
33501:0.068417:0.000007
33601:0.069517:0.000007
33701:0.069260:0.000007
33801:0.069800:0.000007
33901:0.069411:0.000007
34001:0.070235:0.000007
34101:0.069679:0.000007
34201:0.070194:0.000007
34301:0.070039:0.000007
34401:0.070260:0.000007
34501:0.070658:0.000007
34601:0.070413:0.000007
34701:0.070998:0.000007
34801:0.071154:0.000007
34901:0.071687:0.000007
35001:0.071429:0.000007
35101:0.072039:0.000007
35201:0.072297:0.000007
35301:0.071730:0.000007
35401:0.071793:0.000007
35501:0.072107:0.000007
35601:0.071944:0.000007
35701:0.072134:0.000007
35801:0.073054:0.000007
35901:0.072571:0.000007
36001:0.073030:0.000007
36101:0.072113:0.000007
36201:0.073015:0.000007
36301:0.073400:0.000007
36401:0.074293:0.000007
36501:0.073985:0.000007
36601:0.074884:0.000007
36701:0.074091:0.000007
36801:0.074541:0.000007
36901:0.074391:0.000007
37001:0.074423:0.000007
37101:0.073964:0.000007
37201:0.075228:0.000008
37301:0.075574:0.000008
37401:0.075180:0.000008
37501:0.075609:0.000008
37601:0.075759:0.000008
37701:0.075957:0.000008
37801:0.075664:0.000008
37901:0.076185:0.000008
38001:0.076637:0.000008
38101:0.077392:0.000008
38201:0.077633:0.000008
38301:0.078029:0.000008
38401:0.078081:0.000008
38501:0.077733:0.000008
38601:0.078693:0.000008
38701:0.078535:0.000008
38801:0.078263:0.000008
38901:0.079659:0.000008
39001:0.079962:0.000008
39101:0.079591:0.000008
39201:0.080119:0.000008
39301:0.079589:0.000008
39401:0.079725:0.000008
39501:0.079574:0.000008
39601:0.080375:0.000008
39701:0.080132:0.000008
39801:0.079220:0.000008
39901:0.079575:0.000008
40001:0.079989:0.000008
40101:0.080901:0.000008
40201:0.081450:0.000008
40301:0.080831:0.000008
40401:0.080774:0.000008
40501:0.082070:0.000008
40601:0.080842:0.000008
40701:0.081097:0.000008
40801:0.081272:0.000008
40901:0.081232:0.000008
41001:0.081375:0.000008
41101:0.082287:0.000008
41201:0.081915:0.000008
41301:0.081966:0.000008
41401:0.083851:0.000008
41501:0.082384:0.000008
41601:0.084375:0.000008
41701:0.082963:0.000008
41801:0.083220:0.000008
41901:0.083414:0.000008
42001:0.082667:0.000008
42101:0.083302:0.000008
42201:0.083743:0.000008
42301:0.083787:0.000008
42401:0.084743:0.000008
42501:0.084404:0.000008
42601:0.084787:0.000008
42701:0.084465:0.000008
42801:0.084692:0.000008
42901:0.084795:0.000008
43001:0.086339:0.000009
43101:0.085335:0.000009
43201:0.086759:0.000009
43301:0.087438:0.000009
43401:0.085441:0.000009
43501:0.085891:0.000009
43601:0.085968:0.000009
43701:0.086798:0.000009
43801:0.086777:0.000009
43901:0.086322:0.000009
44001:0.086084:0.000009
44101:0.086869:0.000009
44201:0.086834:0.000009
44301:0.087554:0.000009
44401:0.087309:0.000009
44501:0.087610:0.000009
44601:0.088551:0.000009
44701:0.089945:0.000009
44801:0.089174:0.000009
44901:0.087925:0.000009
45001:0.088313:0.000009
45101:0.088866:0.000009
45201:0.089626:0.000009
45301:0.088769:0.000009
45401:0.088774:0.000009
45501:0.089961:0.000009
45601:0.090384:0.000009
45701:0.090576:0.000009
45801:0.089731:0.000009
45901:0.090341:0.000009
46001:0.091335:0.000009
46101:0.090762:0.000009
46201:0.089916:0.000009
46301:0.090870:0.000009
46401:0.091161:0.000009
46501:0.091090:0.000009
46601:0.091726:0.000009
46701:0.091053:0.000009
46801:0.092892:0.000009
46901:0.092229:0.000009
47001:0.092374:0.000009
47101:0.092900:0.000009
47201:0.092959:0.000009
47301:0.093347:0.000009
47401:0.094197:0.000009
47501:0.093531:0.000009
47601:0.093323:0.000009
47701:0.093230:0.000009
47801:0.093972:0.000009
47901:0.095633:0.000010
48001:0.094373:0.000009
48101:0.094792:0.000009
48201:0.094185:0.000009
48301:0.094399:0.000009
48401:0.094597:0.000009
48501:0.094423:0.000009
48601:0.096413:0.000010
48701:0.096056:0.000010
48801:0.096868:0.000010
48901:0.096802:0.000010
49001:0.096089:0.000010
49101:0.096294:0.000010
49201:0.095619:0.000010
49301:0.095559:0.000010
49401:0.095749:0.000010
49501:0.096707:0.000010
49601:0.096250:0.000010
49701:0.096547:0.000010
49801:0.097969:0.000010
49901:0.097268:0.000010
50001:0.099141:0.000010
50101:0.099262:0.000010
50201:0.099325:0.000010
50301:0.098562:0.000010
50401:0.099923:0.000010
50501:0.099605:0.000010
50601:0.100039:0.000010
50701:0.098731:0.000010
50801:0.102296:0.000010
50901:0.100105:0.000010
51001:0.101303:0.000010
51101:0.104764:0.000010
51201:0.100275:0.000010
51301:0.102141:0.000010
51401:0.100950:0.000010
51501:0.105381:0.000011
51601:0.102073:0.000010
51701:0.102393:0.000010
51801:0.103353:0.000010
51901:0.102091:0.000010
52001:0.103812:0.000010
52101:0.103830:0.000010
52201:0.107039:0.000011
52301:0.101627:0.000010
52401:0.104696:0.000010
52501:0.103634:0.000010
52601:0.102603:0.000010
52701:0.105063:0.000011
52801:0.104453:0.000010
52901:0.104239:0.000010
53001:0.105854:0.000011
53101:0.104503:0.000010
53201:0.104956:0.000010
53301:0.105644:0.000011
53401:0.107996:0.000011
53501:0.105680:0.000011
53601:0.105554:0.000011
53701:0.105920:0.000011
53801:0.105271:0.000011
53901:0.106048:0.000011
54001:0.105887:0.000011
54101:0.106249:0.000011
54201:0.106348:0.000011
54301:0.106507:0.000011
54401:0.105942:0.000011
54501:0.106496:0.000011
54601:0.107637:0.000011
54701:0.106316:0.000011
54801:0.107215:0.000011
54901:0.108099:0.000011
55001:0.109807:0.000011
55101:0.106474:0.000011
55201:0.109260:0.000011
55301:0.108054:0.000011
55401:0.108957:0.000011
55501:0.112808:0.000011
55601:0.108515:0.000011
55701:0.108040:0.000011
55801:0.109519:0.000011
55901:0.108262:0.000011
56001:0.108773:0.000011
56101:0.108831:0.000011
56201:0.108668:0.000011
56301:0.109925:0.000011
56401:0.109662:0.000011
56501:0.110332:0.000011
56601:0.110011:0.000011
56701:0.109560:0.000011
56801:0.110793:0.000011
56901:0.110476:0.000011
57001:0.114814:0.000011
57101:0.111202:0.000011
57201:0.112245:0.000011
57301:0.110940:0.000011
57401:0.111258:0.000011
57501:0.114548:0.000011
57601:0.112106:0.000011
57701:0.111813:0.000011
57801:0.113849:0.000011
57901:0.112720:0.000011
58001:0.114518:0.000011
58101:0.116519:0.000012
58201:0.115291:0.000012
58301:0.116654:0.000012
58401:0.116096:0.000012
58501:0.114806:0.000011
58601:0.115915:0.000012
58701:0.114170:0.000011
58801:0.115458:0.000012
58901:0.116806:0.000012
59001:0.117757:0.000012
59101:0.117917:0.000012
59201:0.115360:0.000012
59301:0.115026:0.000012
59401:0.117267:0.000012
59501:0.116573:0.000012
59601:0.117054:0.000012
59701:0.117804:0.000012
59801:0.118704:0.000012
59901:0.117311:0.000012
60001:0.117722:0.000012
60101:0.117449:0.000012
60201:0.119858:0.000012
60301:0.117822:0.000012
60401:0.118723:0.000012
60501:0.118777:0.000012
60601:0.118161:0.000012
60701:0.119241:0.000012
60801:0.118970:0.000012
60901:0.118128:0.000012
61001:0.121072:0.000012
61101:0.119563:0.000012
61201:0.120079:0.000012
61301:0.120236:0.000012
61401:0.121171:0.000012
61501:0.120543:0.000012
61601:0.121183:0.000012
61701:0.119987:0.000012
61801:0.119542:0.000012
61901:0.121971:0.000012
62001:0.123276:0.000012
62101:0.118908:0.000012
62201:0.121689:0.000012
62301:0.120947:0.000012
62401:0.120836:0.000012
62501:0.121194:0.000012
62601:0.121998:0.000012
62701:0.121205:0.000012
62801:0.122831:0.000012
62901:0.121444:0.000012
63001:0.123438:0.000012
63101:0.123801:0.000012
63201:0.123484:0.000012
63301:0.120896:0.000012
63401:0.124130:0.000012
63501:0.123432:0.000012
63601:0.125088:0.000013
63701:0.123795:0.000012
63801:0.124486:0.000012
63901:0.122748:0.000012
64001:0.122136:0.000012
64101:0.124887:0.000012
64201:0.123687:0.000012
64301:0.124020:0.000012
64401:0.125723:0.000013
64501:0.124837:0.000012
64601:0.124876:0.000012
64701:0.124774:0.000012
64801:0.125171:0.000013
64901:0.126453:0.000013
65001:0.126206:0.000013
65101:0.127531:0.000013
65201:0.125683:0.000013
65301:0.128245:0.000013
65401:0.130837:0.000013
65501:0.107673:0.000011
65601:0.109215:0.000011
65701:0.108992:0.000011
65801:0.108814:0.000011
65901:0.108648:0.000011
66001:0.109403:0.000011
66101:0.110174:0.000011
66201:0.108382:0.000011
66301:0.109536:0.000011
66401:0.109234:0.000011
66501:0.110533:0.000011
66601:0.109363:0.000011
66701:0.110618:0.000011
66801:0.109732:0.000011
66901:0.110032:0.000011
67001:0.110113:0.000011
67101:0.111819:0.000011
67201:0.111185:0.000011
67301:0.110065:0.000011
67401:0.111248:0.000011
67501:0.111371:0.000011
67601:0.110700:0.000011
67701:0.111266:0.000011
67801:0.111581:0.000011
67901:0.112836:0.000011
68001:0.111958:0.000011
68101:0.112164:0.000011
68201:0.111598:0.000011
68301:0.112595:0.000011
68401:0.113529:0.000011
68501:0.112222:0.000011
68601:0.112571:0.000011
68701:0.113093:0.000011
68801:0.113234:0.000011
68901:0.111775:0.000011
69001:0.112831:0.000011
69101:0.114080:0.000011
69201:0.114924:0.000011
69301:0.113906:0.000011
69401:0.113335:0.000011
69501:0.113785:0.000011
69601:0.113322:0.000011
69701:0.113962:0.000011
69801:0.115412:0.000012
69901:0.115122:0.000012
70001:0.114141:0.000011
70101:0.115978:0.000012
70201:0.114359:0.000011
70301:0.114372:0.000011
70401:0.114949:0.000011
70501:0.113983:0.000011
70601:0.114136:0.000011
70701:0.114697:0.000011
70801:0.114704:0.000011
70901:0.116427:0.000012
71001:0.114860:0.000011
71101:0.116073:0.000012
71201:0.117104:0.000012
71301:0.115993:0.000012
71401:0.116047:0.000012
71501:0.115125:0.000012
71601:0.116549:0.000012
71701:0.115983:0.000012
71801:0.116179:0.000012
71901:0.115375:0.000012
72001:0.116375:0.000012
72101:0.115756:0.000012
72201:0.117557:0.000012
72301:0.115913:0.000012
72401:0.115509:0.000012
72501:0.116421:0.000012
72601:0.115800:0.000012
72701:0.116138:0.000012
72801:0.116924:0.000012
72901:0.117068:0.000012
73001:0.116160:0.000012
73101:0.117217:0.000012
73201:0.116098:0.000012
73301:0.116341:0.000012
73401:0.116636:0.000012
73501:0.117149:0.000012
73601:0.117158:0.000012
73701:0.117049:0.000012
73801:0.116938:0.000012
73901:0.116112:0.000012
74001:0.116673:0.000012
74101:0.118538:0.000012
74201:0.118135:0.000012
74301:0.117671:0.000012
74401:0.121604:0.000012
74501:0.118420:0.000012
74601:0.118493:0.000012
74701:0.118018:0.000012
74801:0.117804:0.000012
74901:0.118554:0.000012
75001:0.119023:0.000012
75101:0.118488:0.000012
75201:0.119625:0.000012
75301:0.119163:0.000012
75401:0.121427:0.000012
75501:0.118707:0.000012
75601:0.121002:0.000012
75701:0.119759:0.000012
75801:0.119832:0.000012
75901:0.119917:0.000012
76001:0.119038:0.000012
76101:0.119382:0.000012
76201:0.119338:0.000012
76301:0.119411:0.000012
76401:0.119439:0.000012
76501:0.121809:0.000012
76601:0.118840:0.000012
76701:0.120169:0.000012
76801:0.121959:0.000012
76901:0.120994:0.000012
77001:0.120759:0.000012
77101:0.120359:0.000012
77201:0.120893:0.000012
77301:0.120842:0.000012
77401:0.120825:0.000012
77501:0.121065:0.000012
77601:0.121426:0.000012
77701:0.122139:0.000012
77801:0.120684:0.000012
77901:0.120100:0.000012
78001:0.121174:0.000012
78101:0.122031:0.000012
78201:0.122432:0.000012
78301:0.123337:0.000012
78401:0.121562:0.000012
78501:0.122905:0.000012
78601:0.122488:0.000012
78701:0.123141:0.000012
78801:0.122087:0.000012
78901:0.123755:0.000012
79001:0.123697:0.000012
79101:0.122878:0.000012
79201:0.122772:0.000012
79301:0.124266:0.000012
79401:0.124264:0.000012
79501:0.123802:0.000012
79601:0.123214:0.000012
79701:0.123884:0.000012
79801:0.126242:0.000013
79901:0.125163:0.000013
80001:0.123934:0.000012
80101:0.124587:0.000012
80201:0.124144:0.000012
80301:0.126420:0.000013
80401:0.124307:0.000012
80501:0.123625:0.000012
80601:0.124963:0.000012
80701:0.124245:0.000012
80801:0.124957:0.000012
80901:0.125375:0.000013
81001:0.124954:0.000012
81101:0.125329:0.000013
81201:0.124620:0.000012
81301:0.125710:0.000013
81401:0.125757:0.000013
81501:0.126309:0.000013
81601:0.126530:0.000013
81701:0.127267:0.000013
81801:0.126720:0.000013
81901:0.128141:0.000013
82001:0.129276:0.000013
82101:0.130358:0.000013
82201:0.131693:0.000013
82301:0.128997:0.000013
82401:0.128999:0.000013
82501:0.128673:0.000013
82601:0.129189:0.000013
82701:0.129969:0.000013
82801:0.129297:0.000013
82901:0.129387:0.000013
83001:0.130008:0.000013
83101:0.129818:0.000013
83201:0.130725:0.000013
83301:0.130033:0.000013
83401:0.130392:0.000013
83501:0.129982:0.000013
83601:0.130223:0.000013
83701:0.131235:0.000013
83801:0.129921:0.000013
83901:0.130631:0.000013
84001:0.130696:0.000013
84101:0.130029:0.000013
84201:0.129701:0.000013
84301:0.130272:0.000013
84401:0.129863:0.000013
84501:0.129725:0.000013
84601:0.130698:0.000013
84701:0.130735:0.000013
84801:0.130291:0.000013
84901:0.130930:0.000013
85001:0.130489:0.000013
85101:0.131701:0.000013
85201:0.130766:0.000013
85301:0.131506:0.000013
85401:0.131265:0.000013
85501:0.130872:0.000013
85601:0.131197:0.000013
85701:0.131601:0.000013
85801:0.131775:0.000013
85901:0.132176:0.000013
86001:0.131586:0.000013
86101:0.132429:0.000013
86201:0.133033:0.000013
86301:0.130870:0.000013
86401:0.132993:0.000013
86501:0.132685:0.000013
86601:0.132176:0.000013
86701:0.132762:0.000013
86801:0.133988:0.000013
86901:0.132997:0.000013
87001:0.133208:0.000013
87101:0.133395:0.000013
87201:0.132207:0.000013
87301:0.132508:0.000013
87401:0.133388:0.000013
87501:0.132864:0.000013
87601:0.133134:0.000013
87701:0.132188:0.000013
87801:0.133276:0.000013
87901:0.134809:0.000013
88001:0.134580:0.000013
88101:0.133493:0.000013
88201:0.134560:0.000013
88301:0.134056:0.000013
88401:0.134371:0.000013
88501:0.135463:0.000014
88601:0.133936:0.000013
88701:0.135096:0.000014
88801:0.135990:0.000014
88901:0.135890:0.000014
89001:0.136141:0.000014
89101:0.136395:0.000014
89201:0.135752:0.000014
89301:0.135255:0.000014
89401:0.134924:0.000013
89501:0.135064:0.000014
89601:0.135581:0.000014
89701:0.138500:0.000014
89801:0.136323:0.000014
89901:0.136864:0.000014
90001:0.136342:0.000014
90101:0.138395:0.000014
90201:0.137590:0.000014
90301:0.136379:0.000014
90401:0.136747:0.000014
90501:0.135876:0.000014
90601:0.136574:0.000014
90701:0.136940:0.000014
90801:0.136754:0.000014
90901:0.137922:0.000014
91001:0.137037:0.000014
91101:0.137493:0.000014
91201:0.138341:0.000014
91301:0.136775:0.000014
91401:0.138351:0.000014
91501:0.138903:0.000014
91601:0.138399:0.000014
91701:0.137444:0.000014
91801:0.137525:0.000014
91901:0.138275:0.000014
92001:0.138991:0.000014
92101:0.140768:0.000014
92201:0.138412:0.000014
92301:0.138969:0.000014
92401:0.138629:0.000014
92501:0.139475:0.000014
92601:0.139862:0.000014
92701:0.139249:0.000014
92801:0.140095:0.000014
92901:0.140407:0.000014
93001:0.140742:0.000014
93101:0.140046:0.000014
93201:0.139882:0.000014
93301:0.139350:0.000014
93401:0.139664:0.000014
93501:0.139455:0.000014
93601:0.139378:0.000014
93701:0.140495:0.000014
93801:0.141154:0.000014
93901:0.141929:0.000014
94001:0.141004:0.000014
94101:0.140954:0.000014
94201:0.141163:0.000014
94301:0.140845:0.000014
94401:0.140974:0.000014
94501:0.142494:0.000014
94601:0.141146:0.000014
94701:0.141174:0.000014
94801:0.142283:0.000014
94901:0.141724:0.000014
95001:0.142044:0.000014
95101:0.142231:0.000014
95201:0.143339:0.000014
95301:0.142070:0.000014
95401:0.142679:0.000014
95501:0.142125:0.000014
95601:0.143371:0.000014
95701:0.142854:0.000014
95801:0.143220:0.000014
95901:0.142077:0.000014
96001:0.143248:0.000014
96101:0.143213:0.000014
96201:0.144609:0.000014
96301:0.143797:0.000014
96401:0.142970:0.000014
96501:0.143634:0.000014
96601:0.143957:0.000014
96701:0.145203:0.000015
96801:0.142629:0.000014
96901:0.142933:0.000014
97001:0.145523:0.000015
97101:0.144338:0.000014
97201:0.142538:0.000014
97301:0.143661:0.000014
97401:0.144348:0.000014
97501:0.144363:0.000014
97601:0.143726:0.000014
97701:0.144737:0.000014
97801:0.145108:0.000015
97901:0.144983:0.000014
98001:0.145354:0.000015
98101:0.145222:0.000015
98201:0.145862:0.000015
98301:0.146285:0.000015
98401:0.146075:0.000015
98501:0.147394:0.000015
98601:0.146241:0.000015
98701:0.146129:0.000015
98801:0.149730:0.000015
98901:0.146487:0.000015
99001:0.147993:0.000015
99101:0.146849:0.000015
99201:0.146816:0.000015
99301:0.147448:0.000015
99401:0.146889:0.000015
99501:0.148249:0.000015
99601:0.146302:0.000015
99701:0.149705:0.000015
99801:0.149534:0.000015
99901:0.147623:0.000015
