Compiling  LAB02
 plgrid/tools/binutils/2.34 loaded.
 plgrid/tools/gcc/9.3.0 loaded.
 plgrid/tools/intel/2021.3.0 loaded.
 plgrid/apps/cuda/11.2 loaded.
 plgrid/libs/gdrcopy/2.2-cuda-11.2 loaded.
 plgrid/libs/ucx/1.10.0-cuda-11.2 loaded.
 plgrid/tools/openmpi/4.1.2-intel-2021.3.0 loaded.
 plgrid/tools/cmake/3.22.1 loaded.
-- Configuring done
-- Generating done
-- Build files have been written to: /net/people/plggkulinski/MPR/MPR-Labs
Consolidate compiler generated dependencies of target LAB02
[100%] Built target LAB02
Starting  LAB02
#testing:t= 0 :n= 2500000000 :s= LAB02
12:9.614923:3.221225e-01
11:10.117065:2.952790e-01
10:10.742745:2.684355e-01
9:11.911978:2.415919e-01
8:13.487306:2.147484e-01
7:16.474910:1.879048e-01
6:17.973773:1.610613e-01
5:21.576860:1.342177e-01
4:26.953650:1.073742e-01
3:35.914183:8.053064e-02
2:53.570200:5.368709e-02
1:104.541400:2.684355e-02
#testing:t= 1 :n= 2500000000 :s= LAB02
12:9.034071:3.221225e-01
11:10.545461:2.952790e-01
10:11.629203:2.684355e-01
9:11.996056:2.415919e-01
8:16.688820:2.147484e-01
7:15.418373:1.879048e-01
6:17.979105:1.610613e-01
5:22.341662:1.342177e-01
4:26.948746:1.073742e-01
3:35.969692:8.053064e-02
2:53.377770:5.368709e-02
1:104.799042:2.684355e-02
#testing:t= 2 :n= 2500000000 :s= LAB02
12:9.085848:3.221225e-01
11:9.821928:2.952790e-01
10:10.753115:2.684355e-01
9:12.400940:2.415919e-01
8:13.548420:2.147484e-01
7:15.429888:1.879048e-01
6:17.995053:1.610613e-01
5:21.731137:1.342177e-01
4:26.962373:1.073742e-01
3:35.971686:8.053064e-02
2:53.584644:5.368709e-02
1:104.363469:2.684355e-02
#testing:t= 3 :n= 2500000000 :s= LAB02
12:9.248013:3.221225e-01
11:10.101710:2.952790e-01
10:10.710279:2.684355e-01
9:11.955640:2.415919e-01
8:13.457972:2.147484e-01
7:15.427930:1.879048e-01
6:19.349247:1.610613e-01
5:21.648769:1.342177e-01
4:26.969609:1.073742e-01
3:35.948617:8.053064e-02
2:53.651252:5.368709e-02
1:103.588067:2.684355e-02
#testing:t= 4 :n= 2500000000 :s= LAB02
12:8.988317:3.221225e-01
11:9.753258:2.952790e-01
10:10.721991:2.684355e-01
9:11.924219:2.415919e-01
8:13.514874:2.147484e-01
7:15.489400:1.879048e-01
6:18.097557:1.610613e-01
5:21.594697:1.342177e-01
4:26.985873:1.073742e-01
3:38.370763:8.053064e-02
2:53.614125:5.368709e-02
1:110.553972:2.684355e-02
#testing:t= 5 :n= 2500000000 :s= LAB02
12:8.995962:3.221225e-01
11:9.810804:2.952790e-01
10:10.850193:2.684355e-01
9:12.047640:2.415919e-01
8:13.521860:2.147484e-01
7:15.445289:1.879048e-01
6:18.007928:1.610613e-01
5:21.612030:1.342177e-01
4:27.071493:1.073742e-01
3:35.959459:8.053064e-02
2:53.730599:5.368709e-02
1:105.068572:2.684355e-02
#testing:t= 6 :n= 2500000000 :s= LAB02
12:9.039133:3.221225e-01
11:9.829274:2.952790e-01
10:10.814226:2.684355e-01
9:12.044264:2.415919e-01
8:13.510398:2.147484e-01
7:15.452968:1.879048e-01
6:18.656303:1.610613e-01
5:22.987208:1.342177e-01
4:26.996173:1.073742e-01
3:35.917186:8.053064e-02
2:53.636672:5.368709e-02
1:105.238650:2.684355e-02
#testing:t= 7 :n= 2500000000 :s= LAB02
12:10.146149:3.221225e-01
11:9.861892:2.952790e-01
10:10.892203:2.684355e-01
9:12.039857:2.415919e-01
8:14.837382:2.147484e-01
7:16.592117:1.879048e-01
6:18.017894:1.610613e-01
5:21.646547:1.342177e-01
4:26.985885:1.073742e-01
3:35.965816:8.053064e-02
2:53.658434:5.368709e-02
1:104.620814:2.684355e-02
#testing:t= 8 :n= 2500000000 :s= LAB02
12:9.722409:3.221225e-01
11:9.635002:2.952790e-01
10:10.506336:2.684355e-01
9:11.677028:2.415919e-01
8:13.142209:2.147484e-01
7:19.507239:1.879048e-01
6:17.502244:1.610613e-01
5:21.004908:1.342177e-01
4:25.811685:1.073742e-01
3:33.250626:8.053064e-02
2:47.400954:5.368709e-02
1:92.379684:2.684355e-02
#testing:t= 9 :n= 2500000000 :s= LAB02
12:9.362464:3.221225e-01
11:9.570591:2.952790e-01
10:10.506828:2.684355e-01
9:12.119129:2.415919e-01
8:13.163202:2.147484e-01
7:15.016252:1.879048e-01
6:17.497665:1.610613e-01
5:21.019805:1.342177e-01
4:25.769847:1.073742e-01
3:33.346304:8.053064e-02
2:52.131922:5.368709e-02
1:92.349960:2.684355e-02
#testing:t= 10 :n= 2500000000 :s= LAB02
12:8.796526:3.221225e-01
11:10.220959:2.952790e-01
10:10.584325:2.684355e-01
9:12.871946:2.415919e-01
8:13.136213:2.147484e-01
7:16.538756:1.879048e-01
6:17.501163:1.610613e-01
5:21.003231:1.342177e-01
4:26.694050:1.073742e-01
3:35.534221:8.053064e-02