Compiling  LAB01
-- Configuring done
-- Generating done
-- Build files have been written to: /home/students/k/u/kulinski/repos/MPR-Labs
Consolidate compiler generated dependencies of target LAB01
[100%] Built target LAB01
Starting  LAB01
#testing:v= 0
1:0.028064:0.000028
11:0.016052:0.000016
21:0.025496:0.000025
31:0.026585:0.000027
41:0.025972:0.000026
51:0.034008:0.000034
61:0.025279:0.000025
71:0.025397:0.000025
81:0.026040:0.000026
91:0.025809:0.000026
101:0.025851:0.000026
111:0.025421:0.000025
121:0.025427:0.000025
131:0.026098:0.000026
141:0.025419:0.000025
151:0.024938:0.000025
161:0.026291:0.000026
171:0.025479:0.000025
181:0.024901:0.000025
191:0.025234:0.000025
201:0.026144:0.000026
211:0.025795:0.000026
221:0.024626:0.000025
231:0.025310:0.000025
241:0.025220:0.000025
251:0.024840:0.000025
261:0.025350:0.000025
271:0.024668:0.000025
281:0.024315:0.000024
291:0.024903:0.000025
301:0.024837:0.000025
311:0.025305:0.000025
321:0.025277:0.000025
331:0.025989:0.000026
341:0.025189:0.000025
351:0.026366:0.000026
361:0.022108:0.000022
371:0.024246:0.000024
381:0.025389:0.000025
391:0.024897:0.000025
401:0.024963:0.000025
411:0.025153:0.000025
421:0.025144:0.000025
431:0.024245:0.000024
441:0.024481:0.000024
451:0.025258:0.000025
461:0.025865:0.000026
471:0.011756:0.000012
481:0.025028:0.000025
491:0.025358:0.000025
501:0.025088:0.000025
511:0.025433:0.000025
521:0.024001:0.000024
531:0.025058:0.000025
541:0.025452:0.000025
551:0.025762:0.000026
561:0.017682:0.000018
571:0.012194:0.000012
581:0.020097:0.000020
591:0.020942:0.000021
601:0.020812:0.000021
611:0.018016:0.000018
621:0.016716:0.000017
631:0.015620:0.000016
641:0.017086:0.000017
651:0.017687:0.000018
661:0.018837:0.000019
671:0.018231:0.000018
681:0.016870:0.000017
691:0.019557:0.000020
701:0.014902:0.000015
711:0.015129:0.000015
721:0.015154:0.000015
731:0.017475:0.000017
741:0.021104:0.000021
751:0.018614:0.000019
761:0.014276:0.000014
771:0.015571:0.000016
781:0.014861:0.000015
791:0.017169:0.000017
801:0.014969:0.000015
811:0.016609:0.000017
821:0.015630:0.000016
831:0.023205:0.000023
841:0.013410:0.000013
851:0.020165:0.000020
861:0.014134:0.000014
871:0.005369:0.000005
881:0.015097:0.000015
891:0.016322:0.000016
901:0.015938:0.000016
911:0.014261:0.000014
921:0.018262:0.000018
931:0.018240:0.000018
941:0.017983:0.000018
951:0.014797:0.000015
961:0.015628:0.000016
971:0.016682:0.000017
981:0.012062:0.000012
991:0.011440:0.000011
1001:0.012372:0.000012
1011:0.011435:0.000011
1021:0.011731:0.000012
1031:0.012419:0.000012
1041:0.013019:0.000013
1051:0.011607:0.000012
1061:0.012334:0.000012
1071:0.012391:0.000012
1081:0.011543:0.000012
1091:0.011929:0.000012
1101:0.011843:0.000012
1111:0.011454:0.000011
1121:0.012233:0.000012
1131:0.011831:0.000012
1141:0.012958:0.000013
1151:0.013606:0.000014
1161:0.013609:0.000014
1171:0.012165:0.000012
1181:0.012070:0.000012
1191:0.014088:0.000014
1201:0.013141:0.000013
1211:0.012680:0.000013
1221:0.012774:0.000013
1231:0.012782:0.000013
1241:0.012511:0.000013
1251:0.013928:0.000014
1261:0.013686:0.000014
1271:0.012706:0.000013
1281:0.013815:0.000014
1291:0.013759:0.000014
1301:0.013743:0.000014
1311:0.012704:0.000013
1321:0.012957:0.000013
1331:0.013324:0.000013
1341:0.012727:0.000013
1351:0.015089:0.000015
1361:0.013325:0.000013
1371:0.013802:0.000014
1381:0.014233:0.000014
1391:0.014461:0.000014
1401:0.009808:0.000010
1411:0.012036:0.000012
1421:0.012159:0.000012
1431:0.012696:0.000013
1441:0.013733:0.000014
1451:0.011297:0.000011
1461:0.013321:0.000013
1471:0.013560:0.000014
1481:0.011582:0.000012
1491:0.012395:0.000012
1501:0.013129:0.000013
1511:0.013077:0.000013
1521:0.011949:0.000012
1531:0.012291:0.000012
1541:0.012958:0.000013
1551:0.012951:0.000013
1561:0.012435:0.000012
1571:0.012898:0.000013
1581:0.012013:0.000012
1591:0.013465:0.000013
1601:0.013876:0.000014
1611:0.014270:0.000014
1621:0.012990:0.000013
1631:0.012766:0.000013
1641:0.014354:0.000014
1651:0.014192:0.000014
1661:0.013126:0.000013
1671:0.013180:0.000013
1681:0.014068:0.000014
1691:0.014945:0.000015
1701:0.012700:0.000013
1711:0.013366:0.000013
1721:0.012817:0.000013
1731:0.014701:0.000015
1741:0.012684:0.000013
1751:0.013361:0.000013
1761:0.014359:0.000014
1771:0.014228:0.000014
1781:0.013948:0.000014
1791:0.013301:0.000013
1801:0.013824:0.000014
1811:0.014516:0.000015
1821:0.013388:0.000013
1831:0.013676:0.000014
1841:0.015421:0.000015
1851:0.014402:0.000014
1861:0.013650:0.000014
1871:0.013330:0.000013
1881:0.015264:0.000015
1891:0.014334:0.000014
1901:0.013757:0.000014
1911:0.014326:0.000014
1921:0.013603:0.000014
1931:0.013519:0.000014
1941:0.013416:0.000013
1951:0.014672:0.000015
1961:0.014806:0.000015
1971:0.014583:0.000015
1981:0.014500:0.000014
1991:0.014880:0.000015
2001:0.015093:0.000015
2011:0.014728:0.000015
2021:0.014404:0.000014
2031:0.014458:0.000014
2041:0.014115:0.000014
2051:0.015360:0.000015
2061:0.014714:0.000015
2071:0.015515:0.000016
2081:0.015219:0.000015
2091:0.016390:0.000016
2101:0.015457:0.000015
2111:0.021009:0.000021
2121:0.015477:0.000015
2131:0.017116:0.000017
2141:0.016131:0.000016
2151:0.016414:0.000016
2161:0.015192:0.000015
2171:0.015603:0.000016
2181:0.014846:0.000015
2191:0.015224:0.000015
2201:0.015523:0.000016
2211:0.016418:0.000016
2221:0.015479:0.000015
2231:0.016124:0.000016
2241:0.017609:0.000018
2251:0.016485:0.000016
2261:0.015609:0.000016
2271:0.015531:0.000016
2281:0.016766:0.000017
2291:0.016046:0.000016
2301:0.016167:0.000016
2311:0.014772:0.000015
2321:0.016464:0.000016
2331:0.016007:0.000016
2341:0.015928:0.000016
2351:0.015876:0.000016
2361:0.015640:0.000016
2371:0.017113:0.000017
2381:0.015951:0.000016
2391:0.016472:0.000016
2401:0.016843:0.000017
2411:0.016841:0.000017
2421:0.016490:0.000016
2431:0.016043:0.000016
2441:0.016753:0.000017
2451:0.016925:0.000017
2461:0.016363:0.000016
2471:0.016361:0.000016
2481:0.016990:0.000017
2491:0.016900:0.000017
2501:0.016812:0.000017
2511:0.016258:0.000016
2521:0.016749:0.000017
2531:0.023281:0.000023
2541:0.017300:0.000017
2551:0.017122:0.000017
2561:0.017198:0.000017
2571:0.017497:0.000017
2581:0.016785:0.000017
2591:0.016588:0.000017
2601:0.017855:0.000018
2611:0.017025:0.000017
2621:0.017689:0.000018
2631:0.017518:0.000018
2641:0.017040:0.000017
2651:0.017689:0.000018
2661:0.017014:0.000017
2671:0.016994:0.000017
2681:0.017191:0.000017
2691:0.016057:0.000016
2701:0.017138:0.000017
2711:0.015726:0.000016
2721:0.017267:0.000017
2731:0.017431:0.000017
2741:0.018135:0.000018
2751:0.017013:0.000017
2761:0.018064:0.000018
2771:0.017853:0.000018
2781:0.017857:0.000018
2791:0.017808:0.000018
2801:0.017885:0.000018
2811:0.017978:0.000018
2821:0.018582:0.000019
2831:0.018034:0.000018
2841:0.017956:0.000018
2851:0.017801:0.000018
2861:0.017801:0.000018
2871:0.016263:0.000016
2881:0.017060:0.000017
2891:0.017815:0.000018
2901:0.017792:0.000018
2911:0.018487:0.000018
2921:0.018214:0.000018
2931:0.018345:0.000018
2941:0.017914:0.000018
2951:0.045895:0.000046
2961:0.017867:0.000018
2971:0.018010:0.000018
2981:0.018914:0.000019
2991:0.017332:0.000017
3001:0.018146:0.000018
3011:0.018384:0.000018
3021:0.018210:0.000018
3031:0.018061:0.000018
3041:0.018461:0.000018
3051:0.017827:0.000018
3061:0.018379:0.000018
3071:0.018933:0.000019
3081:0.018073:0.000018
3091:0.017902:0.000018
3101:0.018708:0.000019
3111:0.018480:0.000018
3121:0.018679:0.000019
3131:0.018684:0.000019
3141:0.018122:0.000018
3151:0.019117:0.000019
3161:0.018349:0.000018
3171:0.019193:0.000019
3181:0.018478:0.000018
3191:0.018865:0.000019
3201:0.019142:0.000019
3211:0.018646:0.000019
3221:0.018389:0.000018
3231:0.018667:0.000019
3241:0.018761:0.000019
3251:0.018828:0.000019
3261:0.019734:0.000020
3271:0.018510:0.000019
3281:0.019202:0.000019
3291:0.019759:0.000020
3301:0.018520:0.000019
3311:0.018627:0.000019
3321:0.019014:0.000019
3331:0.019638:0.000020
3341:0.018817:0.000019
3351:0.020102:0.000020
3361:0.023192:0.000023
3371:0.019136:0.000019
3381:0.019654:0.000020
3391:0.019560:0.000020
3401:0.019326:0.000019
3411:0.020039:0.000020
3421:0.019139:0.000019
3431:0.020785:0.000021
3441:0.019814:0.000020
3451:0.019789:0.000020
3461:0.018949:0.000019
3471:0.019634:0.000020
3481:0.019387:0.000019
3491:0.020020:0.000020
3501:0.020206:0.000020
3511:0.019265:0.000019
3521:0.019844:0.000020
3531:0.019971:0.000020
3541:0.019015:0.000019
3551:0.019334:0.000019
3561:0.019874:0.000020
3571:0.020097:0.000020
3581:0.019291:0.000019
3591:0.020592:0.000021
3601:0.018799:0.000019
3611:0.020194:0.000020
3621:0.020370:0.000020
3631:0.020172:0.000020
3641:0.019920:0.000020
3651:0.020252:0.000020
3661:0.020674:0.000021
3671:0.020001:0.000020
3681:0.020445:0.000020
3691:0.020221:0.000020
3701:0.019630:0.000020
3711:0.019831:0.000020
3721:0.019985:0.000020
3731:0.019953:0.000020
3741:0.019667:0.000020
3751:0.019646:0.000020
3761:0.019211:0.000019
3771:0.020025:0.000020
3781:0.019028:0.000019
3791:0.019630:0.000020
3801:0.020525:0.000021
3811:0.019406:0.000019
3821:0.023050:0.000023
3831:0.020045:0.000020
3841:0.020058:0.000020
3851:0.020063:0.000020
3861:0.019752:0.000020
3871:0.018942:0.000019
3881:0.020505:0.000021
3891:0.019639:0.000020
3901:0.020415:0.000020
3911:0.019750:0.000020
3921:0.020847:0.000021
3931:0.019864:0.000020
3941:0.020670:0.000021
3951:0.020129:0.000020
3961:0.020243:0.000020
3971:0.021122:0.000021
3981:0.020139:0.000020
3991:0.020590:0.000021
4001:0.021032:0.000021
4011:0.020612:0.000021
4021:0.020366:0.000020
4031:0.021354:0.000021
4041:0.020713:0.000021
4051:0.020065:0.000020
4061:0.020966:0.000021
4071:0.021037:0.000021
4081:0.021262:0.000021
4091:0.020980:0.000021
4101:0.020879:0.000021
4111:0.020161:0.000020
4121:0.021162:0.000021
4131:0.024468:0.000024
4141:0.021413:0.000021
4151:0.020438:0.000020
4161:0.036495:0.000036
4171:0.021559:0.000022
4181:0.042688:0.000043
4191:0.022583:0.000023
4201:0.020900:0.000021
4211:0.020917:0.000021
4221:0.021080:0.000021
4231:0.020888:0.000021
4241:0.021412:0.000021
4251:0.020963:0.000021
4261:0.020904:0.000021
4271:0.021125:0.000021
4281:0.021549:0.000022
4291:0.022049:0.000022
4301:0.019964:0.000020
4311:0.020962:0.000021
4321:0.020895:0.000021
4331:0.020350:0.000020
4341:0.021043:0.000021
4351:0.021506:0.000022
4361:0.020580:0.000021
4371:0.021540:0.000022
4381:0.021215:0.000021
4391:0.020950:0.000021
4401:0.021758:0.000022
4411:0.021150:0.000021
4421:0.021230:0.000021
4431:0.021105:0.000021
4441:0.021934:0.000022
4451:0.021067:0.000021
4461:0.021113:0.000021
4471:0.021781:0.000022
4481:0.021931:0.000022
4491:0.021185:0.000021
4501:0.022402:0.000022
4511:0.020571:0.000021
4521:0.021183:0.000021
4531:0.024100:0.000024
4541:0.021191:0.000021
4551:0.021053:0.000021
4561:0.021103:0.000021
4571:0.021832:0.000022
4581:0.021330:0.000021
4591:0.087578:0.000088
4601:0.043861:0.000044
4611:0.033000:0.000033
4621:0.032822:0.000033
4631:0.056348:0.000056
4641:0.035074:0.000035
4651:0.097643:0.000098
4661:0.021512:0.000022
4671:0.022906:0.000023
4681:0.023152:0.000023
4691:0.023004:0.000023
4701:0.021927:0.000022
4711:0.022112:0.000022
4721:0.021543:0.000022
4731:0.021314:0.000021
4741:0.021563:0.000022
4751:0.023176:0.000023
4761:0.021750:0.000022
4771:0.023490:0.000023
4781:0.021927:0.000022
4791:0.023364:0.000023
4801:0.021469:0.000021
4811:0.023013:0.000023
4821:0.021851:0.000022
4831:0.022080:0.000022
4841:0.022749:0.000023
4851:0.022824:0.000023
4861:0.022522:0.000023
4871:0.023792:0.000024
4881:0.022249:0.000022
4891:0.024190:0.000024
4901:0.022943:0.000023
4911:0.028595:0.000029
4921:0.022241:0.000022
4931:0.022086:0.000022
4941:0.022238:0.000022
4951:0.022661:0.000023
4961:0.023462:0.000023
4971:0.022787:0.000023
4981:0.022269:0.000022
4991:0.022688:0.000023
5001:0.022568:0.000023
5011:0.023108:0.000023
5021:0.024141:0.000024
5031:0.022319:0.000022
5041:0.023958:0.000024
5051:0.022710:0.000023
5061:0.023394:0.000023
5071:0.023438:0.000023
5081:0.022164:0.000022
5091:0.024050:0.000024
5101:0.023037:0.000023
5111:0.023086:0.000023
5121:0.024424:0.000024
5131:0.022825:0.000023
5141:0.023438:0.000023
5151:0.021884:0.000022
5161:0.022916:0.000023
5171:0.023798:0.000024
5181:0.024219:0.000024
5191:0.023377:0.000023
5201:0.024919:0.000025
5211:0.022807:0.000023
5221:0.024807:0.000025
5231:0.023932:0.000024
5241:0.023361:0.000023
5251:0.023116:0.000023
5261:0.023715:0.000024
5271:0.023924:0.000024
5281:0.024219:0.000024
5291:0.024270:0.000024
5301:0.026080:0.000026
5311:0.026340:0.000026
5321:0.025692:0.000026
5331:0.024899:0.000025
5341:0.025195:0.000025
5351:0.024129:0.000024
5361:0.026300:0.000026
5371:0.024919:0.000025
5381:0.028935:0.000029
5391:0.025438:0.000025
5401:0.024516:0.000025
5411:0.024948:0.000025
5421:0.026526:0.000027
5431:0.024979:0.000025
5441:0.024526:0.000025
5451:0.024954:0.000025
5461:0.025343:0.000025
5471:0.024766:0.000025
5481:0.025693:0.000026
5491:0.024733:0.000025
5501:0.025049:0.000025
5511:0.024716:0.000025
5521:0.024397:0.000024
5531:0.023889:0.000024
5541:0.024794:0.000025
5551:0.024769:0.000025
5561:0.024821:0.000025
5571:0.025265:0.000025
5581:0.025134:0.000025
5591:0.025493:0.000025
5601:0.024006:0.000024
5611:0.024072:0.000024
5621:0.025357:0.000025
5631:0.024174:0.000024
5641:0.024136:0.000024
5651:0.024074:0.000024
5661:0.024990:0.000025
5671:0.025058:0.000025
5681:0.025187:0.000025
5691:0.025373:0.000025
5701:0.026191:0.000026
5711:0.025337:0.000025
5721:0.024628:0.000025
5731:0.027789:0.000028
5741:0.025295:0.000025
5751:0.025333:0.000025
5761:0.025138:0.000025
5771:0.025125:0.000025
5781:0.024529:0.000025
5791:0.024662:0.000025
5801:0.025594:0.000026
5811:0.025225:0.000025
5821:0.025085:0.000025
5831:0.024440:0.000024
5841:0.025947:0.000026
