Compiling  LAB01
-- Configuring done
-- Generating done
-- Build files have been written to: /home/students/k/u/kulinski/repos/MPR-Labs
Consolidate compiler generated dependencies of target LAB01
[100%] Built target LAB01
Starting  LAB01
#testing:v= 0
1:0.002792:0.000000
2:0.002801:0.000000
4:0.002751:0.000000
8:0.002730:0.000000
16:0.002974:0.000000
32:0.002978:0.000000
64:0.003058:0.000000
128:0.003169:0.000000
256:0.003238:0.000000
512:0.003356:0.000000
1024:0.003820:0.000000
2048:0.004526:0.000000
4096:0.006108:0.000001
8192:0.008600:0.000001
16384:0.019918:0.000002
32768:0.039218:0.000004
65536:0.109992:0.000011
131072:0.183670:0.000018
262144:0.360994:0.000036
524288:0.669446:0.000067
1048576:1.318699:0.000132
2097152:2.569794:0.000257
4194304:5.128947:0.000513
8388608:9.331448:0.000933
#testing:v= 1
1:0.005176:0.000001
2:0.005356:0.000001
4:0.005145:0.000001
8:0.005395:0.000001
16:0.005391:0.000001
32:0.005201:0.000001
64:0.005908:0.000001
128:0.005786:0.000001
256:0.006440:0.000001
512:0.006810:0.000001
1024:0.007406:0.000001
2048:0.009381:0.000001
4096:0.012640:0.000001
8192:0.019861:0.000002
16384:0.038342:0.000004
32768:0.067876:0.000007
65536:0.107240:0.000011
131072:0.182432:0.000018
262144:0.352419:0.000035
524288:0.670532:0.000067
1048576:1.299089:0.000130
2097152:2.547307:0.000255
4194304:5.122389:0.000512
8388608:10.145581:0.001015
