Compiling  LAB01
-- Configuring done
-- Generating done
-- Build files have been written to: /home/students/k/u/kulinski/repos/MPR-Labs
Consolidate compiler generated dependencies of target LAB01
[100%] Built target LAB01
Starting  LAB01
#testing:v= 0
1:0.037243:0.000004
101:0.078318:0.000008
201:0.106892:0.000011
301:0.165335:0.000017
401:0.167834:0.000017
501:0.239125:0.000024
601:0.242592:0.000024
701:0.455946:0.000046
801:0.467667:0.000047
901:0.342768:0.000034
1001:0.512862:0.000051
1101:0.306674:0.000031
1201:0.488018:0.000049
1301:0.374541:0.000037
1401:0.631007:0.000063
1501:0.539213:0.000054
1601:0.675669:0.000068
1701:0.612676:0.000061
1801:0.612283:0.000061
1901:1.168656:0.000117
2001:0.617563:0.000062
2101:0.588967:0.000059
2201:0.757829:0.000076
2301:1.031312:0.000103
2401:0.512894:0.000051
2501:0.713171:0.000071
2601:1.297379:0.000130
2701:0.719930:0.000072
2801:0.830880:0.000083
2901:1.229589:0.000123
3001:0.805321:0.000081
3101:1.042939:0.000104
3201:0.768083:0.000077
3301:1.184712:0.000118
3401:0.752146:0.000075
3501:1.049273:0.000105
3601:1.273565:0.000127
3701:0.991626:0.000099
3801:1.290113:0.000129
3901:0.903254:0.000090
4001:1.482627:0.000148
4101:0.577196:0.000058
4201:0.988315:0.000099
4301:1.413650:0.000141
4401:0.956590:0.000096
4501:1.504413:0.000150
4601:1.170781:0.000117
4701:1.667540:0.000167
4801:1.662309:0.000166
4901:1.089086:0.000109
5001:1.751536:0.000175
5101:1.392979:0.000139
5201:1.355812:0.000136
5301:1.477926:0.000148
5401:1.316942:0.000132
5501:1.706063:0.000171
5601:1.102801:0.000110
5701:0.662422:0.000066
5801:1.654078:0.000165
5901:1.800597:0.000180
6001:1.080889:0.000108
6101:1.631321:0.000163
6201:1.642597:0.000164
6301:0.953440:0.000095
6401:1.684001:0.000168
6501:1.535634:0.000154
6601:1.407862:0.000141
6701:1.653007:0.000165
6801:1.536945:0.000154
6901:1.561454:0.000156
7001:1.620321:0.000162
7101:1.977252:0.000198
7201:1.581114:0.000158
7301:1.342400:0.000134
7401:1.769146:0.000177
7501:1.650368:0.000165
7601:1.274836:0.000127
7701:1.947088:0.000195
7801:1.948258:0.000195
7901:1.927595:0.000193
8001:2.090515:0.000209
8101:1.179457:0.000118
8201:2.166593:0.000217
8301:2.069108:0.000207
8401:1.375233:0.000138
8501:2.347398:0.000235
8601:2.057503:0.000206
8701:1.294733:0.000129
8801:2.159127:0.000216
8901:2.007401:0.000201
9001:2.345624:0.000235
9101:1.798535:0.000180
9201:1.164562:0.000116
9301:2.153453:0.000215
9401:2.352541:0.000235
9501:1.546361:0.000155
9601:2.114601:0.000211
9701:2.236180:0.000224
9801:2.467440:0.000247
9901:2.306035:0.000231
10001:1.999959:0.000200
10101:2.268408:0.000227
10201:2.192349:0.000219
10301:2.203811:0.000220
10401:2.462475:0.000246
10501:2.029816:0.000203
10601:2.168318:0.000217
10701:2.900935:0.000290
10801:2.496117:0.000250
10901:3.701002:0.000370
11001:2.561373:0.000256
11101:2.975104:0.000298
11201:2.269652:0.000227
11301:2.532350:0.000253
11401:1.951558:0.000195
11501:2.485073:0.000249
11601:3.193145:0.000319
11701:2.785861:0.000279
11801:2.841042:0.000284
11901:2.695742:0.000270
12001:3.409453:0.000341
12101:2.515388:0.000252
12201:2.974005:0.000297
12301:1.893888:0.000189
12401:2.575124:0.000258
12501:2.151058:0.000215
12601:2.975401:0.000298
12701:3.433658:0.000343
12801:2.883835:0.000288
12901:2.403410:0.000240
13001:2.940581:0.000294
13101:2.827512:0.000283
13201:2.748430:0.000275
13301:3.492661:0.000349
13401:2.881948:0.000288
13501:3.687031:0.000369
13601:2.655138:0.000266
13701:2.658386:0.000266
13801:3.659254:0.000366
13901:2.432036:0.000243
14001:2.266831:0.000227
14101:3.498500:0.000350
14201:2.510462:0.000251
14301:3.630840:0.000363
14401:3.330303:0.000333
14501:3.137343:0.000314
14601:3.980266:0.000398
14701:3.281126:0.000328
14801:2.430831:0.000243
14901:3.437540:0.000344
15001:2.281589:0.000228
15101:3.670722:0.000367
15201:2.474782:0.000247
15301:3.659617:0.000366
15401:2.547198:0.000255
15501:4.028725:0.000403
15601:3.439958:0.000344
15701:3.830231:0.000383
15801:3.246403:0.000325
15901:3.239071:0.000324
16001:3.702940:0.000370
16101:3.315702:0.000332
16201:3.340477:0.000334
16301:3.218861:0.000322
16401:3.371398:0.000337
16501:2.942816:0.000294
16601:4.121855:0.000412
16701:3.326843:0.000333
16801:4.067559:0.000407
16901:4.162437:0.000416
17001:3.881931:0.000388
17101:2.951072:0.000295
17201:3.533055:0.000353
17301:3.950022:0.000395
17401:3.498544:0.000350
17501:2.853822:0.000285
17601:3.390361:0.000339
17701:4.086478:0.000409
17801:2.672240:0.000267
17901:4.123522:0.000412
18001:3.364084:0.000336
18101:3.057723:0.000306
18201:3.220381:0.000322
18301:4.103718:0.000410
18401:2.716624:0.000272
18501:3.760692:0.000376
18601:2.436690:0.000244
18701:3.686619:0.000369
18801:2.369976:0.000237
18901:3.458913:0.000346
19001:3.836331:0.000384
19101:3.786309:0.000379
19201:2.544235:0.000254
19301:3.711273:0.000371
19401:2.623446:0.000262
19501:3.183969:0.000318
19601:2.670538:0.000267
19701:2.772427:0.000277
19801:2.899482:0.000290
19901:2.324206:0.000232
20001:2.534868:0.000253
20101:3.112471:0.000311
20201:2.289500:0.000229
20301:2.325650:0.000233
20401:2.466180:0.000247
20501:3.757146:0.000376
20601:2.423454:0.000242
20701:2.487568:0.000249
20801:2.752616:0.000275
20901:2.717430:0.000272
21001:2.522557:0.000252
21101:2.715264:0.000272
21201:2.566850:0.000257
21301:2.495692:0.000250
21401:2.760786:0.000276
21501:2.625295:0.000263
21601:3.068690:0.000307
21701:2.499650:0.000250
21801:2.852162:0.000285
21901:3.815782:0.000382
22001:3.608157:0.000361
22101:3.513295:0.000351
22201:3.635118:0.000364
22301:2.842445:0.000284
22401:3.270871:0.000327
22501:3.559602:0.000356
22601:3.065838:0.000307
22701:3.735072:0.000374
22801:3.698335:0.000370
22901:2.372806:0.000237
23001:3.152258:0.000315
23101:2.767760:0.000277
23201:3.033772:0.000303
23301:2.958468:0.000296
23401:3.131519:0.000313
23501:2.412977:0.000241
23601:2.792378:0.000279
23701:2.777521:0.000278
23801:2.433593:0.000243
23901:2.116539:0.000212
24001:4.334992:0.000433
24101:2.603192:0.000260
24201:2.839303:0.000284
24301:3.380132:0.000338
24401:2.787825:0.000279
24501:3.307043:0.000331
24601:2.440897:0.000244
24701:3.841307:0.000384
24801:3.504174:0.000350
24901:2.803163:0.000280
25001:3.650082:0.000365
25101:2.898737:0.000290
25201:3.560592:0.000356
25301:3.512329:0.000351
25401:3.735688:0.000374
25501:3.993039:0.000399
25601:3.603714:0.000360
25701:3.660148:0.000366
25801:4.089432:0.000409
25901:2.905212:0.000291
26001:3.870001:0.000387
26101:3.356497:0.000336
26201:3.206691:0.000321
26301:3.228733:0.000323
26401:4.499223:0.000450
26501:3.689222:0.000369
26601:3.743038:0.000374
26701:2.963960:0.000296
26801:3.302449:0.000330
26901:2.476520:0.000248
27001:4.070525:0.000407
27101:3.537607:0.000354
27201:3.054061:0.000305
27301:3.165283:0.000317
27401:4.466181:0.000447
27501:3.900028:0.000390
27601:3.502179:0.000350
27701:3.684549:0.000368
27801:3.237162:0.000324
27901:3.883208:0.000388
28001:2.821667:0.000282
28101:3.776189:0.000378
28201:3.386132:0.000339
28301:4.017294:0.000402
28401:3.128217:0.000313
28501:3.857408:0.000386
28601:3.938803:0.000394
28701:2.814124:0.000281
28801:3.579390:0.000358
28901:4.037376:0.000404
29001:3.619837:0.000362
29101:4.102112:0.000410
29201:3.885093:0.000389
29301:2.902660:0.000290
29401:3.936280:0.000394
29501:3.743608:0.000374
29601:4.281764:0.000428
29701:2.950820:0.000295
29801:4.418757:0.000442
29901:3.298833:0.000330
30001:3.963505:0.000396
30101:2.646754:0.000265
30201:3.444462:0.000344
30301:3.040109:0.000304
30401:3.794612:0.000379
30501:3.199136:0.000320
30601:3.251960:0.000325
30701:3.741546:0.000374
30801:3.816087:0.000382
30901:3.528960:0.000353
31001:4.633975:0.000463
31101:3.838964:0.000384
31201:3.226077:0.000323
31301:3.070038:0.000307
31401:2.647176:0.000265
31501:3.791444:0.000379
31601:3.927984:0.000393
31701:4.132237:0.000413
31801:3.760972:0.000376
31901:3.889903:0.000389
32001:4.337896:0.000434
32101:3.304250:0.000330
32201:4.138347:0.000414
32301:3.868347:0.000387
32401:4.157863:0.000416
32501:3.008139:0.000301
32601:3.982385:0.000398
32701:3.377146:0.000338
32801:4.890195:0.000489
32901:4.284837:0.000428
33001:4.368997:0.000437
33101:5.522068:0.000552
33201:4.298815:0.000430
33301:4.479640:0.000448
33401:7.647626:0.000765
33501:7.730488:0.000773
33601:7.704339:0.000770
33701:9.295206:0.000930
33801:7.589468:0.000759
33901:8.296417:0.000830
34001:7.162952:0.000716
34101:8.312076:0.000831
34201:7.637192:0.000764
34301:7.810338:0.000781
34401:7.686631:0.000769
34501:9.335462:0.000934
34601:5.883422:0.000588
34701:9.453479:0.000945
34801:8.472049:0.000847
34901:6.181816:0.000618
35001:3.768963:0.000377
35101:3.934097:0.000393
35201:4.092736:0.000409
35301:4.085675:0.000409
35401:4.443522:0.000444
35501:4.782437:0.000478
35601:4.240234:0.000424
35701:4.659767:0.000466
35801:5.840133:0.000584
35901:3.824479:0.000382
36001:4.160722:0.000416
36101:4.086133:0.000409
36201:4.500325:0.000450
36301:4.078507:0.000408
36401:4.466706:0.000447
36501:2.533341:0.000253
36601:6.381493:0.000638
36701:4.767910:0.000477
36801:5.491949:0.000549
36901:2.816191:0.000282
37001:2.891564:0.000289
37101:4.161772:0.000416
37201:3.831398:0.000383
37301:6.325474:0.000633
37401:4.198317:0.000420
37501:2.565242:0.000257
37601:2.801879:0.000280
37701:2.499169:0.000250
37801:2.779493:0.000278
37901:2.240030:0.000224
38001:2.516758:0.000252
38101:2.495927:0.000250
38201:2.362865:0.000236
38301:2.717886:0.000272
38401:2.687119:0.000269
38501:5.087476:0.000509
38601:2.968717:0.000297
38701:2.457839:0.000246
38801:2.568117:0.000257
38901:2.728296:0.000273
39001:2.608940:0.000261
39101:2.684577:0.000268
39201:2.471110:0.000247
39301:2.776715:0.000278
39401:2.605646:0.000261
39501:2.678554:0.000268
39601:2.620748:0.000262
39701:2.648709:0.000265
39801:2.617145:0.000262
39901:2.663502:0.000266
40001:2.561762:0.000256
40101:2.683799:0.000268
40201:2.587320:0.000259
40301:2.692592:0.000269
40401:2.579730:0.000258
40501:2.864164:0.000286
40601:2.706212:0.000271
40701:2.575468:0.000258
40801:2.607088:0.000261
40901:2.859994:0.000286
41001:2.511325:0.000251
41101:2.707209:0.000271
41201:2.625047:0.000263
41301:2.702174:0.000270
41401:2.641538:0.000264
41501:2.660758:0.000266
41601:2.567572:0.000257
41701:2.782100:0.000278
41801:2.401887:0.000240
41901:2.737101:0.000274
42001:2.655657:0.000266
42101:2.718969:0.000272
42201:2.512488:0.000251
42301:2.668183:0.000267
42401:2.556836:0.000256
42501:2.487393:0.000249
42601:2.322186:0.000232
42701:2.495559:0.000250
42801:2.514075:0.000251
42901:2.666414:0.000267
43001:2.494192:0.000249
43101:2.489679:0.000249
43201:2.633936:0.000263
43301:2.646749:0.000265
43401:2.641729:0.000264
43501:2.860796:0.000286
43601:2.589866:0.000259
43701:2.570861:0.000257
43801:2.593137:0.000259
43901:2.912373:0.000291
44001:2.458144:0.000246
44101:2.689253:0.000269
44201:2.512505:0.000251
44301:2.700054:0.000270
44401:2.630408:0.000263
44501:2.736559:0.000274
44601:2.497432:0.000250
44701:2.514213:0.000251
44801:2.637151:0.000264
44901:2.705969:0.000271
45001:2.513224:0.000251
45101:2.790761:0.000279
45201:2.497544:0.000250
45301:2.655744:0.000266
45401:2.866021:0.000287
45501:2.617916:0.000262
45601:2.572817:0.000257
45701:2.654172:0.000265
45801:2.490208:0.000249
45901:2.646334:0.000265
46001:2.568484:0.000257
46101:2.652314:0.000265
46201:2.507020:0.000251
46301:2.674005:0.000267
46401:2.623376:0.000262
46501:2.676112:0.000268
46601:2.660050:0.000266
46701:2.740504:0.000274
46801:2.538418:0.000254
46901:3.108615:0.000311
47001:2.587467:0.000259
47101:2.778574:0.000278
47201:2.703367:0.000270
47301:2.828961:0.000283
47401:2.595226:0.000260
47501:2.701984:0.000270
47601:2.697346:0.000270
47701:2.706905:0.000271
47801:2.629105:0.000263
47901:2.715886:0.000272
48001:3.986200:0.000399
48101:2.655809:0.000266
48201:2.742104:0.000274
48301:2.825414:0.000283
48401:2.581920:0.000258
48501:2.617697:0.000262
48601:2.913258:0.000291
48701:2.623412:0.000262
48801:2.782199:0.000278
48901:3.152334:0.000315
49001:3.483664:0.000348
49101:2.646391:0.000265
49201:2.663843:0.000266
49301:3.894644:0.000389
49401:2.865431:0.000287
49501:3.879381:0.000388
49601:2.649278:0.000265
49701:3.055128:0.000306
49801:3.880709:0.000388
49901:2.644928:0.000264
50001:2.745506:0.000275
50101:2.676117:0.000268
50201:2.937346:0.000294
50301:7.626837:0.000763
50401:7.621641:0.000762
50501:3.397538:0.000340
50601:5.046779:0.000505
50701:6.536750:0.000654
50801:6.159843:0.000616
50901:4.087229:0.000409
51001:2.667579:0.000267
51101:2.737681:0.000274
51201:3.905642:0.000391
51301:2.719762:0.000272
51401:2.773192:0.000277
51501:3.987864:0.000399
51601:2.680789:0.000268
51701:3.177379:0.000318
51801:3.630776:0.000363
51901:3.828628:0.000383
52001:2.708297:0.000271
52101:3.743307:0.000374
52201:2.817846:0.000282
52301:4.011604:0.000401
52401:2.772844:0.000277
52501:3.970513:0.000397
52601:2.782081:0.000278
52701:4.068659:0.000407
52801:5.802690:0.000580
52901:3.147196:0.000315
53001:2.907887:0.000291
53101:3.845436:0.000385
53201:2.763307:0.000276
53301:4.044379:0.000404
53401:3.005748:0.000301
53501:4.012022:0.000401
53601:2.769586:0.000277
53701:2.858894:0.000286
53801:4.016834:0.000402
53901:4.173432:0.000417
54001:2.876186:0.000288
54101:4.054423:0.000405
54201:3.060561:0.000306
54301:4.004617:0.000400
54401:2.774057:0.000277
54501:4.043409:0.000404
54601:2.843610:0.000284
54701:4.099560:0.000410
54801:2.762337:0.000276
54901:4.044908:0.000404
55001:2.874587:0.000287
55101:4.325799:0.000433
55201:4.069213:0.000407
55301:2.951534:0.000295
55401:4.122445:0.000412
55501:2.774145:0.000277
55601:4.075899:0.000408
55701:2.890867:0.000289
55801:4.043086:0.000404
55901:2.841387:0.000284
56001:4.114081:0.000411
56101:2.816909:0.000282
56201:4.139190:0.000414
56301:3.312210:0.000331
56401:3.633649:0.000363
56501:4.184177:0.000418
56601:3.802292:0.000380
56701:3.111744:0.000311
56801:3.837057:0.000384
56901:3.419767:0.000342
57001:4.790073:0.000479
57101:3.383441:0.000338
57201:4.153775:0.000415
57301:4.294681:0.000429
57401:4.176625:0.000418
57501:4.143094:0.000414
57601:3.029408:0.000303
57701:4.003091:0.000400
57801:4.366876:0.000437
57901:3.054313:0.000305
58001:4.266745:0.000427
58101:4.212632:0.000421
58201:4.103354:0.000410
58301:3.297184:0.000330
58401:4.288246:0.000429
58501:4.288089:0.000429
58601:4.319343:0.000432
58701:4.429950:0.000443
58801:4.115726:0.000412
58901:3.968598:0.000397
59001:4.028215:0.000403
59101:4.074903:0.000407
59201:4.048481:0.000405
59301:4.047656:0.000405
59401:3.347000:0.000335
59501:4.406548:0.000441
59601:4.227239:0.000423
59701:4.330780:0.000433
59801:4.087388:0.000409
59901:4.452264:0.000445
60001:3.196998:0.000320
60101:4.223185:0.000422
60201:3.590487:0.000359
60301:3.566114:0.000357
60401:4.771990:0.000477
60501:3.167666:0.000317
60601:4.802371:0.000480
60701:3.394130:0.000339
60801:5.323985:0.000532
60901:4.211444:0.000421
61001:4.229334:0.000423
61101:4.101592:0.000410
61201:4.110098:0.000411
61301:4.252031:0.000425
61401:4.110528:0.000411
61501:4.071412:0.000407
61601:5.419392:0.000542
61701:4.391331:0.000439
61801:4.429425:0.000443
61901:4.185982:0.000419
62001:5.380462:0.000538
62101:4.190536:0.000419
62201:3.959145:0.000396
62301:4.223814:0.000422
62401:5.305100:0.000531
62501:4.561024:0.000456
62601:4.263129:0.000426
62701:4.230165:0.000423
62801:5.368311:0.000537
62901:2.996263:0.000300
63001:5.457358:0.000546
63101:4.297842:0.000430
63201:5.143486:0.000514
63301:4.158876:0.000416
63401:4.343961:0.000434
63501:6.677074:0.000668
63601:4.681553:0.000468
63701:4.382075:0.000438
63801:4.389890:0.000439
63901:4.325638:0.000433
64001:4.074620:0.000407
64101:5.427036:0.000543
64201:4.453138:0.000445
64301:4.458775:0.000446
64401:4.278460:0.000428
64501:5.163077:0.000516
64601:4.440490:0.000444
64701:5.635728:0.000564
64801:5.797335:0.000580
64901:5.838891:0.000584
65001:5.301877:0.000530
65101:4.413371:0.000441
65201:4.308578:0.000431
65301:5.368140:0.000537
65401:4.815154:0.000482
65501:5.511267:0.000551
65601:4.610222:0.000461
65701:4.222934:0.000422
65801:5.404057:0.000540
65901:4.490398:0.000449
66001:4.604277:0.000460
66101:4.366909:0.000437
66201:5.403587:0.000540
66301:5.081778:0.000508
66401:5.353899:0.000535
66501:5.530255:0.000553
66601:4.519150:0.000452
66701:4.393525:0.000439
66801:4.341499:0.000434
66901:5.294920:0.000529
67001:5.496310:0.000550
67101:5.541827:0.000554
67201:4.435485:0.000444
67301:5.507279:0.000551
67401:4.443698:0.000444
67501:5.430692:0.000543
67601:4.541413:0.000454
67701:5.903822:0.000590
67801:4.511189:0.000451
67901:5.853165:0.000585
68001:4.483554:0.000448
68101:5.487758:0.000549
68201:4.509861:0.000451
68301:5.473173:0.000547
68401:4.498815:0.000450
68501:5.896460:0.000590
68601:5.673698:0.000567
68701:4.492496:0.000449
68801:5.443395:0.000544
68901:4.964653:0.000496
69001:4.501509:0.000450
69101:5.575544:0.000558
69201:4.531165:0.000453
69301:5.128683:0.000513
69401:6.216411:0.000622
69501:6.110497:0.000611
69601:6.125914:0.000613
69701:6.143132:0.000614
69801:4.386047:0.000439
69901:5.571172:0.000557
70001:4.542363:0.000454
70101:5.393692:0.000539
70201:6.248332:0.000625
70301:4.574463:0.000457
70401:4.200128:0.000420
70501:4.664759:0.000466
70601:5.621788:0.000562
70701:4.503535:0.000450
70801:5.949898:0.000595
70901:5.269791:0.000527
71001:6.215718:0.000622
71101:4.789277:0.000479
71201:4.417320:0.000442
71301:5.472304:0.000547
71401:2.616465:0.000262
71501:2.989896:0.000299
71601:4.767745:0.000477
71701:4.598149:0.000460
71801:5.543195:0.000554
71901:4.654541:0.000465
72001:4.569827:0.000457
72101:6.836377:0.000684
72201:4.614177:0.000461
72301:5.958098:0.000596
72401:5.124075:0.000512
72501:5.413060:0.000541
72601:5.672286:0.000567
72701:6.515466:0.000652
72801:5.321039:0.000532
72901:8.525825:0.000853
73001:4.769766:0.000477
73101:5.203547:0.000520
73201:6.117790:0.000612
73301:4.411593:0.000441
73401:4.569924:0.000457
73501:5.311692:0.000531
73601:6.211336:0.000621
73701:4.413849:0.000441
73801:4.658118:0.000466
73901:5.594569:0.000559
74001:4.480075:0.000448
74101:5.840563:0.000584
74201:6.308093:0.000631
74301:5.895900:0.000590
74401:4.337729:0.000434
74501:4.465044:0.000447
74601:2.604335:0.000260
74701:7.016854:0.000702
74801:5.506690:0.000551
74901:6.042373:0.000604
75001:6.201616:0.000620
75101:6.084037:0.000608
75201:4.595184:0.000460
75301:6.089020:0.000609
75401:4.755519:0.000476
75501:4.218172:0.000422
75601:5.804933:0.000580
75701:4.103650:0.000410
75801:5.763419:0.000576
75901:4.260976:0.000426
76001:5.627740:0.000563
76101:6.704865:0.000670
76201:4.489407:0.000449
76301:5.919076:0.000592
76401:5.533886:0.000553
76501:6.187094:0.000619
76601:6.349614:0.000635
76701:5.118815:0.000512
76801:4.452456:0.000445
76901:6.006759:0.000601
77001:5.655852:0.000566
77101:4.674723:0.000467
77201:5.872035:0.000587
77301:3.892782:0.000389
77401:5.988537:0.000599
77501:5.071461:0.000507
77601:6.103233:0.000610
77701:4.830880:0.000483
77801:7.840072:0.000784
77901:5.955989:0.000596
78001:5.209013:0.000521
78101:6.702321:0.000670
78201:6.546450:0.000655
78301:5.855437:0.000586
78401:6.871645:0.000687
78501:7.907557:0.000791
78601:4.855582:0.000486
78701:5.726406:0.000573
78801:5.579094:0.000558
78901:4.354072:0.000435
79001:4.599856:0.000460
79101:6.156531:0.000616
79201:4.720029:0.000472
79301:4.348918:0.000435
79401:5.895054:0.000590
79501:4.294266:0.000429
79601:3.998749:0.000400
79701:5.351262:0.000535
79801:4.955081:0.000496
79901:5.612582:0.000561
80001:5.849691:0.000585
80101:5.544198:0.000554
80201:4.413382:0.000441
80301:6.225513:0.000623
80401:6.433085:0.000643
80501:5.323683:0.000532
80601:4.272265:0.000427
80701:5.948174:0.000595
80801:4.724187:0.000472
80901:4.799242:0.000480
81001:4.637484:0.000464
81101:4.835043:0.000484
81201:5.160013:0.000516
81301:2.652716:0.000265
81401:4.017510:0.000402
81501:6.197029:0.000620
81601:8.002252:0.000800
81701:7.586027:0.000759
81801:6.089183:0.000609
81901:4.628108:0.000463
82001:5.068743:0.000507
82101:6.095118:0.000610
82201:5.050935:0.000505
82301:4.734889:0.000473
82401:4.351817:0.000435
82501:4.750964:0.000475
82601:4.434043:0.000443
82701:5.413625:0.000541
82801:3.034883:0.000303
82901:4.041483:0.000404
83001:4.133476:0.000413
83101:4.342424:0.000434
83201:6.192640:0.000619
83301:5.332303:0.000533
83401:5.610624:0.000561
83501:4.739750:0.000474
83601:2.590044:0.000259
83701:4.050698:0.000405
83801:4.357878:0.000436
83901:4.959799:0.000496
84001:4.666597:0.000467
84101:4.023220:0.000402
84201:5.598776:0.000560
84301:4.805288:0.000481
84401:4.760247:0.000476
84501:4.305481:0.000431
84601:4.521107:0.000452
84701:5.191640:0.000519
84801:4.407232:0.000441
84901:4.867974:0.000487
85001:4.220577:0.000422
85101:3.911668:0.000391
85201:2.681861:0.000268
85301:4.086250:0.000409
85401:5.295472:0.000530
85501:2.488688:0.000249
85601:2.585462:0.000259
85701:4.185111:0.000419
85801:4.739282:0.000474
85901:4.653499:0.000465
86001:4.854173:0.000485
86101:6.075740:0.000608
86201:4.618418:0.000462
86301:4.961443:0.000496
86401:6.051729:0.000605
86501:4.015244:0.000402
86601:3.532144:0.000353
86701:5.469286:0.000547
86801:5.358138:0.000536
86901:4.132144:0.000413
87001:3.986689:0.000399
87101:7.637264:0.000764
87201:4.278055:0.000428
87301:5.308168:0.000531
87401:4.034782:0.000403
87501:4.320106:0.000432
87601:4.036958:0.000404
87701:3.674176:0.000367
87801:5.462969:0.000546
87901:5.650863:0.000565
88001:3.988126:0.000399
88101:6.428076:0.000643
88201:6.890818:0.000689
88301:4.707346:0.000471
88401:4.662169:0.000466
88501:6.794774:0.000679
88601:6.907124:0.000691
88701:6.169090:0.000617
88801:4.345232:0.000435
88901:4.260845:0.000426
89001:6.593262:0.000659
89101:6.980598:0.000698
89201:6.116389:0.000612
89301:5.900754:0.000590
89401:6.038304:0.000604
89501:6.275079:0.000628
89601:4.270593:0.000427
89701:6.427956:0.000643
89801:7.176555:0.000718
89901:6.958760:0.000696
90001:7.183455:0.000718
90101:5.513428:0.000551
90201:6.083246:0.000608
90301:4.284586:0.000428
90401:4.673242:0.000467
90501:4.763937:0.000476
90601:6.700416:0.000670
90701:6.385416:0.000639
90801:6.065290:0.000607
90901:4.556083:0.000456
91001:4.491014:0.000449
91101:4.851765:0.000485
91201:5.165670:0.000517
91301:5.016187:0.000502
91401:5.046155:0.000505
91501:4.845986:0.000485
91601:5.000029:0.000500
91701:5.417329:0.000542
91801:4.915596:0.000492
91901:5.006163:0.000501
92001:4.863678:0.000486
92101:6.610664:0.000661
92201:5.347289:0.000535
92301:6.370612:0.000637
92401:4.098537:0.000410
92501:4.571520:0.000457
92601:5.108296:0.000511
92701:4.839667:0.000484
92801:5.085134:0.000509
92901:5.108273:0.000511
93001:5.071913:0.000507
93101:4.966560:0.000497
93201:5.049520:0.000505
93301:5.049534:0.000505
93401:6.915493:0.000692
93501:6.310715:0.000631
93601:6.421475:0.000642
93701:6.622518:0.000662
93801:7.287203:0.000729
93901:6.750668:0.000675
94001:6.505555:0.000651
94101:6.330328:0.000633
94201:6.473795:0.000647
94301:7.362341:0.000736
94401:7.527771:0.000753
94501:6.288419:0.000629
94601:6.332522:0.000633
94701:6.394237:0.000639
94801:6.289685:0.000629
94901:6.277734:0.000628
95001:6.956777:0.000696
95101:6.849768:0.000685
95201:6.369916:0.000637
95301:5.774610:0.000577
95401:6.304201:0.000630
95501:7.219106:0.000722
95601:6.505601:0.000651
95701:8.046012:0.000805
95801:7.689052:0.000769
95901:6.348335:0.000635
96001:6.210739:0.000621
96101:7.405299:0.000741
96201:6.393318:0.000639
96301:6.179048:0.000618
96401:7.857841:0.000786
96501:7.095534:0.000710
96601:8.343756:0.000834
96701:6.958811:0.000696
96801:7.740449:0.000774
96901:7.469752:0.000747
97001:6.745513:0.000675
97101:6.610970:0.000661
97201:7.256412:0.000726
97301:6.470754:0.000647
97401:7.592505:0.000759
97501:8.300033:0.000830
97601:8.408824:0.000841
97701:7.028945:0.000703
97801:6.697683:0.000670
97901:7.749075:0.000775
98001:8.107313:0.000811
98101:6.954938:0.000695
98201:8.087682:0.000809
98301:7.356623:0.000736
98401:6.363902:0.000636
98501:7.587726:0.000759
98601:8.582311:0.000858
98701:6.736192:0.000674
98801:6.518386:0.000652
98901:6.507754:0.000651
99001:6.677034:0.000668
99101:6.444476:0.000644
99201:6.515423:0.000652
99301:6.452054:0.000645
99401:6.445255:0.000645
99501:6.496145:0.000650
99601:6.432026:0.000643
99701:6.674316:0.000667
99801:8.658550:0.000866
99901:7.288915:0.000729
#testing:v= 1
1:4.012318:0.000401
101:3.208313:0.000321
201:4.263508:0.000426
301:3.956342:0.000396
401:2.953202:0.000295
501:4.237735:0.000424
601:4.235968:0.000424
701:4.301287:0.000430
801:3.882875:0.000388
901:2.905979:0.000291
1001:4.374015:0.000437
1101:4.042905:0.000404
1201:4.106418:0.000411
1301:4.329731:0.000433
1401:6.518976:0.000652
1501:5.041849:0.000504
1601:5.887264:0.000589
1701:6.847705:0.000685
1801:6.496936:0.000650
1901:7.915029:0.000792
2001:6.822460:0.000682
2101:6.353633:0.000635
2201:6.412276:0.000641
2301:6.444938:0.000644
2401:6.589995:0.000659
2501:7.552986:0.000755
2601:7.426149:0.000743
2701:6.419794:0.000642
2801:7.124237:0.000712
2901:4.097498:0.000410
3001:7.612123:0.000761
3101:7.112222:0.000711
3201:5.956941:0.000596
3301:5.073022:0.000507
3401:4.363493:0.000436
3501:8.118988:0.000812
3601:7.010443:0.000701
3701:4.210015:0.000421
3801:8.073772:0.000807
3901:7.983733:0.000798
4001:9.014437:0.000901
4101:8.295139:0.000830
4201:8.488438:0.000849
4301:8.477998:0.000848
4401:8.249209:0.000825
4501:6.816857:0.000682
4601:8.162794:0.000816
4701:8.822090:0.000882
4801:8.152981:0.000815
4901:8.368995:0.000837
5001:8.611571:0.000861
5101:10.477875:0.001048
5201:8.457360:0.000846
5301:8.015815:0.000802
5401:8.410152:0.000841
5501:9.903630:0.000990
5601:10.420702:0.001042
5701:10.429205:0.001043
5801:9.313690:0.000931
5901:4.345401:0.000435
6001:4.342781:0.000434
6101:5.756414:0.000576
6201:5.075833:0.000508
6301:4.178359:0.000418
6401:3.965603:0.000397
6501:8.390389:0.000839
6601:6.036936:0.000604
6701:3.925239:0.000393
6801:3.996360:0.000400
6901:9.949352:0.000995
7001:10.701381:0.001070
7101:12.266949:0.001227
7201:5.122354:0.000512
7301:6.486897:0.000649
7401:4.518312:0.000452
7501:4.338364:0.000434
7601:4.379572:0.000438
7701:4.387286:0.000439
7801:4.394869:0.000439
7901:4.637647:0.000464
8001:6.338652:0.000634
8101:4.547215:0.000455
8201:6.115912:0.000612
8301:4.364326:0.000436
8401:9.660431:0.000966
8501:10.353515:0.001035
8601:5.467615:0.000547
8701:6.472160:0.000647
8801:6.316155:0.000632
8901:11.668216:0.001167
9001:9.921318:0.000992
9101:9.637850:0.000964
9201:10.904288:0.001090
9301:6.530942:0.000653
9401:6.596608:0.000660
9501:6.220087:0.000622
9601:11.730764:0.001173
9701:14.193896:0.001419
9801:12.853641:0.001285
9901:10.084683:0.001008
10001:10.620389:0.001062
10101:11.720036:0.001172
10201:6.495929:0.000650
10301:7.953590:0.000795
10401:9.951114:0.000995
10501:12.475476:0.001248
10601:13.449941:0.001345
10701:10.985205:0.001099
10801:7.208020:0.000721
10901:12.932252:0.001293
11001:12.330829:0.001233
11101:6.249418:0.000625
11201:6.175507:0.000618
11301:6.169304:0.000617
11401:12.381908:0.001238
11501:8.256125:0.000826
11601:6.441395:0.000644
11701:13.182024:0.001318
11801:6.447627:0.000645
11901:8.054096:0.000805
12001:6.479949:0.000648
12101:7.112648:0.000711
12201:14.326349:0.001433
12301:9.003846:0.000900
12401:13.260369:0.001326
12501:6.259551:0.000626
12601:6.252729:0.000625
12701:17.243071:0.001724
12801:9.744698:0.000974
12901:12.232420:0.001223
13001:9.726843:0.000973
13101:16.163410:0.001616
13201:6.415274:0.000642
13301:6.408196:0.000641
13401:12.144485:0.001214
13501:4.328533:0.000433
13601:3.966656:0.000397
13701:3.077331:0.000308
13801:2.962416:0.000296
13901:2.863038:0.000286
14001:2.990479:0.000299
14101:2.890986:0.000289
14201:2.912186:0.000291
14301:2.872718:0.000287
14401:2.998445:0.000300
14501:2.931070:0.000293
14601:2.914683:0.000291
14701:3.632157:0.000363
14801:3.006830:0.000301
14901:2.891994:0.000289
15001:4.382502:0.000438
15101:3.902178:0.000390
15201:3.897294:0.000390
15301:3.893938:0.000389
15401:3.890985:0.000389
15501:3.885708:0.000389
15601:2.547009:0.000255
15701:3.001633:0.000300
15801:2.922042:0.000292
15901:2.706166:0.000271
16001:5.898232:0.000590
16101:4.462525:0.000446
16201:5.015017:0.000502
16301:3.819257:0.000382
16401:3.078228:0.000308
16501:2.919385:0.000292
16601:2.871877:0.000287
16701:2.906779:0.000291
16801:2.707477:0.000271
16901:2.896951:0.000290
17001:2.956038:0.000296
17101:2.947842:0.000295
17201:2.949749:0.000295
17301:4.456676:0.000446
17401:3.171835:0.000317
17501:2.827620:0.000283
17601:4.387498:0.000439
17701:3.132082:0.000313
17801:4.728329:0.000473
17901:3.200056:0.000320
18001:2.818067:0.000282
18101:2.891356:0.000289
18201:2.838027:0.000284
18301:2.907322:0.000291
18401:2.932254:0.000293
18501:2.875302:0.000288
18601:4.054709:0.000405
18701:2.586332:0.000259
18801:2.933293:0.000293
18901:2.786877:0.000279
19001:3.830764:0.000383
19101:2.834065:0.000283
19201:2.909760:0.000291
19301:2.864676:0.000286
19401:2.925835:0.000293
19501:2.915353:0.000292
19601:2.760471:0.000276
19701:2.926997:0.000293
19801:3.079048:0.000308
19901:2.821512:0.000282
20001:2.917563:0.000292
20101:4.432203:0.000443
20201:3.060370:0.000306
20301:2.914228:0.000291
20401:4.381469:0.000438
20501:4.617589:0.000462
20601:4.462765:0.000446
20701:4.417888:0.000442
20801:3.330265:0.000333
20901:5.675133:0.000568
21001:3.123552:0.000312
21101:4.375989:0.000438
21201:6.511042:0.000651
21301:5.632964:0.000563
21401:3.165065:0.000317
21501:2.519791:0.000252
21601:4.801667:0.000480
21701:3.111706:0.000311
21801:4.693315:0.000469
21901:5.023180:0.000502
22001:5.328653:0.000533
22101:6.017799:0.000602
22201:6.095448:0.000610
22301:2.479513:0.000248
22401:2.801027:0.000280
22501:2.989198:0.000299
22601:6.346314:0.000635
22701:6.555313:0.000656
22801:6.079409:0.000608
22901:6.730675:0.000673
23001:2.457551:0.000246
23101:3.086142:0.000309
23201:6.233246:0.000623
23301:4.362979:0.000436
23401:6.295935:0.000630
23501:4.194530:0.000419
23601:2.907516:0.000291
23701:2.764153:0.000276
23801:2.677697:0.000268
23901:2.951279:0.000295
24001:2.902798:0.000290
24101:2.860266:0.000286
24201:2.904366:0.000290
24301:2.952749:0.000295
24401:2.768599:0.000277
24501:2.940188:0.000294
24601:3.098893:0.000310
24701:2.600758:0.000260
24801:2.546704:0.000255
24901:2.896246:0.000290
25001:4.066754:0.000407
25101:5.246855:0.000525
25201:6.035945:0.000604
25301:5.880110:0.000588
25401:2.490062:0.000249
25501:2.822859:0.000282
25601:2.964547:0.000296
25701:6.236307:0.000624
25801:6.952475:0.000695
25901:6.414287:0.000641
26001:2.550616:0.000255
26101:2.660610:0.000266
26201:6.220714:0.000622
26301:6.743518:0.000674
26401:6.014791:0.000601
26501:4.201817:0.000420
26601:3.074413:0.000307
26701:6.446086:0.000645
26801:3.187453:0.000319
26901:3.116256:0.000312
27001:2.805593:0.000281
27101:2.891352:0.000289
27201:2.493999:0.000249
27301:2.848223:0.000285
27401:2.982799:0.000298
27501:2.963143:0.000296
27601:2.864512:0.000286
27701:2.761252:0.000276
27801:2.858899:0.000286
27901:3.093516:0.000309
28001:2.870487:0.000287
28101:2.951520:0.000295
28201:5.300178:0.000530
28301:5.348289:0.000535
28401:6.251344:0.000625
28501:2.524032:0.000252
28601:5.326041:0.000533
28701:4.344996:0.000434
28801:5.554923:0.000555
28901:4.343243:0.000434
29001:5.718803:0.000572
29101:5.593689:0.000559
29201:3.827749:0.000383
29301:2.826648:0.000283
29401:2.692146:0.000269
29501:4.345323:0.000435
29601:3.054799:0.000305
29701:2.960808:0.000296
29801:4.444786:0.000444
29901:5.575168:0.000558
30001:2.556638:0.000256
30101:2.870342:0.000287
30201:2.933813:0.000293
30301:2.941894:0.000294
30401:2.850936:0.000285
30501:2.789723:0.000279
30601:2.861829:0.000286
30701:2.893824:0.000289
30801:3.280370:0.000328
30901:3.826088:0.000383
31001:2.871465:0.000287
31101:2.874673:0.000287
31201:2.851302:0.000285
31301:2.853589:0.000285
31401:2.862920:0.000286
31501:3.027683:0.000303
31601:2.833196:0.000283
31701:2.916496:0.000292
31801:2.866301:0.000287
31901:4.070173:0.000407
32001:2.519859:0.000252
32101:2.918647:0.000292
32201:2.821548:0.000282
32301:2.803988:0.000280
32401:2.797628:0.000280
32501:2.864990:0.000286
32601:2.960904:0.000296
32701:2.918172:0.000292
32801:2.848246:0.000285
32901:2.828137:0.000283
33001:2.772702:0.000277
33101:2.860538:0.000286
33201:2.553750:0.000255
33301:3.012609:0.000301
33401:5.099068:0.000510
33501:6.739301:0.000674
33601:2.636176:0.000264
33701:2.762507:0.000276
33801:3.013885:0.000301
33901:2.661553:0.000266
34001:2.865752:0.000287
34101:2.819663:0.000282
34201:2.724909:0.000272
34301:2.790320:0.000279
34401:2.879390:0.000288
34501:2.863343:0.000286
34601:2.913412:0.000291
34701:3.164114:0.000316
34801:2.531409:0.000253
34901:2.726223:0.000273
35001:2.771690:0.000277
35101:4.472904:0.000447
35201:3.779641:0.000378
35301:3.106280:0.000311
35401:2.669287:0.000267
35501:2.672895:0.000267
35601:2.931331:0.000293
35701:2.529753:0.000253
35801:2.827535:0.000283
35901:2.821859:0.000282
36001:2.798104:0.000280
36101:2.984334:0.000298
36201:2.727818:0.000273
36301:2.564499:0.000256
36401:2.800499:0.000280
36501:2.835129:0.000284
36601:2.653345:0.000265
36701:2.687746:0.000269
36801:2.971080:0.000297
36901:2.693666:0.000269
37001:3.021509:0.000302
