Compiling  LAB01
-- Configuring done
-- Generating done
-- Build files have been written to: /home/students/k/u/kulinski/repos/MPR-Labs
Consolidate compiler generated dependencies of target LAB01
[100%] Built target LAB01
Starting  LAB01
#testing:v= 0
1:0.250007:0.000025
501:0.620065:0.000062
1001:0.130418:0.000013
1501:0.143490:0.000014
2001:0.153971:0.000015
2501:0.236950:0.000024
3001:0.192574:0.000019
3501:0.172413:0.000017
4001:0.233836:0.000023
4501:0.226160:0.000023
5001:0.256448:0.000026
5501:0.194993:0.000019
6001:0.260511:0.000026
6501:0.293645:0.000029
7001:0.272641:0.000027
7501:0.269414:0.000027
8001:0.332590:0.000033
8501:0.360176:0.000036
9001:0.358812:0.000036
9501:0.367403:0.000037
10001:0.394325:0.000039
10501:0.511593:0.000051
11001:0.457433:0.000046
11501:1.024241:0.000102
12001:1.255903:0.000126
12501:1.277388:0.000128
13001:1.353306:0.000135
13501:1.376935:0.000138
14001:1.370547:0.000137
14501:1.386373:0.000139
15001:1.336460:0.000134
15501:1.258657:0.000126
16001:1.393085:0.000139
16501:1.385992:0.000139
17001:1.323211:0.000132
17501:1.372186:0.000137
18001:1.332068:0.000133
18501:1.336196:0.000134
19001:1.360400:0.000136
19501:1.314016:0.000131
20001:1.341288:0.000134
20501:1.369872:0.000137
21001:1.075279:0.000108
21501:1.340708:0.000134
22001:1.370428:0.000137
22501:1.358299:0.000136
23001:1.323335:0.000132
23501:1.370340:0.000137
24001:1.355517:0.000136
24501:1.332030:0.000133
25001:1.389254:0.000139
25501:1.395175:0.000140
26001:0.952449:0.000095
26501:1.186500:0.000119
27001:1.292410:0.000129
27501:1.292109:0.000129
28001:1.360983:0.000136
28501:1.317577:0.000132
29001:1.316876:0.000132
29501:1.363898:0.000136
30001:1.371348:0.000137
30501:1.296634:0.000130
31001:1.339556:0.000134
31501:1.314177:0.000131
32001:1.325689:0.000133
32501:1.400679:0.000140
33001:1.323816:0.000132
33501:1.199696:0.000120
34001:1.403245:0.000140
34501:1.319186:0.000132
35001:1.295997:0.000130
35501:1.391398:0.000139
36001:1.329489:0.000133
36501:1.334275:0.000133
37001:1.366061:0.000137
37501:1.343555:0.000134
38001:1.290301:0.000129
38501:1.378834:0.000138
39001:1.312153:0.000131
39501:1.340360:0.000134
40001:1.356987:0.000136
40501:2.974993:0.000297
41001:2.204542:0.000220
41501:1.702109:0.000170
42001:1.383403:0.000138
42501:1.299516:0.000130
43001:1.402341:0.000140
43501:1.277509:0.000128
44001:1.326868:0.000133
44501:1.331613:0.000133
45001:1.319361:0.000132
45501:1.327620:0.000133
46001:1.356296:0.000136
46501:1.318995:0.000132
47001:1.290354:0.000129
47501:1.357503:0.000136
48001:1.317982:0.000132
48501:1.300720:0.000130
49001:1.366796:0.000137
49501:1.307789:0.000131
50001:1.307727:0.000131
50501:1.375334:0.000138
51001:1.288077:0.000129
51501:1.306547:0.000131
52001:1.340303:0.000134
52501:1.316011:0.000132
53001:1.298557:0.000130
53501:1.359257:0.000136
54001:1.328434:0.000133
54501:1.334909:0.000133
55001:2.550449:0.000255
55501:1.765285:0.000177
56001:1.360762:0.000136
56501:1.361766:0.000136
57001:1.299095:0.000130
57501:1.370049:0.000137
58001:1.370901:0.000137
58501:1.308863:0.000131
59001:1.330528:0.000133
59501:1.353652:0.000135
60001:1.321460:0.000132
60501:1.373186:0.000137
61001:1.360331:0.000136
61501:1.301400:0.000130
62001:1.382845:0.000138
62501:1.363620:0.000136
63001:1.271328:0.000127
63501:1.351176:0.000135
64001:1.366338:0.000137
64501:1.289634:0.000129
65001:1.353162:0.000135
65501:1.356667:0.000136
66001:1.275491:0.000128
66501:1.337942:0.000134
67001:1.355867:0.000136
67501:1.276892:0.000128
68001:1.338238:0.000134
68501:1.352203:0.000135
69001:1.280759:0.000128
69501:2.427046:0.000243
70001:1.794937:0.000179
70501:1.373671:0.000137
71001:1.344342:0.000134
71501:1.291701:0.000129
72001:1.369998:0.000137
72501:1.602056:0.000160
73001:1.038025:0.000104
73501:2.092014:0.000209
74001:2.005814:0.000201
74501:2.320047:0.000232
75001:2.034170:0.000203
75501:1.968645:0.000197
76001:2.578928:0.000258
76501:1.971284:0.000197
77001:2.731968:0.000273
77501:2.030816:0.000203
78001:2.657093:0.000266
78501:2.047511:0.000205
79001:2.667134:0.000267
79501:2.055350:0.000206
80001:2.667265:0.000267
80501:5.392775:0.000539
81001:2.027631:0.000203
81501:2.512567:0.000251
82001:2.047004:0.000205
82501:2.697167:0.000270
83001:2.061839:0.000206
83501:2.673035:0.000267
84001:2.099565:0.000210
84501:2.077824:0.000208
85001:2.578999:0.000258
85501:2.096099:0.000210
86001:2.588820:0.000259
86501:2.114904:0.000211
87001:2.568749:0.000257
87501:2.126820:0.000213
88001:2.340598:0.000234
88501:3.218959:0.000322
89001:2.138715:0.000214
89501:2.934260:0.000293
90001:3.133942:0.000313
90501:2.864445:0.000286
91001:3.208715:0.000321
91501:2.171696:0.000217
92001:2.647050:0.000265
92501:3.287875:0.000329
93001:3.277999:0.000328
93501:2.177394:0.000218
94001:2.793041:0.000279
94501:3.371362:0.000337
95001:3.321438:0.000332
95501:3.359850:0.000336
96001:3.322527:0.000332
96501:3.413154:0.000341
97001:3.367496:0.000337
97501:3.806759:0.000381
98001:2.573531:0.000257
98501:3.374060:0.000337
99001:3.098916:0.000310
99501:3.367082:0.000337
100001:3.310084:0.000331
100501:3.369501:0.000337
101001:3.329763:0.000333
101501:3.363329:0.000336
102001:3.344164:0.000334
102501:3.431029:0.000343
103001:3.278831:0.000328
103501:3.363113:0.000336
104001:3.287232:0.000329
104501:3.389127:0.000339
105001:3.797248:0.000380
105501:2.509042:0.000251
106001:3.363325:0.000336
106501:3.328337:0.000333
107001:3.399762:0.000340
107501:3.316152:0.000332
108001:3.389861:0.000339
108501:3.309927:0.000331
109001:3.434105:0.000343
109501:3.335916:0.000334
110001:3.380667:0.000338
110501:3.330942:0.000333
111001:3.403259:0.000340
111501:3.284329:0.000328
112001:3.353869:0.000335
112501:4.937416:0.000494
113001:2.922774:0.000292
113501:2.970224:0.000297
114001:3.281994:0.000328
114501:3.385082:0.000339
115001:3.226335:0.000323
115501:3.390212:0.000339
116001:3.325250:0.000333
116501:3.397018:0.000340
117001:3.275239:0.000328
117501:3.358450:0.000336
118001:3.285034:0.000329
118501:3.370017:0.000337
119001:3.319282:0.000332
119501:3.376222:0.000338
120001:5.104791:0.000510
120501:3.442175:0.000344
121001:3.403086:0.000340
121501:3.256531:0.000326
122001:3.364262:0.000336
122501:3.264966:0.000326
123001:3.372191:0.000337
123501:3.300769:0.000330
124001:3.333289:0.000333
124501:3.175746:0.000318
125001:3.386406:0.000339
125501:3.066155:0.000307
126001:3.337389:0.000334
126501:3.303830:0.000330
127001:4.983042:0.000498
127501:7.093048:0.000709
128001:3.616652:0.000362
128501:3.565784:0.000357
129001:3.337337:0.000334
129501:3.306777:0.000331
130001:3.342294:0.000334
130501:3.246936:0.000325
131001:3.360430:0.000336
131501:5.263609:0.000526
132001:5.190462:0.000519
132501:5.412054:0.000541
133001:7.371766:0.000737
133501:5.100340:0.000510
134001:5.234977:0.000523
134501:5.282955:0.000528
135001:5.566481:0.000557
135501:5.009407:0.000501
136001:5.336277:0.000534
136501:5.323206:0.000532
137001:5.249935:0.000525
137501:5.340600:0.000534
138001:7.231401:0.000723
138501:5.294327:0.000529
139001:5.628980:0.000563
139501:5.010109:0.000501
140001:5.304029:0.000530
140501:5.543502:0.000554
141001:5.341804:0.000534
141501:5.093987:0.000509
142001:5.275465:0.000528
142501:7.160449:0.000716
143001:7.147309:0.000715
143501:5.552259:0.000555
144001:5.423691:0.000542
144501:5.227370:0.000523
145001:5.521049:0.000552
145501:5.305815:0.000531
146001:5.142103:0.000514
146501:5.188216:0.000519
147001:5.314160:0.000531
147501:7.166799:0.000717
148001:5.489949:0.000549
148501:5.320189:0.000532
149001:5.236192:0.000524
149501:5.098285:0.000510
150001:6.859041:0.000686
150501:7.341703:0.000734
151001:5.927267:0.000593
151501:5.083741:0.000508
152001:7.327888:0.000733
152501:5.481110:0.000548
153001:5.310277:0.000531
153501:5.287407:0.000529
154001:5.075527:0.000508
154501:6.904334:0.000690
155001:7.469714:0.000747
155501:5.570529:0.000557
156001:7.025794:0.000703
156501:5.382127:0.000538
157001:7.104854:0.000710
157501:5.391366:0.000539
158001:5.534222:0.000553
158501:5.067679:0.000507
159001:6.854187:0.000685
159501:7.602541:0.000760
160001:5.540532:0.000554
160501:7.543538:0.000754
161001:6.647415:0.000665
161501:5.903928:0.000590
162001:6.922390:0.000692
162501:5.599497:0.000560
163001:5.391875:0.000539
163501:5.230415:0.000523
164001:5.275454:0.000528
164501:6.449342:0.000645
165001:7.763788:0.000776
165501:6.746127:0.000675
166001:7.482064:0.000748
166501:5.724582:0.000572
167001:6.906919:0.000691
167501:5.804785:0.000580
168001:6.523101:0.000652
168501:7.715016:0.000772
169001:9.025504:0.000903
169501:7.638506:0.000764
170001:7.085180:0.000709
170501:7.529777:0.000753
171001:6.921860:0.000692
171501:7.630811:0.000763
172001:6.942161:0.000694
172501:8.024237:0.000802
173001:6.972060:0.000697
173501:7.073561:0.000707
174001:15.300470:0.001530
174501:7.407867:0.000741
175001:7.331520:0.000733
175501:9.452355:0.000945
176001:7.527553:0.000753
176501:6.879713:0.000688
177001:7.030085:0.000703
177501:7.296842:0.000730
178001:7.399152:0.000740
178501:7.342664:0.000734
179001:7.132430:0.000713
179501:8.959584:0.000896
180001:17.297812:0.001730
180501:15.285281:0.001529
181001:11.800002:0.001180
181501:7.300402:0.000730
182001:6.990348:0.000699
182501:7.206882:0.000721
183001:17.111001:0.001711
183501:17.224392:0.001722
184001:11.871728:0.001187
184501:7.273222:0.000727
185001:7.205081:0.000721
185501:17.042032:0.001704
186001:17.345795:0.001735
186501:9.563022:0.000956
187001:16.987088:0.001699
187501:15.414110:0.001541
188001:16.540507:0.001654
188501:8.332564:0.000833
189001:16.782733:0.001678
189501:7.641051:0.000764
190001:17.047793:0.001705
190501:6.235724:0.000624
191001:8.904832:0.000890
191501:7.501318:0.000750
192001:7.180169:0.000718
192501:7.345950:0.000735
193001:7.155253:0.000716
193501:7.530829:0.000753
194001:7.204459:0.000720
194501:9.071793:0.000907
195001:7.420429:0.000742
195501:7.355876:0.000736
196001:7.278389:0.000728
196501:7.295462:0.000730
197001:7.338890:0.000734
197501:7.330093:0.000733
198001:9.312973:0.000931
198501:7.319860:0.000732
199001:7.257749:0.000726
199501:7.275751:0.000728
200001:7.046949:0.000705
200501:7.381843:0.000738
201001:7.240596:0.000724
201501:8.876586:0.000888
202001:7.326794:0.000733
202501:7.167077:0.000717
203001:7.404691:0.000740
203501:7.262883:0.000726
204001:7.247934:0.000725
204501:7.082167:0.000708
205001:7.474528:0.000747
205501:9.049985:0.000905
206001:7.547167:0.000755
206501:7.323444:0.000732
207001:7.252755:0.000725
207501:7.299095:0.000730
208001:7.275426:0.000728
208501:7.403507:0.000740
209001:8.887564:0.000889
209501:7.592878:0.000759
210001:7.292680:0.000729
210501:7.257460:0.000726
211001:7.512347:0.000751
211501:7.086814:0.000709
212001:7.343843:0.000734
212501:9.002773:0.000900
213001:7.640253:0.000764
213501:8.380475:0.000838
214001:11.433161:0.001143
214501:10.252355:0.001025
215001:8.416948:0.000842
215501:10.832552:0.001083
216001:8.760046:0.000876
216501:8.625228:0.000863
217001:7.571625:0.000757
217501:8.234382:0.000823
218001:7.984903:0.000798
218501:9.093971:0.000909
219001:8.104765:0.000810
219501:8.425922:0.000843
220001:8.624158:0.000862
220501:8.258748:0.000826
221001:9.024882:0.000902
221501:13.707484:0.001371
222001:8.775051:0.000878
222501:9.213779:0.000921
223001:9.233813:0.000923
223501:12.028339:0.001203
224001:10.095616:0.001010
224501:10.909662:0.001091
225001:9.231626:0.000923
225501:8.667270:0.000867
226001:9.050256:0.000905
226501:9.166553:0.000917
227001:12.328257:0.001233
227501:9.697141:0.000970
228001:9.073677:0.000907
228501:9.248926:0.000925
229001:9.122234:0.000912
229501:12.287547:0.001229
230001:12.148561:0.001215
230501:8.608833:0.000861
231001:13.134199:0.001313
231501:13.276727:0.001328
232001:13.305669:0.001331
232501:11.561265:0.001156
233001:14.595149:0.001460
233501:13.374288:0.001337
234001:13.066360:0.001307
234501:10.249787:0.001025
235001:8.929475:0.000893
235501:9.255122:0.000926
236001:13.360921:0.001336
236501:12.983541:0.001298
237001:13.654824:0.001365
237501:12.555353:0.001256
238001:8.263645:0.000826
238501:9.083486:0.000908
239001:9.888696:0.000989
239501:8.929389:0.000893
240001:11.245992:0.001125
240501:11.355285:0.001136
241001:9.365704:0.000937
241501:9.242271:0.000924
242001:9.602631:0.000960
242501:10.900329:0.001090
243001:12.195719:0.001220
243501:9.636420:0.000964
244001:9.413994:0.000941
244501:9.144708:0.000914
245001:9.137303:0.000914
245501:10.838008:0.001084
246001:8.898997:0.000890
246501:9.208591:0.000921
247001:9.199097:0.000920
247501:12.295547:0.001230
248001:13.485927:0.001349
248501:8.818890:0.000882
249001:8.878357:0.000888
249501:7.793861:0.000779
250001:8.805483:0.000881
250501:12.906336:0.001291
251001:9.889188:0.000989
251501:9.198272:0.000920
252001:9.590323:0.000959
252501:8.843361:0.000884
253001:9.283530:0.000928
253501:12.944057:0.001294
254001:9.958039:0.000996
254501:9.131681:0.000913
255001:9.377425:0.000938
255501:9.358181:0.000936
256001:9.349986:0.000935
256501:9.342495:0.000934
257001:11.222416:0.001122
257501:12.980521:0.001298
258001:12.092996:0.001209
258501:16.514100:0.001651
259001:11.836202:0.001184
259501:15.141864:0.001514
260001:15.305557:0.001531
260501:16.392779:0.001639
261001:12.552933:0.001255
261501:11.145293:0.001115
262001:17.412390:0.001741
262501:10.513288:0.001051
263001:13.106561:0.001311
263501:18.117701:0.001812
264001:9.984646:0.000998
264501:10.898638:0.001090
265001:18.379233:0.001838
265501:19.071354:0.001907
266001:10.081468:0.001008
266501:10.844692:0.001084
267001:13.274913:0.001327
267501:10.353311:0.001035
268001:11.000654:0.001100
268501:18.898569:0.001890
269001:10.210374:0.001021
269501:11.298428:0.001130
270001:10.616285:0.001062
270501:17.113307:0.001711
271001:16.942855:0.001694
271501:17.302552:0.001730
272001:17.187527:0.001719
272501:17.159239:0.001716
273001:10.199838:0.001020
273501:12.869653:0.001287
274001:16.042322:0.001604
274501:17.198800:0.001720
275001:10.147106:0.001015
275501:11.229011:0.001123
276001:10.957116:0.001096
276501:10.663314:0.001066
277001:11.085339:0.001109
277501:11.247666:0.001125
278001:16.997636:0.001700
278501:15.544180:0.001554
279001:15.574773:0.001557
279501:16.739400:0.001674
280001:15.530492:0.001553
280501:15.413127:0.001541
281001:16.998602:0.001700
281501:13.741360:0.001374
282001:16.232697:0.001623
282501:17.017346:0.001702
283001:11.772828:0.001177
283501:14.547802:0.001455
284001:11.501480:0.001150
284501:11.298163:0.001130
285001:11.307784:0.001131
285501:11.367995:0.001137
286001:13.071422:0.001307
286501:11.618352:0.001162
287001:11.228995:0.001123
287501:11.172719:0.001117
288001:12.995546:0.001300
288501:16.098944:0.001610
289001:15.490643:0.001549
289501:17.083068:0.001708
290001:13.037467:0.001304
290501:11.145673:0.001115
291001:11.304115:0.001130
291501:11.095379:0.001110
292001:11.414201:0.001141
292501:12.979212:0.001298
293001:17.876714:0.001788
293501:11.899351:0.001190
294001:11.598189:0.001160
294501:13.338166:0.001334
295001:11.345631:0.001135
295501:11.285144:0.001129
296001:11.296500:0.001130
296501:11.354798:0.001135
297001:16.189556:0.001619
297501:15.522919:0.001552
298001:17.124865:0.001712
298501:12.018644:0.001202
299001:13.590278:0.001359
299501:12.861637:0.001286
300001:16.143746:0.001614
300501:17.259518:0.001726
301001:16.173221:0.001617
301501:16.996212:0.001700
302001:17.295301:0.001730
302501:13.805567:0.001381
303001:17.904099:0.001790
303501:17.474105:0.001747
304001:17.713059:0.001771
304501:11.548315:0.001155
305001:11.311771:0.001131
305501:11.315012:0.001132
306001:11.306765:0.001131
306501:13.174514:0.001317
307001:11.438220:0.001144
307501:11.261825:0.001126
308001:11.321690:0.001132
308501:11.324437:0.001132
309001:13.197509:0.001320
309501:11.442837:0.001144
310001:11.315089:0.001132
310501:11.268059:0.001127
311001:11.045508:0.001105
311501:13.270545:0.001327
312001:11.415128:0.001142
312501:11.325617:0.001133
313001:11.308285:0.001131
313501:11.283477:0.001128
314001:13.181572:0.001318
314501:11.527553:0.001153
315001:11.287254:0.001129
315501:11.349105:0.001135
316001:13.438863:0.001344
316501:12.687202:0.001269
317001:16.832917:0.001683
317501:16.556108:0.001656
318001:15.913305:0.001591
318501:12.811135:0.001281
319001:16.261461:0.001626
319501:17.094089:0.001709
320001:14.139418:0.001414
320501:12.939606:0.001294
321001:13.296101:0.001330
321501:17.044988:0.001704
322001:13.575223:0.001358
322501:12.774900:0.001277
323001:12.707015:0.001271
323501:18.718099:0.001872
324001:22.322306:0.002232
324501:24.109525:0.002411
325001:23.524123:0.002352
325501:30.782622:0.003078
326001:41.489238:0.004149
326501:32.608315:0.003261
327001:41.973012:0.004197
327501:33.048883:0.003305
328001:36.225109:0.003623
328501:37.817801:0.003782
329001:44.085881:0.004409
329501:32.571781:0.003257
330001:35.798905:0.003580
330501:19.714710:0.001971
331001:15.788549:0.001579
331501:15.282758:0.001528
332001:15.006889:0.001501
332501:14.232539:0.001423
333001:15.381937:0.001538
333501:15.094006:0.001509
334001:15.331989:0.001533
334501:17.134422:0.001713
335001:14.249010:0.001425
335501:15.032008:0.001503
336001:15.696638:0.001570
336501:15.985512:0.001599
337001:15.519155:0.001552
337501:14.275697:0.001428
338001:14.948288:0.001495
338501:17.085052:0.001709
339001:14.378473:0.001438
339501:15.004804:0.001500
340001:15.316887:0.001532
340501:16.704011:0.001670
341001:15.293312:0.001529
341501:15.973950:0.001597
342001:15.863343:0.001586
342501:14.130903:0.001413
343001:13.916936:0.001392
343501:14.045690:0.001405
344001:15.353432:0.001535
344501:14.862410:0.001486
345001:16.210360:0.001621
345501:14.795964:0.001480
346001:18.076292:0.001808
346501:12.990867:0.001299
347001:13.279428:0.001328
347501:13.271294:0.001327
348001:14.986041:0.001499
348501:13.272257:0.001327
349001:13.356839:0.001336
349501:16.476529:0.001648
350001:14.681475:0.001468
350501:12.819055:0.001282
351001:17.906658:0.001791
351501:12.219172:0.001222
352001:13.295122:0.001330
352501:12.842122:0.001284
353001:11.856330:0.001186
353501:12.778049:0.001278
354001:14.453022:0.001445
354501:13.087107:0.001309
355001:18.038903:0.001804
355501:12.927509:0.001293
356001:13.535213:0.001354
356501:11.357610:0.001136
357001:12.702875:0.001270
357501:19.954501:0.001995
358001:13.800074:0.001380
358501:11.839060:0.001184
359001:12.727527:0.001273
359501:11.920276:0.001192
360001:12.770269:0.001277
360501:13.756773:0.001376
361001:12.968848:0.001297
361501:13.242044:0.001324
362001:20.147871:0.002015
362501:12.446659:0.001245
363001:12.998385:0.001300
363501:20.090590:0.002009
364001:12.745772:0.001275
364501:12.205101:0.001221
365001:13.240023:0.001324
365501:13.262449:0.001326
366001:19.677588:0.001968
366501:13.109967:0.001311
367001:15.102942:0.001510
367501:13.007092:0.001301
368001:12.077691:0.001208
368501:13.430660:0.001343
369001:12.909236:0.001291
369501:12.880584:0.001288
370001:12.189521:0.001219
370501:13.375337:0.001338
371001:12.630378:0.001263
371501:13.287755:0.001329
372001:13.240723:0.001324
372501:13.572164:0.001357
373001:13.112154:0.001311
373501:13.209587:0.001321
374001:13.367132:0.001337
374501:13.249254:0.001325
375001:20.189147:0.002019
375501:12.714109:0.001271
376001:13.231220:0.001323
376501:13.640044:0.001364
377001:12.846553:0.001285
377501:13.288613:0.001329
378001:13.366918:0.001337
378501:13.426561:0.001343
379001:13.712760:0.001371
379501:13.039639:0.001304
380001:13.243278:0.001324
380501:13.233751:0.001323
381001:15.089544:0.001509
381501:13.638641:0.001364
382001:13.304211:0.001330
382501:13.243596:0.001324
383001:13.708454:0.001371
383501:12.922904:0.001292
384001:13.273237:0.001327
384501:13.355466:0.001336
385001:13.748611:0.001375
385501:12.953110:0.001295
386001:15.161732:0.001516
386501:15.299994:0.001530
387001:19.919517:0.001992
387501:14.729933:0.001473
388001:15.502862:0.001550
388501:15.374520:0.001537
389001:17.282665:0.001728
389501:15.372447:0.001537
390001:15.383432:0.001538
390501:17.189437:0.001719
391001:22.220397:0.002222
391501:23.357399:0.002336
392001:16.591392:0.001659
392501:13.762668:0.001376
393001:13.294868:0.001329
393501:13.288094:0.001329
394001:15.304834:0.001530
394501:13.412299:0.001341
395001:13.277966:0.001328
395501:13.295650:0.001330
396001:15.268703:0.001527
396501:13.471143:0.001347
397001:13.241292:0.001324
397501:13.277355:0.001328
398001:15.062042:0.001506
398501:13.425773:0.001343
399001:13.358599:0.001336
399501:13.331455:0.001333
400001:13.320376:0.001332
400501:15.084863:0.001508
401001:13.523944:0.001352
401501:13.420796:0.001342
402001:13.386002:0.001339
402501:15.136430:0.001514
403001:13.501668:0.001350
403501:13.291753:0.001329
404001:13.258561:0.001326
404501:14.954442:0.001495
405001:26.069288:0.002607
405501:13.730315:0.001373
406001:16.530116:0.001653
406501:12.992103:0.001299
407001:13.338122:0.001334
407501:13.236995:0.001324
408001:15.098880:0.001510
408501:13.229093:0.001323
409001:13.315433:0.001332
409501:13.317845:0.001332
410001:13.673885:0.001367
410501:12.873292:0.001287
411001:13.241776:0.001324
411501:13.445696:0.001345
412001:13.162259:0.001316
412501:13.529579:0.001353
