Compiling  LAB02
 plgrid/tools/binutils/2.34 loaded.
 plgrid/tools/gcc/9.3.0 loaded.
 plgrid/tools/intel/2021.3.0 loaded.
 plgrid/apps/cuda/11.2 loaded.
 plgrid/libs/gdrcopy/2.2-cuda-11.2 loaded.
 plgrid/libs/ucx/1.10.0-cuda-11.2 loaded.
 plgrid/tools/openmpi/4.1.2-intel-2021.3.0 loaded.
 plgrid/tools/cmake/3.22.1 loaded.
-- Configuring done
-- Generating done
-- Build files have been written to: /net/people/plggkulinski/MPR/MPR-Labs
Consolidate compiler generated dependencies of target LAB02
[100%] Built target LAB02
Starting  LAB02
#testing:t= 0:  n= 10000000 :s= LAB02
1:0.369320:3.141784e+00
2:0.188501:3.141658e+00
3:0.135120:3.142726e+00
4:0.104508:3.142370e+00
5:0.085114:3.140412e+00
6:0.070411:3.141082e+00
7:0.061880:3.140558e+00
8:0.053428:3.139930e+00
9:0.050298:3.144816e+00
10:0.042028:3.139356e+00
11:0.038988:3.141349e+00
12:0.035576:3.139133e+00
#testing:t= 1:  n= 10000000 :s= LAB02
1:0.371144:3.141763e+00
2:0.193217:3.141996e+00
3:0.147265:3.142805e+00
4:0.104290:3.143245e+00
5:0.084819:3.143566e+00
6:0.072395:3.142130e+00
7:0.060144:3.140542e+00
8:0.053745:3.140528e+00
9:0.046666:3.140086e+00
10:0.042665:3.140204e+00
11:0.041814:3.142665e+00
12:0.037627:3.140520e+00
#testing:t= 2:  n= 10000000 :s= LAB02
1:0.368965:3.142217e+00
2:0.190631:3.141799e+00
3:0.138388:3.142867e+00
4:0.111566:3.142896e+00
5:0.107424:3.143210e+00
6:0.070543:3.140158e+00
7:0.064477:3.139772e+00
8:0.052640:3.140342e+00
9:0.047895:3.139567e+00
10:0.051700:3.138876e+00
11:0.038378:3.141318e+00
12:0.038807:3.140270e+00
#testing:t= 3:  n= 10000000 :s= LAB02
1:0.369116:3.142110e+00
2:0.191166:3.141398e+00
3:0.133819:3.141870e+00
4:0.103682:3.141301e+00
5:0.090235:3.142752e+00
6:0.071146:3.143110e+00
7:0.068028:3.140354e+00
8:0.054690:3.140288e+00
9:0.047743:3.144942e+00
10:0.047265:3.140536e+00
11:0.038923:3.140091e+00
12:0.037294:3.143189e+00
#testing:t= 4:  n= 10000000 :s= LAB02
1:0.368861:3.141807e+00
2:0.190979:3.140942e+00
3:0.133314:3.141298e+00
4:0.104138:3.141981e+00
5:0.092802:3.142428e+00
6:0.070778:3.141686e+00
7:0.065102:3.140749e+00
8:0.058402:3.140502e+00
9:0.047508:3.140572e+00
10:0.043142:3.140852e+00
11:0.058804:3.142405e+00
12:0.035201:3.141077e+00
#testing:t= 5:  n= 10000000 :s= LAB02
1:0.398053:3.141846e+00
2:0.202731:3.142229e+00
3:0.146529:3.142859e+00
4:0.105385:3.142288e+00
5:0.084555:3.142016e+00
6:0.079444:3.143662e+00
7:0.067112:3.143641e+00
8:0.052802:3.140544e+00
9:0.047565:3.142649e+00
10:0.042431:3.142928e+00
11:0.040788:3.141877e+00
12:0.035342:3.144005e+00
#testing:t= 6:  n= 10000000 :s= LAB02
1:0.376175:3.141136e+00
2:0.189237:3.141826e+00
3:0.133787:3.142789e+00
4:0.105141:3.141528e+00
5:0.086357:3.141888e+00
6:0.070827:3.141874e+00
7:0.063097:3.141880e+00
8:0.059317:3.142378e+00
9:0.046735:3.140014e+00
10:0.047252:3.141864e+00
11:0.038457:3.141701e+00
12:0.037356:3.140424e+00
#testing:t= 7:  n= 10000000 :s= LAB02
1:0.369933:3.141954e+00
2:0.188612:3.142339e+00
3:0.135892:3.142753e+00
4:0.103526:3.140805e+00
5:0.093004:3.141546e+00
6:0.075521:3.141770e+00
7:0.064028:3.140922e+00
8:0.055161:3.141139e+00
9:0.048189:3.142206e+00
10:0.043828:3.141652e+00
11:0.038236:3.139426e+00
12:0.036538:3.140534e+00
#testing:t= 8:  n= 10000000 :s= LAB02
1:0.378248:3.142323e+00
2:0.188587:3.142062e+00
3:0.141837:3.141767e+00
4:0.105968:3.140898e+00
5:0.084642:3.140574e+00
6:0.070603:3.140998e+00
7:0.062505:3.140850e+00
8:0.052577:3.141302e+00
9:0.047049:3.141436e+00
10:0.042773:3.141760e+00
11:0.039993:3.142586e+00
12:0.035296:3.142238e+00
#testing:t= 9:  n= 10000000 :s= LAB02
1:0.392136:3.142474e+00
2:0.195121:3.141210e+00
3:0.138198:3.141112e+00
4:0.108134:3.142534e+00
5:0.087062:3.141182e+00
6:0.071984:3.140954e+00
7:0.061302:3.139934e+00
8:0.053713:3.142826e+00
9:0.049729:3.141623e+00
10:0.044206:3.141804e+00
11:0.038727:3.142084e+00
12:0.036434:3.143933e+00
#testing:t= 10:  n= 10000000 :s= LAB02
1:0.369434:3.141134e+00
2:0.191972:3.141182e+00
3:0.133164:3.141556e+00
4:0.104895:3.139870e+00
5:0.084685:3.139286e+00
6:0.071072:3.142435e+00
7:0.060867:3.142101e+00
8:0.056687:3.142246e+00
9:0.047255:3.143682e+00
10:0.042145:3.140608e+00
11:0.038489:3.141820e+00
12:0.035530:3.141768e+00
#testing:t= 11:  n= 10000000 :s= LAB02
1:0.369535:3.142696e+00
2:0.190082:3.142378e+00
3:0.133714:3.143351e+00
4:0.103214:3.143165e+00
5:0.090544:3.140920e+00
6:0.073969:3.141142e+00
7:0.060535:3.144196e+00
8:0.054371:3.141491e+00
9:0.048280:3.141857e+00
10:0.055050:3.139320e+00
11:0.041461:3.137262e+00
12:0.035885:3.137712e+00
#testing:t= 12:  n= 10000000 :s= LAB02
1:0.369103:3.141714e+00
2:0.191096:3.142135e+00
3:0.135334:3.142304e+00
4:0.104298:3.141862e+00
5:0.084691:3.142122e+00
6:0.070137:3.143755e+00
7:0.060192:3.143216e+00
8:0.056045:3.143360e+00
9:0.047836:3.141245e+00
10:0.057940:3.141344e+00
11:0.039618:3.143650e+00
12:0.035039:3.140952e+00
#testing:t= 13:  n= 10000000 :s= LAB02
1:0.369224:3.141562e+00
2:0.189934:3.141266e+00
3:0.134351:3.140786e+00
4:0.107357:3.140557e+00
5:0.090462:3.142690e+00
6:0.070145:3.141300e+00
7:0.063974:3.141155e+00
8:0.059824:3.141072e+00
9:0.046908:3.143671e+00
10:0.042306:3.139312e+00
11:0.038853:3.144451e+00
12:0.035180:3.143674e+00
#testing:t= 14:  n= 10000000 :s= LAB02
1:0.370077:3.140910e+00
2:0.191269:3.141265e+00
3:0.133126:3.142104e+00
4:0.112413:3.140717e+00
5:0.085114:3.140896e+00
6:0.070864:3.140381e+00
7:0.060011:3.141894e+00
8:0.054148:3.142656e+00
9:0.053347:3.142368e+00
10:0.046250:3.144392e+00
11:0.039526:3.140302e+00
12:0.035939:3.141106e+00
#testing:t= 15:  n= 10000000 :s= LAB02
1:0.369079:3.142458e+00
2:0.189965:3.142232e+00
3:0.140194:3.142817e+00
4:0.105227:3.141646e+00
5:0.086058:3.141106e+00
6:0.071745:3.141948e+00
7:0.064676:3.141933e+00
8:0.052512:3.138806e+00
9:0.057789:3.140568e+00
10:0.042679:3.142196e+00
11:0.039232:3.140117e+00
12:0.035349:3.140784e+00
#testing:t= 16:  n= 10000000 :s= LAB02
1:0.369144:3.140834e+00
2:0.188368:3.140967e+00
3:0.133982:3.140465e+00
4:0.104295:3.140842e+00
5:0.087191:3.143466e+00
6:0.070527:3.144043e+00
7:0.061521:3.142647e+00
8:0.053583:3.142755e+00
9:0.047773:3.142364e+00
10:0.042758:3.141947e+00
11:0.038375:3.140232e+00
12:0.036337:3.138571e+00
#testing:t= 17:  n= 10000000 :s= LAB02
1:0.372061:3.141227e+00
2:0.189122:3.141434e+00
3:0.134437:3.141110e+00
4:0.110754:3.140558e+00
5:0.094892:3.140418e+00
6:0.075160:3.139766e+00
7:0.060321:3.139727e+00
8:0.053658:3.139910e+00
9:0.046823:3.142494e+00
10:0.042040:3.140904e+00
11:0.042061:3.141829e+00
12:0.034998:3.140333e+00
#testing:t= 18:  n= 10000000 :s= LAB02
1:0.369555:3.141744e+00
2:0.201362:3.141542e+00
3:0.133874:3.141403e+00
4:0.104580:3.141667e+00
5:0.109514:3.139818e+00
6:0.071646:3.140186e+00
7:0.064774:3.144744e+00
8:0.058304:3.140691e+00
9:0.047554:3.141792e+00
10:0.042533:3.140816e+00
11:0.039815:3.140606e+00
12:0.036699:3.141542e+00
#testing:t= 19:  n= 10000000 :s= LAB02
1:0.379958:3.141585e+00
2:0.188991:3.143038e+00
3:0.133771:3.143024e+00
4:0.111420:3.139869e+00
5:0.084520:3.139650e+00
6:0.074929:3.140551e+00
7:0.064557:3.144109e+00
8:0.058154:3.142147e+00
9:0.047008:3.141029e+00
10:0.042049:3.142356e+00
11:0.038523:3.140584e+00
12:0.041284:3.143237e+00
#testing:t= 20:  n= 10000000 :s= LAB02
1:0.369399:3.141400e+00
2:0.190283:3.142038e+00
3:0.133934:3.140611e+00
4:0.104452:3.141298e+00
5:0.085067:3.141362e+00
6:0.075635:3.142894e+00
7:0.060188:3.142252e+00
8:0.054333:3.141350e+00
9:0.047800:3.143711e+00
10:0.043530:3.144848e+00
11:0.038464:3.142836e+00
12:0.035397:3.144211e+00
#testing:t= 21:  n= 10000000 :s= LAB02
1:0.369090:3.141268e+00
2:0.188781:3.142107e+00
3:0.134218:3.141548e+00
4:0.104266:3.141736e+00
5:0.084538:3.142708e+00
6:0.069944:3.142267e+00
7:0.067594:3.140760e+00
8:0.056255:3.139485e+00
9:0.047463:3.142044e+00
10:0.045167:3.139696e+00
11:0.041122:3.139396e+00
12:0.035959:3.143558e+00
#testing:t= 22:  n= 10000000 :s= LAB02
1:0.379910:3.141235e+00
2:0.195984:3.140505e+00
3:0.136170:3.140540e+00
4:0.105483:3.141970e+00
5:0.084868:3.141466e+00
6:0.070967:3.142502e+00
7:0.060167:3.140438e+00
8:0.057753:3.142416e+00
9:0.048819:3.143099e+00
10:0.042362:3.144076e+00
11:0.038284:3.144372e+00
12:0.035124:3.140626e+00
#testing:t= 23:  n= 10000000 :s= LAB02
1:0.369362:3.140815e+00
2:0.189463:3.140670e+00
3:0.135227:3.143075e+00
4:0.113828:3.142318e+00
5:0.090124:3.139920e+00
6:0.070950:3.139630e+00
7:0.065180:3.140236e+00
8:0.057681:3.140442e+00
9:0.046818:3.139877e+00
10:0.042232:3.146216e+00
11:0.040382:3.142806e+00
12:0.044764:3.140746e+00
#testing:t= 24:  n= 10000000 :s= LAB02
1:0.375886:3.142120e+00
2:0.195257:3.142045e+00
3:0.133873:3.142352e+00
4:0.103568:3.142458e+00
5:0.087773:3.140726e+00
6:0.071164:3.140287e+00
7:0.061383:3.142398e+00
8:0.052823:3.139856e+00
9:0.046724:3.140604e+00
10:0.043318:3.142684e+00
11:0.038818:3.142212e+00
12:0.036059:3.141312e+00
#testing:t= 25:  n= 10000000 :s= LAB02
1:0.369010:3.140455e+00
2:0.189789:3.142006e+00
3:0.133400:3.141437e+00
4:0.105097:3.141341e+00
5:0.084496:3.140966e+00
6:0.073414:3.140794e+00
7:0.059959:3.139651e+00
8:0.053456:3.139491e+00
9:0.049303:3.143059e+00
10:0.044880:3.140504e+00
11:0.041558:3.139809e+00
12:0.035084:3.138638e+00
#testing:t= 26:  n= 10000000 :s= LAB02
1:0.370095:3.140455e+00
2:0.189859:3.139506e+00
3:0.146623:3.141139e+00
4:0.104813:3.140997e+00
5:0.084928:3.141608e+00
6:0.070901:3.141139e+00
7:0.061407:3.140292e+00
8:0.052740:3.142045e+00
9:0.046835:3.138786e+00
10:0.041996:3.139168e+00
11:0.038441:3.142137e+00
12:0.035217:3.139598e+00
#testing:t= 27:  n= 10000000 :s= LAB02
1:0.369352:3.141861e+00
2:0.188417:3.142411e+00
3:0.133788:3.142804e+00
4:0.112316:3.141304e+00
5:0.090817:3.141368e+00
6:0.070983:3.139927e+00
7:0.071863:3.140956e+00
8:0.055527:3.144166e+00
9:0.050022:3.144917e+00
10:0.042248:3.141452e+00
11:0.038637:3.144218e+00
12:0.035304:3.141528e+00
#testing:t= 28:  n= 10000000 :s= LAB02
1:0.369475:3.142299e+00
2:0.195117:3.142688e+00
3:0.141098:3.141136e+00
4:0.104048:3.141120e+00
5:0.090729:3.141430e+00
6:0.076006:3.143666e+00
7:0.062698:3.143876e+00
8:0.060012:3.145590e+00
9:0.054568:3.139988e+00
10:0.043384:3.139156e+00
11:0.040985:3.143334e+00
12:0.035536:3.140438e+00
#testing:t= 29:  n= 10000000 :s= LAB02
1:0.369186:3.142054e+00
2:0.190105:3.142901e+00
3:0.133749:3.143092e+00
4:0.105180:3.141883e+00
5:0.084750:3.139144e+00
6:0.080113:3.139426e+00
7:0.060266:3.140102e+00
8:0.052602:3.141472e+00
9:0.047497:3.138498e+00
10:0.043253:3.139232e+00
11:0.038160:3.141569e+00
12:0.036085:3.141893e+00