Compiling  LAB01
-- Configuring done
-- Generating done
-- Build files have been written to: /home/students/k/u/kulinski/repos/MPR-Labs
Consolidate compiler generated dependencies of target LAB01
[100%] Built target LAB01
Starting  LAB01
#testing:v= 1
1:10.192295:0.001019
501:10.409769:0.001041
1001:9.960552:0.000996
1501:13.354864:0.001335
2001:12.211230:0.001221
2501:13.787982:0.001379
3001:22.244920:0.002224
3501:23.690977:0.002369
4001:15.687295:0.001569
4501:17.517503:0.001752
5001:11.337583:0.001134
5501:11.534968:0.001153
6001:34.502898:0.003450
6501:21.534483:0.002153
7001:15.366376:0.001537
7501:16.330695:0.001633
8001:10.446441:0.001045
8501:25.260295:0.002526
9001:25.898397:0.002590
9501:20.953981:0.002095
10001:19.988007:0.001999
10501:30.894031:0.003089
11001:21.797022:0.002180
11501:23.376710:0.002338
12001:18.965439:0.001897
12501:11.489450:0.001149
13001:10.490968:0.001049
13501:26.822281:0.002682
14001:24.388648:0.002439
14501:12.650177:0.001265
15001:13.819425:0.001382
15501:15.681751:0.001568
16001:29.900351:0.002990
16501:23.593069:0.002359
17001:12.316074:0.001232
17501:13.003424:0.001300
18001:11.654182:0.001165
18501:15.122839:0.001512
19001:36.569953:0.003657
19501:38.136392:0.003814
20001:13.773151:0.001377
20501:14.863581:0.001486
21001:19.105539:0.001911
21501:18.519839:0.001852
22001:21.467813:0.002147
22501:6.778578:0.000678
23001:15.103116:0.001510
23501:18.820160:0.001882
24001:16.343010:0.001634
24501:9.226061:0.000923
25001:16.656308:0.001666
25501:23.802315:0.002380
26001:25.471345:0.002547
26501:41.438625:0.004144
27001:22.509174:0.002251
27501:27.224894:0.002722
28001:33.423032:0.003342
28501:35.624801:0.003562
29001:44.709553:0.004471
29501:34.587929:0.003459
30001:32.739614:0.003274
30501:27.698656:0.002770
31001:28.440578:0.002844
31501:25.168749:0.002517
32001:27.555061:0.002756
32501:27.405162:0.002741
33001:32.315712:0.003232
33501:29.828570:0.002983
34001:27.958366:0.002796
34501:28.668170:0.002867
35001:29.545765:0.002955
35501:34.858956:0.003486
36001:27.950206:0.002795
36501:25.475826:0.002548
37001:24.741838:0.002474
37501:23.181264:0.002318
38001:30.681883:0.003068
38501:33.305752:0.003331
39001:26.057723:0.002606
39501:24.044422:0.002404
40001:24.976824:0.002498
40501:23.923938:0.002392
41001:25.036046:0.002504
41501:38.130024:0.003813
42001:28.004673:0.002800
42501:25.098170:0.002510
43001:23.865125:0.002387
43501:24.045205:0.002405
44001:26.257828:0.002626
44501:25.687297:0.002569
45001:39.956341:0.003996
45501:32.069885:0.003207
46001:24.339038:0.002434
46501:21.658297:0.002166
47001:25.045366:0.002505
47501:21.931877:0.002193
48001:19.855601:0.001986
48501:21.920337:0.002192
49001:22.804100:0.002280
49501:17.182577:0.001718
50001:18.467754:0.001847
50501:19.217585:0.001922
51001:14.553102:0.001455
51501:18.559923:0.001856
52001:30.725391:0.003073
52501:32.257810:0.003226
53001:31.541044:0.003154
53501:41.286096:0.004129
54001:34.936651:0.003494
54501:31.164490:0.003116
55001:33.857111:0.003386
55501:32.901381:0.003290
56001:30.023304:0.003002
56501:52.154158:0.005215
57001:37.269509:0.003727
57501:30.514068:0.003051
58001:26.034081:0.002603
58501:30.287741:0.003029
59001:24.364108:0.002436
59501:37.309057:0.003731
60001:50.463864:0.005046
60501:29.750500:0.002975
61001:30.633646:0.003063
61501:27.898814:0.002790
62001:32.004057:0.003200
62501:39.044838:0.003904
63001:40.052662:0.004005
63501:27.390195:0.002739
64001:19.270494:0.001927
64501:18.643467:0.001864
65001:19.122514:0.001912
65501:19.347970:0.001935
66001:23.716425:0.002372
66501:20.048091:0.002005
67001:21.258769:0.002126
67501:17.739594:0.001774
68001:17.913635:0.001791
68501:19.405384:0.001941
69001:17.815039:0.001782
69501:16.905733:0.001691
70001:19.402787:0.001940
70501:17.684838:0.001768
71001:31.599067:0.003160
71501:29.737660:0.002974
72001:21.885968:0.002189
72501:25.592599:0.002559
73001:23.816921:0.002382
73501:18.127625:0.001813
74001:20.402826:0.002040
74501:22.473661:0.002247
75001:21.219895:0.002122
75501:21.572906:0.002157
76001:11.897095:0.001190
76501:17.167083:0.001717
77001:24.426407:0.002443
77501:18.711339:0.001871
78001:19.048181:0.001905
78501:15.043314:0.001504
79001:20.904777:0.002090
79501:24.353321:0.002435
80001:17.919971:0.001792
80501:18.517824:0.001852
81001:14.330888:0.001433
81501:17.125788:0.001713
82001:23.892980:0.002389
82501:23.741692:0.002374
83001:18.065426:0.001807
83501:17.024552:0.001702
84001:19.620039:0.001962
84501:18.951808:0.001895
85001:18.490820:0.001849
85501:21.226139:0.002123
86001:13.539158:0.001354
86501:22.606746:0.002261
87001:17.036364:0.001704
87501:15.067206:0.001507
88001:13.541850:0.001354
88501:13.249583:0.001325
89001:13.835149:0.001384
89501:12.693162:0.001269
90001:16.887218:0.001689
90501:15.607724:0.001561
91001:10.375139:0.001038
91501:9.132247:0.000913
92001:12.462404:0.001246
92501:15.215718:0.001522
93001:13.783078:0.001378
93501:16.595886:0.001660
94001:14.240015:0.001424
94501:12.090042:0.001209
95001:14.858498:0.001486
95501:14.868046:0.001487
96001:18.805490:0.001881
96501:22.052799:0.002205
97001:22.162622:0.002216
97501:22.192907:0.002219
98001:21.130794:0.002113
98501:32.842056:0.003284
99001:27.679523:0.002768
99501:38.447815:0.003845
100001:29.389260:0.002939
100501:21.383211:0.002138
101001:24.781060:0.002478
101501:29.826167:0.002983
102001:35.330060:0.003533
102501:28.976088:0.002898
103001:24.035860:0.002404
103501:24.216731:0.002422
104001:38.311631:0.003831
104501:35.080558:0.003508
105001:33.449363:0.003345
105501:21.372919:0.002137
106001:20.834753:0.002083
106501:22.567224:0.002257
107001:32.763411:0.003276
107501:33.501666:0.003350
108001:38.619590:0.003862
108501:28.407402:0.002841
109001:17.325223:0.001733
109501:28.719728:0.002872
110001:33.719819:0.003372
110501:33.465930:0.003347
111001:31.102634:0.003110
111501:20.304291:0.002030
112001:20.599864:0.002060
112501:20.150019:0.002015
113001:21.536279:0.002154
113501:16.935922:0.001694
114001:13.693157:0.001369
114501:18.536141:0.001854
115001:19.381924:0.001938
115501:15.475512:0.001548
116001:19.324167:0.001932
116501:17.679021:0.001768
117001:12.144803:0.001214
117501:22.872408:0.002287
118001:12.433821:0.001243
118501:19.310251:0.001931
119001:16.433147:0.001643
119501:16.879975:0.001688
120001:14.873206:0.001487
120501:14.459780:0.001446
121001:18.226214:0.001823
121501:17.498858:0.001750
122001:17.855212:0.001786
122501:20.096207:0.002010
123001:15.227978:0.001523
123501:9.372836:0.000937
124001:12.094326:0.001209
124501:20.223909:0.002022
125001:14.527843:0.001453
125501:17.822802:0.001782
126001:18.606264:0.001861
126501:17.942956:0.001794
127001:14.665572:0.001467
127501:12.454239:0.001245
128001:17.501665:0.001750
128501:14.275145:0.001428
129001:17.295787:0.001730
129501:14.813650:0.001481
130001:16.232944:0.001623
130501:12.063326:0.001206
131001:17.471921:0.001747
131501:36.043068:0.003604
132001:37.210430:0.003721
132501:33.781876:0.003378
133001:32.078070:0.003208
133501:33.222697:0.003322
134001:46.043581:0.004604
134501:39.306845:0.003931
135001:29.187991:0.002919
135501:36.063214:0.003606
136001:39.917197:0.003992
136501:29.467001:0.002947
137001:36.853916:0.003685
137501:32.095494:0.003210
138001:33.967867:0.003397
138501:47.251011:0.004725
139001:34.916757:0.003492
139501:34.073933:0.003407
140001:33.514870:0.003351
140501:31.185362:0.003119
141001:30.312812:0.003031
141501:39.499462:0.003950
142001:74.330978:0.007433
142501:66.330101:0.006633
143001:58.153536:0.005815
143501:36.747251:0.003675
144001:30.359052:0.003036
144501:33.485920:0.003349
145001:33.736067:0.003374
145501:28.689349:0.002869
