Compiling  LAB01
-- Configuring done
-- Generating done
-- Build files have been written to: /home/students/k/u/kulinski/repos/MPR-Labs
Consolidate compiler generated dependencies of target LAB01
[ 50%] Building C object CMakeFiles/LAB01.dir/lab01/lab01.c.o
[100%] Linking C executable LAB01
[100%] Built target LAB01
Starting  LAB01
#testing:v= 0
1:0.047501:0.000005
2:0.036505:0.000004
4:0.040468:0.000004
8:0.024902:0.000002
16:0.052133:0.000005
32:0.054495:0.000005
64:0.050224:0.000005
128:0.114993:0.000011
256:0.210333:0.000021
512:0.251674:0.000025
1024:0.415616:0.000042
2048:0.936601:0.000094
4096:1.137185:0.000114
8192:2.299382:0.000230
16384:3.820118:0.000382
32768:5.013970:0.000501
65536:7.394706:0.000739
131072:24.156988:0.002416
262144:40.110227:0.004011
524288:55.038737:0.005504
1048576:54.232469:0.005423
2097152:106.855188:0.010686
4194304:344.384920:0.034438
8388608:788.949038:0.078895
#testing:v= 1
1:7.693915:0.000769
2:8.212092:0.000821
4:7.274188:0.000727
8:8.651412:0.000865
16:7.758202:0.000776
32:7.987433:0.000799
64:8.537851:0.000854
128:6.948202:0.000695
256:7.361717:0.000736
512:7.760285:0.000776
1024:6.492596:0.000649
2048:13.898620:0.001390
4096:13.524690:0.001352
8192:11.431514:0.001143
16384:15.856404:0.001586
32768:11.861557:0.001186
65536:12.530722:0.001253
131072:20.317241:0.002032
262144:36.519817:0.003652
524288:58.548798:0.005855
1048576:97.709643:0.009771
2097152:169.688402:0.016969
4194304:329.078955:0.032908
8388608:753.254994:0.075325