1GB
Master:Running 1 m4.large
Core:Running 4 m4.large
Task:Running 4 m4.large

real    4m43.260s
user    0m9.026s
sys     0m0.559s

5GB

real    15m32.646s
user    0m11.348s
sys     0m0.846s

10GB

real    31m12.116s
user    0m12.251s
sys     0m0.895s


====================

1GB = 8 minutes
5GB = 36 minutes


===================
===================
m4.large 1
m4.large 4
m4.large 4

1GB = 4.6 min
    = 4.8 min

5GB = 15 min
    = 23 min

10GB = 31 min


==================
m4.large 1
m4.large 3

1GB = 7.9 min

5GB = 37 min
    = 37 min

10GB = 1.3 h


==================
m5.xlarge 1
m5.xlarge 1

1GB = 8 min

5GB = 41 min


=================
m5.xlarge 1
m5.xlarge 1
m5.xlarge 2

1GB = 5.9 min

5GB = 23 min

10GB = 46 min