Compiling  LAB03
-- Configuring done
-- Generating done
-- Build files have been written to: /home/students/k/u/kulinski/repos/MPR-Labs
Consolidate compiler generated dependencies of target LAB03
[ 50%] Building C object CMakeFiles/LAB03.dir/lab03/paraller_for.c.o
[100%] Linking C executable LAB03
[100%] Built target LAB03
Starting  LAB03
t=1:delta=0.000138:d=1:c=1:n=1000:one=0.000014
t=1:delta=0.000113:d=1:c=2:n=1000:one=0.000011
t=1:delta=0.000114:d=1:c=3:n=1000:one=0.000011
t=1:delta=0.000114:d=1:c=4:n=1000:one=0.000011
t=2:delta=0.000254:d=1:c=1:n=1000:one=0.000025
t=2:delta=0.000194:d=1:c=2:n=1000:one=0.000019
t=2:delta=0.000204:d=1:c=3:n=1000:one=0.000020
t=2:delta=0.000167:d=1:c=4:n=1000:one=0.000017
t=3:delta=0.000273:d=1:c=1:n=1000:one=0.000027
t=3:delta=0.000185:d=1:c=2:n=1000:one=0.000019
t=3:delta=0.000173:d=1:c=3:n=1000:one=0.000017
t=3:delta=0.000181:d=1:c=4:n=1000:one=0.000018
t=4:delta=0.000231:d=1:c=1:n=1000:one=0.000023
t=4:delta=0.000223:d=1:c=2:n=1000:one=0.000022
t=4:delta=0.000189:d=1:c=3:n=1000:one=0.000019
t=4:delta=0.000203:d=1:c=4:n=1000:one=0.000020
t=1:delta=0.000212:d=2:c=1:n=1000:one=0.000021
t=1:delta=0.000171:d=2:c=2:n=1000:one=0.000017
t=1:delta=0.000157:d=2:c=3:n=1000:one=0.000016
t=1:delta=0.000147:d=2:c=4:n=1000:one=0.000015
t=2:delta=0.000569:d=2:c=1:n=1000:one=0.000057
t=2:delta=0.000382:d=2:c=2:n=1000:one=0.000038
t=2:delta=0.000256:d=2:c=3:n=1000:one=0.000026
t=2:delta=0.000213:d=2:c=4:n=1000:one=0.000021
t=3:delta=0.000750:d=2:c=1:n=1000:one=0.000075
t=3:delta=0.000398:d=2:c=2:n=1000:one=0.000040
t=3:delta=0.000304:d=2:c=3:n=1000:one=0.000030
t=3:delta=0.000239:d=2:c=4:n=1000:one=0.000024
t=4:delta=0.000725:d=2:c=1:n=1000:one=0.000073
t=4:delta=0.000454:d=2:c=2:n=1000:one=0.000045
t=4:delta=0.000356:d=2:c=3:n=1000:one=0.000036
t=4:delta=0.000270:d=2:c=4:n=1000:one=0.000027
t=1:delta=0.000867:d=1:c=1:n=10000:one=0.000087
t=1:delta=0.000845:d=1:c=2:n=10000:one=0.000085
t=1:delta=0.000846:d=1:c=3:n=10000:one=0.000085
t=1:delta=0.000875:d=1:c=4:n=10000:one=0.000088
t=2:delta=0.001695:d=1:c=1:n=10000:one=0.000170
t=2:delta=0.001128:d=1:c=2:n=10000:one=0.000113
t=2:delta=0.000908:d=1:c=3:n=10000:one=0.000091
t=2:delta=0.000795:d=1:c=4:n=10000:one=0.000080
t=3:delta=0.001202:d=1:c=1:n=10000:one=0.000120
t=3:delta=0.000829:d=1:c=2:n=10000:one=0.000083
t=3:delta=0.000695:d=1:c=3:n=10000:one=0.000070
t=3:delta=0.000606:d=1:c=4:n=10000:one=0.000061
t=4:delta=0.000958:d=1:c=1:n=10000:one=0.000096
t=4:delta=0.000677:d=1:c=2:n=10000:one=0.000068
t=4:delta=0.000580:d=1:c=3:n=10000:one=0.000058
t=4:delta=0.000522:d=1:c=4:n=10000:one=0.000052
t=1:delta=0.001877:d=2:c=1:n=10000:one=0.000188
t=1:delta=0.001431:d=2:c=2:n=10000:one=0.000143
t=1:delta=0.001298:d=2:c=3:n=10000:one=0.000130
t=1:delta=0.001174:d=2:c=4:n=10000:one=0.000117
t=2:delta=0.004663:d=2:c=1:n=10000:one=0.000466
t=2:delta=0.002605:d=2:c=2:n=10000:one=0.000261
t=2:delta=0.001497:d=2:c=3:n=10000:one=0.000150
t=2:delta=0.001095:d=2:c=4:n=10000:one=0.000109
t=3:delta=0.003751:d=2:c=1:n=10000:one=0.000375
t=3:delta=0.001912:d=2:c=2:n=10000:one=0.000191
t=3:delta=0.001420:d=2:c=3:n=10000:one=0.000142
t=3:delta=0.001051:d=2:c=4:n=10000:one=0.000105
t=4:delta=0.003272:d=2:c=1:n=10000:one=0.000327
t=4:delta=0.001868:d=2:c=2:n=10000:one=0.000187
t=4:delta=0.001430:d=2:c=3:n=10000:one=0.000143
t=4:delta=0.001070:d=2:c=4:n=10000:one=0.000107
t=1:delta=0.008303:d=1:c=1:n=100000:one=0.000830
t=1:delta=0.008313:d=1:c=2:n=100000:one=0.000831
t=1:delta=0.008386:d=1:c=3:n=100000:one=0.000839
t=1:delta=0.008326:d=1:c=4:n=100000:one=0.000833
t=2:delta=0.015817:d=1:c=1:n=100000:one=0.001582
t=2:delta=0.010118:d=1:c=2:n=100000:one=0.001012
t=2:delta=0.008221:d=1:c=3:n=100000:one=0.000822
t=2:delta=0.007244:d=1:c=4:n=100000:one=0.000724
t=3:delta=0.010734:d=1:c=1:n=100000:one=0.001073
t=3:delta=0.006885:d=1:c=2:n=100000:one=0.000689
t=3:delta=0.005644:d=1:c=3:n=100000:one=0.000564
t=3:delta=0.005041:d=1:c=4:n=100000:one=0.000504
t=4:delta=0.008100:d=1:c=1:n=100000:one=0.000810
t=4:delta=0.005288:d=1:c=2:n=100000:one=0.000529
t=4:delta=0.004358:d=1:c=3:n=100000:one=0.000436
t=4:delta=0.003880:d=1:c=4:n=100000:one=0.000388
t=1:delta=0.018467:d=2:c=1:n=100000:one=0.001847
t=1:delta=0.014147:d=2:c=2:n=100000:one=0.001415
t=1:delta=0.012813:d=2:c=3:n=100000:one=0.001281
t=1:delta=0.011485:d=2:c=4:n=100000:one=0.001148
t=2:delta=0.039644:d=2:c=1:n=100000:one=0.003964
t=2:delta=0.021401:d=2:c=2:n=100000:one=0.002140
t=2:delta=0.014680:d=2:c=3:n=100000:one=0.001468
t=2:delta=0.010229:d=2:c=4:n=100000:one=0.001023
t=3:delta=0.039827:d=2:c=1:n=100000:one=0.003983
t=3:delta=0.021376:d=2:c=2:n=100000:one=0.002138
t=3:delta=0.013100:d=2:c=3:n=100000:one=0.001310
t=3:delta=0.009641:d=2:c=4:n=100000:one=0.000964
t=4:delta=0.040215:d=2:c=1:n=100000:one=0.004022
t=4:delta=0.020980:d=2:c=2:n=100000:one=0.002098
t=4:delta=0.013003:d=2:c=3:n=100000:one=0.001300
t=4:delta=0.008630:d=2:c=4:n=100000:one=0.000863
t=1:delta=0.082714:d=1:c=1:n=1000000:one=0.008271
t=1:delta=0.081643:d=1:c=2:n=1000000:one=0.008164
t=1:delta=0.081616:d=1:c=3:n=1000000:one=0.008162
t=1:delta=0.081548:d=1:c=4:n=1000000:one=0.008155
t=2:delta=0.156292:d=1:c=1:n=1000000:one=0.015629
t=2:delta=0.098929:d=1:c=2:n=1000000:one=0.009893
t=2:delta=0.079871:d=1:c=3:n=1000000:one=0.007987
t=2:delta=0.070401:d=1:c=4:n=1000000:one=0.007040
t=3:delta=0.105005:d=1:c=1:n=1000000:one=0.010500
t=3:delta=0.067211:d=1:c=2:n=1000000:one=0.006721
t=3:delta=0.054094:d=1:c=3:n=1000000:one=0.005409
t=3:delta=0.047700:d=1:c=4:n=1000000:one=0.004770
t=4:delta=0.079206:d=1:c=1:n=1000000:one=0.007921
t=4:delta=0.052824:d=1:c=2:n=1000000:one=0.005282
t=4:delta=0.041227:d=1:c=3:n=1000000:one=0.004123
t=4:delta=0.036235:d=1:c=4:n=1000000:one=0.003624
t=1:delta=0.183829:d=2:c=1:n=1000000:one=0.018383
t=1:delta=0.140271:d=2:c=2:n=1000000:one=0.014027
t=1:delta=0.126056:d=2:c=3:n=1000000:one=0.012606
t=1:delta=0.147585:d=2:c=4:n=1000000:one=0.014758
t=2:delta=0.435673:d=2:c=1:n=1000000:one=0.043567
t=2:delta=0.213811:d=2:c=2:n=1000000:one=0.021381
t=2:delta=0.142226:d=2:c=3:n=1000000:one=0.014223
t=2:delta=0.099821:d=2:c=4:n=1000000:one=0.009982
t=3:delta=0.395952:d=2:c=1:n=1000000:one=0.039595
t=3:delta=0.222205:d=2:c=2:n=1000000:one=0.022220
t=3:delta=0.133255:d=2:c=3:n=1000000:one=0.013325
t=3:delta=0.088457:d=2:c=4:n=1000000:one=0.008846
t=4:delta=0.395494:d=2:c=1:n=1000000:one=0.039549
t=4:delta=0.209537:d=2:c=2:n=1000000:one=0.020954
t=4:delta=0.128720:d=2:c=3:n=1000000:one=0.012872
t=4:delta=0.092989:d=2:c=4:n=1000000:one=0.009299
t=1:delta=0.841925:d=1:c=1:n=10000000:one=0.084192
t=1:delta=0.840826:d=1:c=2:n=10000000:one=0.084083
t=1:delta=0.840931:d=1:c=3:n=10000000:one=0.084093
t=1:delta=0.841370:d=1:c=4:n=10000000:one=0.084137
t=2:delta=1.579266:d=1:c=1:n=10000000:one=0.157927
t=2:delta=1.012564:d=1:c=2:n=10000000:one=0.101256
t=2:delta=0.819471:d=1:c=3:n=10000000:one=0.081947
t=2:delta=0.724700:d=1:c=4:n=10000000:one=0.072470
t=3:delta=1.049187:d=1:c=1:n=10000000:one=0.104919
t=3:delta=0.671883:d=1:c=2:n=10000000:one=0.067188
t=3:delta=0.543155:d=1:c=3:n=10000000:one=0.054316
t=3:delta=0.480566:d=1:c=4:n=10000000:one=0.048057
t=4:delta=0.792033:d=1:c=1:n=10000000:one=0.079203
t=4:delta=0.511575:d=1:c=2:n=10000000:one=0.051157
t=4:delta=0.414671:d=1:c=3:n=10000000:one=0.041467
t=4:delta=0.374937:d=1:c=4:n=10000000:one=0.037494
t=1:delta=1.921881:d=2:c=1:n=10000000:one=0.192188
t=1:delta=1.460002:d=2:c=2:n=10000000:one=0.146000
t=1:delta=1.317377:d=2:c=3:n=10000000:one=0.131738
t=1:delta=1.178264:d=2:c=4:n=10000000:one=0.117826
t=2:delta=4.028398:d=2:c=1:n=10000000:one=0.402840
t=2:delta=2.157524:d=2:c=2:n=10000000:one=0.215752
t=2:delta=1.436584:d=2:c=3:n=10000000:one=0.143658
t=2:delta=0.990721:d=2:c=4:n=10000000:one=0.099072
t=3:delta=3.845004:d=2:c=1:n=10000000:one=0.384500
t=3:delta=2.018288:d=2:c=2:n=10000000:one=0.201829
t=3:delta=1.348218:d=2:c=3:n=10000000:one=0.134822
t=3:delta=0.938424:d=2:c=4:n=10000000:one=0.093842
t=4:delta=4.027594:d=2:c=1:n=10000000:one=0.402759
t=4:delta=1.951427:d=2:c=2:n=10000000:one=0.195143
t=4:delta=1.252570:d=2:c=3:n=10000000:one=0.125257
t=4:delta=0.938894:d=2:c=4:n=10000000:one=0.093889
0