 plgrid/tools/cmake/3.22.1 loaded.
Compiling  LAB03
-- Could NOT find MPI_C (missing: MPI_C_WORKS)
-- Could NOT find MPI (missing: MPI_C_FOUND)
-- Configuring done
-- Generating done
-- Build files have been written to: /net/people/plggkulinski/MPR/MPR-Labs
Consolidate compiler generated dependencies of target LAB03
[100%] Built target LAB03
Starting  LAB03
t=1:delta=0.000104:d=1:c=1:n=1000:one=0.000010
t=1:delta=0.000095:d=1:c=2:n=1000:one=0.000009
t=1:delta=0.000093:d=1:c=3:n=1000:one=0.000009
t=1:delta=0.000094:d=1:c=4:n=1000:one=0.000009
t=2:delta=0.000218:d=1:c=1:n=1000:one=0.000022
t=2:delta=0.000147:d=1:c=2:n=1000:one=0.000015
t=2:delta=0.000149:d=1:c=3:n=1000:one=0.000015
t=2:delta=0.000140:d=1:c=4:n=1000:one=0.000014
t=3:delta=0.000188:d=1:c=1:n=1000:one=0.000019
t=3:delta=0.000157:d=1:c=2:n=1000:one=0.000016
t=3:delta=0.000158:d=1:c=3:n=1000:one=0.000016
t=3:delta=0.000138:d=1:c=4:n=1000:one=0.000014
t=4:delta=0.000180:d=1:c=1:n=1000:one=0.000018
t=4:delta=0.000161:d=1:c=2:n=1000:one=0.000016
t=4:delta=0.000150:d=1:c=3:n=1000:one=0.000015
t=4:delta=0.000143:d=1:c=4:n=1000:one=0.000014
t=5:delta=0.000173:d=1:c=1:n=1000:one=0.000017
t=5:delta=0.000160:d=1:c=2:n=1000:one=0.000016
t=5:delta=0.000147:d=1:c=3:n=1000:one=0.000015
t=5:delta=0.000147:d=1:c=4:n=1000:one=0.000015
t=6:delta=0.000257:d=1:c=1:n=1000:one=0.000026
t=6:delta=0.000197:d=1:c=2:n=1000:one=0.000020
t=6:delta=0.000218:d=1:c=3:n=1000:one=0.000022
t=6:delta=0.000226:d=1:c=4:n=1000:one=0.000023
t=7:delta=0.000219:d=1:c=1:n=1000:one=0.000022
t=7:delta=0.000219:d=1:c=2:n=1000:one=0.000022
t=7:delta=0.000195:d=1:c=3:n=1000:one=0.000019
t=7:delta=0.000195:d=1:c=4:n=1000:one=0.000020
t=8:delta=0.000686:d=1:c=1:n=1000:one=0.000069
t=8:delta=0.000236:d=1:c=2:n=1000:one=0.000024
t=8:delta=0.000223:d=1:c=3:n=1000:one=0.000022
t=8:delta=0.000213:d=1:c=4:n=1000:one=0.000021
t=1:delta=0.000204:d=2:c=1:n=1000:one=0.000020
t=1:delta=0.000140:d=2:c=2:n=1000:one=0.000014
t=1:delta=0.000125:d=2:c=3:n=1000:one=0.000013
t=1:delta=0.000121:d=2:c=4:n=1000:one=0.000012
t=2:delta=0.000505:d=2:c=1:n=1000:one=0.000051
t=2:delta=0.000292:d=2:c=2:n=1000:one=0.000029
t=2:delta=0.000241:d=2:c=3:n=1000:one=0.000024
t=2:delta=0.000165:d=2:c=4:n=1000:one=0.000017
t=3:delta=0.000438:d=2:c=1:n=1000:one=0.000044
t=3:delta=0.000273:d=2:c=2:n=1000:one=0.000027
t=3:delta=0.000202:d=2:c=3:n=1000:one=0.000020
t=3:delta=0.000175:d=2:c=4:n=1000:one=0.000018
t=4:delta=0.000458:d=2:c=1:n=1000:one=0.000046
t=4:delta=0.000273:d=2:c=2:n=1000:one=0.000027
t=4:delta=0.000433:d=2:c=3:n=1000:one=0.000043
t=4:delta=0.000193:d=2:c=4:n=1000:one=0.000019
t=5:delta=0.000439:d=2:c=1:n=1000:one=0.000044
t=5:delta=0.000286:d=2:c=2:n=1000:one=0.000029
t=5:delta=0.000244:d=2:c=3:n=1000:one=0.000024
t=5:delta=0.000209:d=2:c=4:n=1000:one=0.000021
t=6:delta=0.000685:d=2:c=1:n=1000:one=0.000069
t=6:delta=0.000423:d=2:c=2:n=1000:one=0.000042
t=6:delta=0.000342:d=2:c=3:n=1000:one=0.000034
t=6:delta=0.000319:d=2:c=4:n=1000:one=0.000032
t=7:delta=0.000669:d=2:c=1:n=1000:one=0.000067
t=7:delta=0.000394:d=2:c=2:n=1000:one=0.000039
t=7:delta=0.000335:d=2:c=3:n=1000:one=0.000033
t=7:delta=0.000267:d=2:c=4:n=1000:one=0.000027
t=8:delta=0.000717:d=2:c=1:n=1000:one=0.000072
t=8:delta=0.000430:d=2:c=2:n=1000:one=0.000043
t=8:delta=0.000339:d=2:c=3:n=1000:one=0.000034
t=8:delta=0.000324:d=2:c=4:n=1000:one=0.000032
t=1:delta=0.000718:d=1:c=1:n=10000:one=0.000072
t=1:delta=0.000723:d=1:c=2:n=10000:one=0.000072
t=1:delta=0.000727:d=1:c=3:n=10000:one=0.000073
t=1:delta=0.000726:d=1:c=4:n=10000:one=0.000073
t=2:delta=0.001379:d=1:c=1:n=10000:one=0.000138
t=2:delta=0.000915:d=1:c=2:n=10000:one=0.000092
t=2:delta=0.000763:d=1:c=3:n=10000:one=0.000076
t=2:delta=0.000691:d=1:c=4:n=10000:one=0.000069
t=3:delta=0.000961:d=1:c=1:n=10000:one=0.000096
t=3:delta=0.000662:d=1:c=2:n=10000:one=0.000066
t=3:delta=0.000538:d=1:c=3:n=10000:one=0.000054
t=3:delta=0.000511:d=1:c=4:n=10000:one=0.000051
t=4:delta=0.000771:d=1:c=1:n=10000:one=0.000077
t=4:delta=0.000544:d=1:c=2:n=10000:one=0.000054
t=4:delta=0.000464:d=1:c=3:n=10000:one=0.000046
t=4:delta=0.000409:d=1:c=4:n=10000:one=0.000041
t=5:delta=0.000671:d=1:c=1:n=10000:one=0.000067
t=5:delta=0.000465:d=1:c=2:n=10000:one=0.000047
t=5:delta=0.000425:d=1:c=3:n=10000:one=0.000042
t=5:delta=0.000385:d=1:c=4:n=10000:one=0.000038
t=6:delta=0.000726:d=1:c=1:n=10000:one=0.000073
t=6:delta=0.000518:d=1:c=2:n=10000:one=0.000052
t=6:delta=0.000482:d=1:c=3:n=10000:one=0.000048
t=6:delta=0.000418:d=1:c=4:n=10000:one=0.000042
t=7:delta=0.000652:d=1:c=1:n=10000:one=0.000065
t=7:delta=0.000472:d=1:c=2:n=10000:one=0.000047
t=7:delta=0.000455:d=1:c=3:n=10000:one=0.000045
t=7:delta=0.000418:d=1:c=4:n=10000:one=0.000042
t=8:delta=0.000622:d=1:c=1:n=10000:one=0.000062
t=8:delta=0.000473:d=1:c=2:n=10000:one=0.000047
t=8:delta=0.000453:d=1:c=3:n=10000:one=0.000045
t=8:delta=0.000410:d=1:c=4:n=10000:one=0.000041
t=1:delta=0.001856:d=2:c=1:n=10000:one=0.000186
t=1:delta=0.001180:d=2:c=2:n=10000:one=0.000118
t=1:delta=0.001040:d=2:c=3:n=10000:one=0.000104
t=1:delta=0.000950:d=2:c=4:n=10000:one=0.000095
t=2:delta=0.004583:d=2:c=1:n=10000:one=0.000458
t=2:delta=0.002352:d=2:c=2:n=10000:one=0.000235
t=2:delta=0.001628:d=2:c=3:n=10000:one=0.000163
t=2:delta=0.000961:d=2:c=4:n=10000:one=0.000096
t=3:delta=0.003899:d=2:c=1:n=10000:one=0.000390
t=3:delta=0.001777:d=2:c=2:n=10000:one=0.000178
t=3:delta=0.001352:d=2:c=3:n=10000:one=0.000135
t=3:delta=0.000998:d=2:c=4:n=10000:one=0.000100
t=4:delta=0.003431:d=2:c=1:n=10000:one=0.000343
t=4:delta=0.001752:d=2:c=2:n=10000:one=0.000175
t=4:delta=0.001309:d=2:c=3:n=10000:one=0.000131
t=4:delta=0.000988:d=2:c=4:n=10000:one=0.000099
t=5:delta=0.003389:d=2:c=1:n=10000:one=0.000339
t=5:delta=0.001768:d=2:c=2:n=10000:one=0.000177
t=5:delta=0.001324:d=2:c=3:n=10000:one=0.000132
t=5:delta=0.000959:d=2:c=4:n=10000:one=0.000096
t=6:delta=0.005228:d=2:c=1:n=10000:one=0.000523
t=6:delta=0.002742:d=2:c=2:n=10000:one=0.000274
t=6:delta=0.001950:d=2:c=3:n=10000:one=0.000195
t=6:delta=0.001531:d=2:c=4:n=10000:one=0.000153
t=7:delta=0.005033:d=2:c=1:n=10000:one=0.000503
t=7:delta=0.002579:d=2:c=2:n=10000:one=0.000258
t=7:delta=0.001817:d=2:c=3:n=10000:one=0.000182
t=7:delta=0.001484:d=2:c=4:n=10000:one=0.000148
t=8:delta=0.005207:d=2:c=1:n=10000:one=0.000521
t=8:delta=0.002729:d=2:c=2:n=10000:one=0.000273
t=8:delta=0.002344:d=2:c=3:n=10000:one=0.000234
t=8:delta=0.001551:d=2:c=4:n=10000:one=0.000155
t=1:delta=0.006998:d=1:c=1:n=100000:one=0.000700
t=1:delta=0.007040:d=1:c=2:n=100000:one=0.000704
t=1:delta=0.007059:d=1:c=3:n=100000:one=0.000706
t=1:delta=0.007025:d=1:c=4:n=100000:one=0.000702
t=2:delta=0.012938:d=1:c=1:n=100000:one=0.001294
t=2:delta=0.008399:d=1:c=2:n=100000:one=0.000840
t=2:delta=0.006815:d=1:c=3:n=100000:one=0.000681
t=2:delta=0.006035:d=1:c=4:n=100000:one=0.000603
t=3:delta=0.008565:d=1:c=1:n=100000:one=0.000856
t=3:delta=0.005726:d=1:c=2:n=100000:one=0.000573
t=3:delta=0.004701:d=1:c=3:n=100000:one=0.000470
t=3:delta=0.004160:d=1:c=4:n=100000:one=0.000416
t=4:delta=0.006650:d=1:c=1:n=100000:one=0.000665
t=4:delta=0.004393:d=1:c=2:n=100000:one=0.000439
t=4:delta=0.003578:d=1:c=3:n=100000:one=0.000358
t=4:delta=0.003190:d=1:c=4:n=100000:one=0.000319
t=5:delta=0.005314:d=1:c=1:n=100000:one=0.000531
t=5:delta=0.003572:d=1:c=2:n=100000:one=0.000357
t=5:delta=0.002952:d=1:c=3:n=100000:one=0.000295
t=5:delta=0.002613:d=1:c=4:n=100000:one=0.000261
t=6:delta=0.004854:d=1:c=1:n=100000:one=0.000485
t=6:delta=0.003359:d=1:c=2:n=100000:one=0.000336
t=6:delta=0.002733:d=1:c=3:n=100000:one=0.000273
t=6:delta=0.002671:d=1:c=4:n=100000:one=0.000267
t=7:delta=0.004216:d=1:c=1:n=100000:one=0.000422
t=7:delta=0.002897:d=1:c=2:n=100000:one=0.000290
t=7:delta=0.002520:d=1:c=3:n=100000:one=0.000252
t=7:delta=0.002205:d=1:c=4:n=100000:one=0.000220
t=8:delta=0.003920:d=1:c=1:n=100000:one=0.000392
t=8:delta=0.002686:d=1:c=2:n=100000:one=0.000269
t=8:delta=0.002274:d=1:c=3:n=100000:one=0.000227
t=8:delta=0.001953:d=1:c=4:n=100000:one=0.000195
t=1:delta=0.018532:d=2:c=1:n=100000:one=0.001853
t=1:delta=0.011549:d=2:c=2:n=100000:one=0.001155
t=1:delta=0.010194:d=2:c=3:n=100000:one=0.001019
t=1:delta=0.009270:d=2:c=4:n=100000:one=0.000927
t=2:delta=0.041694:d=2:c=1:n=100000:one=0.004169
t=2:delta=0.023037:d=2:c=2:n=100000:one=0.002304
t=2:delta=0.014542:d=2:c=3:n=100000:one=0.001454
t=2:delta=0.009041:d=2:c=4:n=100000:one=0.000904
t=3:delta=0.041328:d=2:c=1:n=100000:one=0.004133
t=3:delta=0.022500:d=2:c=2:n=100000:one=0.002250
t=3:delta=0.014211:d=2:c=3:n=100000:one=0.001421
t=3:delta=0.009255:d=2:c=4:n=100000:one=0.000925
t=4:delta=0.041349:d=2:c=1:n=100000:one=0.004135
t=4:delta=0.023153:d=2:c=2:n=100000:one=0.002315
t=4:delta=0.013883:d=2:c=3:n=100000:one=0.001388
t=4:delta=0.008849:d=2:c=4:n=100000:one=0.000885
t=5:delta=0.041207:d=2:c=1:n=100000:one=0.004121
t=5:delta=0.023630:d=2:c=2:n=100000:one=0.002363
t=5:delta=0.013625:d=2:c=3:n=100000:one=0.001363
t=5:delta=0.008687:d=2:c=4:n=100000:one=0.000869
t=6:delta=0.073437:d=2:c=1:n=100000:one=0.007344
t=6:delta=0.038395:d=2:c=2:n=100000:one=0.003840
t=6:delta=0.025487:d=2:c=3:n=100000:one=0.002549
t=6:delta=0.016402:d=2:c=4:n=100000:one=0.001640
t=7:delta=0.070788:d=2:c=1:n=100000:one=0.007079
t=7:delta=0.037605:d=2:c=2:n=100000:one=0.003760
t=7:delta=0.025250:d=2:c=3:n=100000:one=0.002525
t=7:delta=0.016080:d=2:c=4:n=100000:one=0.001608
t=8:delta=0.074548:d=2:c=1:n=100000:one=0.007455
t=8:delta=0.037452:d=2:c=2:n=100000:one=0.003745
t=8:delta=0.024643:d=2:c=3:n=100000:one=0.002464
t=8:delta=0.017321:d=2:c=4:n=100000:one=0.001732
t=1:delta=0.069221:d=1:c=1:n=1000000:one=0.006922
t=1:delta=0.068965:d=1:c=2:n=1000000:one=0.006896
t=1:delta=0.069173:d=1:c=3:n=1000000:one=0.006917
t=1:delta=0.068952:d=1:c=4:n=1000000:one=0.006895
t=2:delta=0.126076:d=1:c=1:n=1000000:one=0.012608
t=2:delta=0.082890:d=1:c=2:n=1000000:one=0.008289
t=2:delta=0.066400:d=1:c=3:n=1000000:one=0.006640
t=2:delta=0.058460:d=1:c=4:n=1000000:one=0.005846
t=3:delta=0.084206:d=1:c=1:n=1000000:one=0.008421
t=3:delta=0.055540:d=1:c=2:n=1000000:one=0.005554
t=3:delta=0.044721:d=1:c=3:n=1000000:one=0.004472
t=3:delta=0.039548:d=1:c=4:n=1000000:one=0.003955
t=4:delta=0.063257:d=1:c=1:n=1000000:one=0.006326
t=4:delta=0.042158:d=1:c=2:n=1000000:one=0.004216
t=4:delta=0.033898:d=1:c=3:n=1000000:one=0.003390
t=4:delta=0.029892:d=1:c=4:n=1000000:one=0.002989
t=5:delta=0.051153:d=1:c=1:n=1000000:one=0.005115
t=5:delta=0.034839:d=1:c=2:n=1000000:one=0.003484
t=5:delta=0.027367:d=1:c=3:n=1000000:one=0.002737
t=5:delta=0.024283:d=1:c=4:n=1000000:one=0.002428
t=6:delta=0.043992:d=1:c=1:n=1000000:one=0.004399
t=6:delta=0.029679:d=1:c=2:n=1000000:one=0.002968
t=6:delta=0.024443:d=1:c=3:n=1000000:one=0.002444
t=6:delta=0.021189:d=1:c=4:n=1000000:one=0.002119
t=7:delta=0.038213:d=1:c=1:n=1000000:one=0.003821
t=7:delta=0.025845:d=1:c=2:n=1000000:one=0.002584
t=7:delta=0.021054:d=1:c=3:n=1000000:one=0.002105
t=7:delta=0.018397:d=1:c=4:n=1000000:one=0.001840
t=8:delta=0.034549:d=1:c=1:n=1000000:one=0.003455
t=8:delta=0.023161:d=1:c=2:n=1000000:one=0.002316
t=8:delta=0.018917:d=1:c=3:n=1000000:one=0.001892
t=8:delta=0.016589:d=1:c=4:n=1000000:one=0.001659
t=1:delta=0.184195:d=2:c=1:n=1000000:one=0.018419
t=1:delta=0.115327:d=2:c=2:n=1000000:one=0.011533
t=1:delta=0.101045:d=2:c=3:n=1000000:one=0.010104
t=1:delta=0.091825:d=2:c=4:n=1000000:one=0.009182
t=2:delta=0.442852:d=2:c=1:n=1000000:one=0.044285
t=2:delta=0.231493:d=2:c=2:n=1000000:one=0.023149
t=2:delta=0.147615:d=2:c=3:n=1000000:one=0.014761
t=2:delta=0.089059:d=2:c=4:n=1000000:one=0.008906
t=3:delta=0.399345:d=2:c=1:n=1000000:one=0.039934
t=3:delta=0.234827:d=2:c=2:n=1000000:one=0.023483
t=3:delta=0.138679:d=2:c=3:n=1000000:one=0.013868
t=3:delta=0.087329:d=2:c=4:n=1000000:one=0.008733
t=4:delta=0.405898:d=2:c=1:n=1000000:one=0.040590
t=4:delta=0.228038:d=2:c=2:n=1000000:one=0.022804
t=4:delta=0.138631:d=2:c=3:n=1000000:one=0.013863
t=4:delta=0.086478:d=2:c=4:n=1000000:one=0.008648
t=5:delta=0.518300:d=2:c=1:n=1000000:one=0.051830
t=5:delta=0.227199:d=2:c=2:n=1000000:one=0.022720
t=5:delta=0.138621:d=2:c=3:n=1000000:one=0.013862
t=5:delta=0.085626:d=2:c=4:n=1000000:one=0.008563
t=6:delta=0.720484:d=2:c=1:n=1000000:one=0.072048
t=6:delta=0.374504:d=2:c=2:n=1000000:one=0.037450
t=6:delta=0.252870:d=2:c=3:n=1000000:one=0.025287
t=6:delta=0.160488:d=2:c=4:n=1000000:one=0.016049
t=7:delta=0.697927:d=2:c=1:n=1000000:one=0.069793
t=7:delta=0.366101:d=2:c=2:n=1000000:one=0.036610
t=7:delta=0.239436:d=2:c=3:n=1000000:one=0.023944
t=7:delta=0.154704:d=2:c=4:n=1000000:one=0.015470
t=8:delta=0.766643:d=2:c=1:n=1000000:one=0.076664
t=8:delta=0.381512:d=2:c=2:n=1000000:one=0.038151
t=8:delta=0.255308:d=2:c=3:n=1000000:one=0.025531
t=8:delta=0.166659:d=2:c=4:n=1000000:one=0.016666
t=1:delta=0.702782:d=1:c=1:n=10000000:one=0.070278
t=1:delta=0.703378:d=1:c=2:n=10000000:one=0.070338
t=1:delta=0.703924:d=1:c=3:n=10000000:one=0.070392
t=1:delta=0.702993:d=1:c=4:n=10000000:one=0.070299
t=2:delta=1.312682:d=1:c=1:n=10000000:one=0.131268
t=2:delta=0.826752:d=1:c=2:n=10000000:one=0.082675
t=2:delta=0.682925:d=1:c=3:n=10000000:one=0.068293
t=2:delta=0.591867:d=1:c=4:n=10000000:one=0.059187
t=3:delta=0.838188:d=1:c=1:n=10000000:one=0.083819
t=3:delta=0.553927:d=1:c=2:n=10000000:one=0.055393
t=3:delta=0.444501:d=1:c=3:n=10000000:one=0.044450
t=3:delta=0.389563:d=1:c=4:n=10000000:one=0.038956
t=4:delta=0.631744:d=1:c=1:n=10000000:one=0.063174
t=4:delta=0.419327:d=1:c=2:n=10000000:one=0.041933
t=4:delta=0.341871:d=1:c=3:n=10000000:one=0.034187
t=4:delta=0.304068:d=1:c=4:n=10000000:one=0.030407
t=5:delta=0.507868:d=1:c=1:n=10000000:one=0.050787
t=5:delta=0.335040:d=1:c=2:n=10000000:one=0.033504
t=5:delta=0.269798:d=1:c=3:n=10000000:one=0.026980
t=5:delta=0.240511:d=1:c=4:n=10000000:one=0.024051
t=6:delta=0.427484:d=1:c=1:n=10000000:one=0.042748
t=6:delta=0.284437:d=1:c=2:n=10000000:one=0.028444
t=6:delta=0.231149:d=1:c=3:n=10000000:one=0.023115
t=6:delta=0.203426:d=1:c=4:n=10000000:one=0.020343
t=7:delta=0.368823:d=1:c=1:n=10000000:one=0.036882
t=7:delta=0.247807:d=1:c=2:n=10000000:one=0.024781
t=7:delta=0.205469:d=1:c=3:n=10000000:one=0.020547
t=7:delta=0.189008:d=1:c=4:n=10000000:one=0.018901
t=8:delta=0.326087:d=1:c=1:n=10000000:one=0.032609
t=8:delta=0.220220:d=1:c=2:n=10000000:one=0.022022
t=8:delta=0.179046:d=1:c=3:n=10000000:one=0.017905
t=8:delta=0.162370:d=1:c=4:n=10000000:one=0.016237
t=1:delta=1.868598:d=2:c=1:n=10000000:one=0.186860
t=1:delta=1.197586:d=2:c=2:n=10000000:one=0.119759
t=1:delta=1.044449:d=2:c=3:n=10000000:one=0.104445
t=1:delta=0.950240:d=2:c=4:n=10000000:one=0.095024
t=2:delta=4.329204:d=2:c=1:n=10000000:one=0.432920
t=2:delta=2.350169:d=2:c=2:n=10000000:one=0.235017
t=2:delta=1.465089:d=2:c=3:n=10000000:one=0.146509
t=2:delta=0.893613:d=2:c=4:n=10000000:one=0.089361
t=3:delta=4.049449:d=2:c=1:n=10000000:one=0.404945
t=3:delta=2.215427:d=2:c=2:n=10000000:one=0.221543
t=3:delta=1.387021:d=2:c=3:n=10000000:one=0.138702
t=3:delta=0.877394:d=2:c=4:n=10000000:one=0.087739
t=4:delta=4.075919:d=2:c=1:n=10000000:one=0.407592
t=4:delta=2.309376:d=2:c=2:n=10000000:one=0.230938
t=4:delta=1.391494:d=2:c=3:n=10000000:one=0.139149
t=4:delta=0.861323:d=2:c=4:n=10000000:one=0.086132
t=5:delta=4.042477:d=2:c=1:n=10000000:one=0.404248
t=5:delta=2.315704:d=2:c=2:n=10000000:one=0.231570
t=5:delta=1.348398:d=2:c=3:n=10000000:one=0.134840
t=5:delta=0.847448:d=2:c=4:n=10000000:one=0.084745
t=6:delta=7.272492:d=2:c=1:n=10000000:one=0.727249
t=6:delta=3.930600:d=2:c=2:n=10000000:one=0.393060
t=6:delta=2.519181:d=2:c=3:n=10000000:one=0.251918
t=6:delta=1.590336:d=2:c=4:n=10000000:one=0.159034
t=7:delta=7.161598:d=2:c=1:n=10000000:one=0.716160
t=7:delta=3.824076:d=2:c=2:n=10000000:one=0.382408
t=7:delta=2.386643:d=2:c=3:n=10000000:one=0.238664
t=7:delta=1.545852:d=2:c=4:n=10000000:one=0.154585
t=8:delta=7.092594:d=2:c=1:n=10000000:one=0.709259
t=8:delta=3.788860:d=2:c=2:n=10000000:one=0.378886
t=8:delta=2.517333:d=2:c=3:n=10000000:one=0.251733
t=8:delta=1.752136:d=2:c=4:n=10000000:one=0.175214
0