Compiling  LAB03
-- Configuring done
-- Generating done
-- Build files have been written to: /home/students/k/u/kulinski/repos/MPR-Labs
Consolidate compiler generated dependencies of target LAB03
[100%] Built target LAB03
Starting  LAB03
t=1:delta=0.000120:d=1:c=1:n=1000:one=0.000012
t=1:delta=0.000114:d=1:c=2:n=1000:one=0.000011
t=1:delta=0.000113:d=1:c=3:n=1000:one=0.000011
t=1:delta=0.000114:d=1:c=4:n=1000:one=0.000011
t=2:delta=0.000256:d=1:c=1:n=1000:one=0.000026
t=2:delta=0.000197:d=1:c=2:n=1000:one=0.000020
t=2:delta=0.000181:d=1:c=3:n=1000:one=0.000018
t=2:delta=0.000171:d=1:c=4:n=1000:one=0.000017
t=3:delta=0.000254:d=1:c=1:n=1000:one=0.000025
t=3:delta=0.000185:d=1:c=2:n=1000:one=0.000018
t=3:delta=0.000202:d=1:c=3:n=1000:one=0.000020
t=3:delta=0.000167:d=1:c=4:n=1000:one=0.000017
t=4:delta=0.000229:d=1:c=1:n=1000:one=0.000023
t=4:delta=0.000204:d=1:c=2:n=1000:one=0.000020
t=4:delta=0.000194:d=1:c=3:n=1000:one=0.000019
t=4:delta=0.000186:d=1:c=4:n=1000:one=0.000019
t=5:delta=0.000789:d=1:c=1:n=1000:one=0.000079
t=5:delta=0.000775:d=1:c=2:n=1000:one=0.000077
t=5:delta=0.000757:d=1:c=3:n=1000:one=0.000076
t=5:delta=0.000788:d=1:c=4:n=1000:one=0.000079
t=6:delta=0.000920:d=1:c=1:n=1000:one=0.000092
t=6:delta=0.000883:d=1:c=2:n=1000:one=0.000088
t=6:delta=0.000858:d=1:c=3:n=1000:one=0.000086
t=6:delta=0.000844:d=1:c=4:n=1000:one=0.000084
t=7:delta=0.001025:d=1:c=1:n=1000:one=0.000103
t=7:delta=0.000944:d=1:c=2:n=1000:one=0.000094
t=7:delta=0.000936:d=1:c=3:n=1000:one=0.000094
t=7:delta=0.000908:d=1:c=4:n=1000:one=0.000091
t=8:delta=0.001113:d=1:c=1:n=1000:one=0.000111
t=8:delta=0.001045:d=1:c=2:n=1000:one=0.000105
t=8:delta=0.000935:d=1:c=3:n=1000:one=0.000093
t=8:delta=0.000910:d=1:c=4:n=1000:one=0.000091
t=1:delta=0.000213:d=2:c=1:n=1000:one=0.000021
t=1:delta=0.000171:d=2:c=2:n=1000:one=0.000017
t=1:delta=0.000172:d=2:c=3:n=1000:one=0.000017
t=1:delta=0.000146:d=2:c=4:n=1000:one=0.000015
t=2:delta=0.000601:d=2:c=1:n=1000:one=0.000060
t=2:delta=0.000337:d=2:c=2:n=1000:one=0.000034
t=2:delta=0.000254:d=2:c=3:n=1000:one=0.000025
t=2:delta=0.000219:d=2:c=4:n=1000:one=0.000022
t=3:delta=0.000642:d=2:c=1:n=1000:one=0.000064
t=3:delta=0.000390:d=2:c=2:n=1000:one=0.000039
t=3:delta=0.000272:d=2:c=3:n=1000:one=0.000027
t=3:delta=0.000248:d=2:c=4:n=1000:one=0.000025
t=4:delta=0.000727:d=2:c=1:n=1000:one=0.000073
t=4:delta=0.000444:d=2:c=2:n=1000:one=0.000044
t=4:delta=0.000323:d=2:c=3:n=1000:one=0.000032
t=4:delta=0.000262:d=2:c=4:n=1000:one=0.000026
t=5:delta=0.001210:d=2:c=1:n=1000:one=0.000121
t=5:delta=0.001010:d=2:c=2:n=1000:one=0.000101
t=5:delta=0.000829:d=2:c=3:n=1000:one=0.000083
t=5:delta=0.000784:d=2:c=4:n=1000:one=0.000078
t=6:delta=0.001251:d=2:c=1:n=1000:one=0.000125
t=6:delta=0.000956:d=2:c=2:n=1000:one=0.000096
t=6:delta=0.000895:d=2:c=3:n=1000:one=0.000090
t=6:delta=0.000822:d=2:c=4:n=1000:one=0.000082
t=7:delta=0.001292:d=2:c=1:n=1000:one=0.000129
t=7:delta=0.000951:d=2:c=2:n=1000:one=0.000095
t=7:delta=0.000826:d=2:c=3:n=1000:one=0.000083
t=7:delta=0.000904:d=2:c=4:n=1000:one=0.000090
t=8:delta=0.001288:d=2:c=1:n=1000:one=0.000129
t=8:delta=0.001053:d=2:c=2:n=1000:one=0.000105
t=8:delta=0.000916:d=2:c=3:n=1000:one=0.000092
t=8:delta=0.000910:d=2:c=4:n=1000:one=0.000091
t=1:delta=0.000869:d=1:c=1:n=10000:one=0.000087
t=1:delta=0.000858:d=1:c=2:n=10000:one=0.000086
t=1:delta=0.000859:d=1:c=3:n=10000:one=0.000086
t=1:delta=0.000889:d=1:c=4:n=10000:one=0.000089
t=2:delta=0.001662:d=1:c=1:n=10000:one=0.000166
t=2:delta=0.001106:d=1:c=2:n=10000:one=0.000111
t=2:delta=0.000924:d=1:c=3:n=10000:one=0.000092
t=2:delta=0.000809:d=1:c=4:n=10000:one=0.000081
t=3:delta=0.001183:d=1:c=1:n=10000:one=0.000118
t=3:delta=0.000843:d=1:c=2:n=10000:one=0.000084
t=3:delta=0.000665:d=1:c=3:n=10000:one=0.000067
t=3:delta=0.000613:d=1:c=4:n=10000:one=0.000061
t=4:delta=0.001192:d=1:c=1:n=10000:one=0.000119
t=4:delta=0.000676:d=1:c=2:n=10000:one=0.000068
t=4:delta=0.000567:d=1:c=3:n=10000:one=0.000057
t=4:delta=0.000519:d=1:c=4:n=10000:one=0.000052
t=5:delta=0.002086:d=1:c=1:n=10000:one=0.000209
t=5:delta=0.001578:d=1:c=2:n=10000:one=0.000158
t=5:delta=0.001439:d=1:c=3:n=10000:one=0.000144
t=5:delta=0.001362:d=1:c=4:n=10000:one=0.000136
t=6:delta=0.002403:d=1:c=1:n=10000:one=0.000240
t=6:delta=0.001684:d=1:c=2:n=10000:one=0.000168
t=6:delta=0.001607:d=1:c=3:n=10000:one=0.000161
t=6:delta=0.001513:d=1:c=4:n=10000:one=0.000151
t=7:delta=0.002404:d=1:c=1:n=10000:one=0.000240
t=7:delta=0.001780:d=1:c=2:n=10000:one=0.000178
t=7:delta=0.002152:d=1:c=3:n=10000:one=0.000215
t=7:delta=0.001522:d=1:c=4:n=10000:one=0.000152
t=8:delta=0.002573:d=1:c=1:n=10000:one=0.000257
t=8:delta=0.001932:d=1:c=2:n=10000:one=0.000193
t=8:delta=0.001779:d=1:c=3:n=10000:one=0.000178
t=8:delta=0.001676:d=1:c=4:n=10000:one=0.000168
t=1:delta=0.001876:d=2:c=1:n=10000:one=0.000188
t=1:delta=0.001460:d=2:c=2:n=10000:one=0.000146
t=1:delta=0.001297:d=2:c=3:n=10000:one=0.000130
t=1:delta=0.001168:d=2:c=4:n=10000:one=0.000117
t=2:delta=0.004716:d=2:c=1:n=10000:one=0.000472
t=2:delta=0.002588:d=2:c=2:n=10000:one=0.000259
t=2:delta=0.001488:d=2:c=3:n=10000:one=0.000149
t=2:delta=0.001086:d=2:c=4:n=10000:one=0.000109
t=3:delta=0.003667:d=2:c=1:n=10000:one=0.000367
t=3:delta=0.001801:d=2:c=2:n=10000:one=0.000180
t=3:delta=0.001406:d=2:c=3:n=10000:one=0.000141
t=3:delta=0.001064:d=2:c=4:n=10000:one=0.000106
t=4:delta=0.003589:d=2:c=1:n=10000:one=0.000359
t=4:delta=0.001873:d=2:c=2:n=10000:one=0.000187
t=4:delta=0.001410:d=2:c=3:n=10000:one=0.000141
t=4:delta=0.001053:d=2:c=4:n=10000:one=0.000105
t=5:delta=0.004216:d=2:c=1:n=10000:one=0.000422
t=5:delta=0.002583:d=2:c=2:n=10000:one=0.000258
t=5:delta=0.001960:d=2:c=3:n=10000:one=0.000196
t=5:delta=0.001613:d=2:c=4:n=10000:one=0.000161
t=6:delta=0.004070:d=2:c=1:n=10000:one=0.000407
t=6:delta=0.002527:d=2:c=2:n=10000:one=0.000253
t=6:delta=0.001946:d=2:c=3:n=10000:one=0.000195
t=6:delta=0.001542:d=2:c=4:n=10000:one=0.000154
t=7:delta=0.004246:d=2:c=1:n=10000:one=0.000425
t=7:delta=0.002537:d=2:c=2:n=10000:one=0.000254
t=7:delta=0.002117:d=2:c=3:n=10000:one=0.000212
t=7:delta=0.002187:d=2:c=4:n=10000:one=0.000219
t=8:delta=0.004415:d=2:c=1:n=10000:one=0.000442
t=8:delta=0.002641:d=2:c=2:n=10000:one=0.000264
t=8:delta=0.002102:d=2:c=3:n=10000:one=0.000210
t=8:delta=0.001722:d=2:c=4:n=10000:one=0.000172
t=1:delta=0.008347:d=1:c=1:n=100000:one=0.000835
t=1:delta=0.008318:d=1:c=2:n=100000:one=0.000832
t=1:delta=0.008332:d=1:c=3:n=100000:one=0.000833
t=1:delta=0.008345:d=1:c=4:n=100000:one=0.000834
t=2:delta=0.015855:d=1:c=1:n=100000:one=0.001585
t=2:delta=0.010140:d=1:c=2:n=100000:one=0.001014
t=2:delta=0.008230:d=1:c=3:n=100000:one=0.000823
t=2:delta=0.007276:d=1:c=4:n=100000:one=0.000728
t=3:delta=0.010744:d=1:c=1:n=100000:one=0.001074
t=3:delta=0.006924:d=1:c=2:n=100000:one=0.000692
t=3:delta=0.005620:d=1:c=3:n=100000:one=0.000562
t=3:delta=0.005008:d=1:c=4:n=100000:one=0.000501
t=4:delta=0.008101:d=1:c=1:n=100000:one=0.000810
t=4:delta=0.005280:d=1:c=2:n=100000:one=0.000528
t=4:delta=0.004342:d=1:c=3:n=100000:one=0.000434
t=4:delta=0.003886:d=1:c=4:n=100000:one=0.000389
t=5:delta=0.013398:d=1:c=1:n=100000:one=0.001340
t=5:delta=0.009703:d=1:c=2:n=100000:one=0.000970
t=5:delta=0.007938:d=1:c=3:n=100000:one=0.000794
t=5:delta=0.006858:d=1:c=4:n=100000:one=0.000686
t=6:delta=0.012009:d=1:c=1:n=100000:one=0.001201
t=6:delta=0.007775:d=1:c=2:n=100000:one=0.000777
t=6:delta=0.006454:d=1:c=3:n=100000:one=0.000645
t=6:delta=0.008263:d=1:c=4:n=100000:one=0.000826
t=7:delta=0.010480:d=1:c=1:n=100000:one=0.001048
t=7:delta=0.008193:d=1:c=2:n=100000:one=0.000819
t=7:delta=0.008531:d=1:c=3:n=100000:one=0.000853
t=7:delta=0.007673:d=1:c=4:n=100000:one=0.000767
t=8:delta=0.014972:d=1:c=1:n=100000:one=0.001497
t=8:delta=0.008647:d=1:c=2:n=100000:one=0.000865
t=8:delta=0.009060:d=1:c=3:n=100000:one=0.000906
t=8:delta=0.008070:d=1:c=4:n=100000:one=0.000807
t=1:delta=0.018491:d=2:c=1:n=100000:one=0.001849
t=1:delta=0.014153:d=2:c=2:n=100000:one=0.001415
t=1:delta=0.012794:d=2:c=3:n=100000:one=0.001279
t=1:delta=0.011563:d=2:c=4:n=100000:one=0.001156
t=2:delta=0.041724:d=2:c=1:n=100000:one=0.004172
t=2:delta=0.021472:d=2:c=2:n=100000:one=0.002147
t=2:delta=0.014361:d=2:c=3:n=100000:one=0.001436
t=2:delta=0.009879:d=2:c=4:n=100000:one=0.000988
t=3:delta=0.039109:d=2:c=1:n=100000:one=0.003911
t=3:delta=0.019861:d=2:c=2:n=100000:one=0.001986
t=3:delta=0.013451:d=2:c=3:n=100000:one=0.001345
t=3:delta=0.009663:d=2:c=4:n=100000:one=0.000966
t=4:delta=0.039857:d=2:c=1:n=100000:one=0.003986
t=4:delta=0.020794:d=2:c=2:n=100000:one=0.002079
t=4:delta=0.012829:d=2:c=3:n=100000:one=0.001283
t=4:delta=0.009186:d=2:c=4:n=100000:one=0.000919
t=5:delta=0.039705:d=2:c=1:n=100000:one=0.003971
t=5:delta=0.020728:d=2:c=2:n=100000:one=0.002073
t=5:delta=0.013512:d=2:c=3:n=100000:one=0.001351
t=5:delta=0.009582:d=2:c=4:n=100000:one=0.000958
t=6:delta=0.041240:d=2:c=1:n=100000:one=0.004124
t=6:delta=0.021445:d=2:c=2:n=100000:one=0.002145
t=6:delta=0.013586:d=2:c=3:n=100000:one=0.001359
t=6:delta=0.010250:d=2:c=4:n=100000:one=0.001025
t=7:delta=0.040527:d=2:c=1:n=100000:one=0.004053
t=7:delta=0.021097:d=2:c=2:n=100000:one=0.002110
t=7:delta=0.013686:d=2:c=3:n=100000:one=0.001369
t=7:delta=0.009378:d=2:c=4:n=100000:one=0.000938
t=8:delta=0.039868:d=2:c=1:n=100000:one=0.003987
t=8:delta=0.021259:d=2:c=2:n=100000:one=0.002126
t=8:delta=0.013706:d=2:c=3:n=100000:one=0.001371
t=8:delta=0.010137:d=2:c=4:n=100000:one=0.001014
t=1:delta=0.081803:d=1:c=1:n=1000000:one=0.008180
t=1:delta=0.081814:d=1:c=2:n=1000000:one=0.008181
t=1:delta=0.081598:d=1:c=3:n=1000000:one=0.008160
t=1:delta=0.081515:d=1:c=4:n=1000000:one=0.008151
t=2:delta=0.155601:d=1:c=1:n=1000000:one=0.015560
t=2:delta=0.098950:d=1:c=2:n=1000000:one=0.009895
t=2:delta=0.079949:d=1:c=3:n=1000000:one=0.007995
t=2:delta=0.070345:d=1:c=4:n=1000000:one=0.007035
t=3:delta=0.104542:d=1:c=1:n=1000000:one=0.010454
t=3:delta=0.066776:d=1:c=2:n=1000000:one=0.006678
t=3:delta=0.053979:d=1:c=3:n=1000000:one=0.005398
t=3:delta=0.047465:d=1:c=4:n=1000000:one=0.004746
t=4:delta=0.080635:d=1:c=1:n=1000000:one=0.008063
t=4:delta=0.050495:d=1:c=2:n=1000000:one=0.005050
t=4:delta=0.040995:d=1:c=3:n=1000000:one=0.004100
t=4:delta=0.036522:d=1:c=4:n=1000000:one=0.003652
t=5:delta=0.126531:d=1:c=1:n=1000000:one=0.012653
t=5:delta=0.080460:d=1:c=2:n=1000000:one=0.008046
t=5:delta=0.066128:d=1:c=3:n=1000000:one=0.006613
t=5:delta=0.058229:d=1:c=4:n=1000000:one=0.005823
t=6:delta=0.105255:d=1:c=1:n=1000000:one=0.010526
t=6:delta=0.068273:d=1:c=2:n=1000000:one=0.006827
t=6:delta=0.055731:d=1:c=3:n=1000000:one=0.005573
t=6:delta=0.048525:d=1:c=4:n=1000000:one=0.004852
t=7:delta=0.091556:d=1:c=1:n=1000000:one=0.009156
t=7:delta=0.060226:d=1:c=2:n=1000000:one=0.006023
t=7:delta=0.047756:d=1:c=3:n=1000000:one=0.004776
t=7:delta=0.045306:d=1:c=4:n=1000000:one=0.004531
t=8:delta=0.084991:d=1:c=1:n=1000000:one=0.008499
t=8:delta=0.053184:d=1:c=2:n=1000000:one=0.005318
t=8:delta=0.051318:d=1:c=3:n=1000000:one=0.005132
t=8:delta=0.044487:d=1:c=4:n=1000000:one=0.004449
t=1:delta=0.184650:d=2:c=1:n=1000000:one=0.018465
t=1:delta=0.140023:d=2:c=2:n=1000000:one=0.014002
t=1:delta=0.169743:d=2:c=3:n=1000000:one=0.016974
t=1:delta=0.138396:d=2:c=4:n=1000000:one=0.013840
t=2:delta=0.409488:d=2:c=1:n=1000000:one=0.040949
t=2:delta=0.225150:d=2:c=2:n=1000000:one=0.022515
t=2:delta=0.141224:d=2:c=3:n=1000000:one=0.014122
t=2:delta=0.100369:d=2:c=4:n=1000000:one=0.010037
t=3:delta=0.396487:d=2:c=1:n=1000000:one=0.039649
t=3:delta=0.214402:d=2:c=2:n=1000000:one=0.021440
t=3:delta=0.126051:d=2:c=3:n=1000000:one=0.012605
t=3:delta=0.092148:d=2:c=4:n=1000000:one=0.009215
t=4:delta=0.470259:d=2:c=1:n=1000000:one=0.047026
t=4:delta=0.257372:d=2:c=2:n=1000000:one=0.025737
t=4:delta=0.128921:d=2:c=3:n=1000000:one=0.012892
t=4:delta=0.096442:d=2:c=4:n=1000000:one=0.009644
t=5:delta=0.445947:d=2:c=1:n=1000000:one=0.044595
t=5:delta=0.227385:d=2:c=2:n=1000000:one=0.022739
t=5:delta=0.133809:d=2:c=3:n=1000000:one=0.013381
t=5:delta=0.093610:d=2:c=4:n=1000000:one=0.009361
t=6:delta=0.396497:d=2:c=1:n=1000000:one=0.039650
t=6:delta=0.207997:d=2:c=2:n=1000000:one=0.020800
t=6:delta=0.125387:d=2:c=3:n=1000000:one=0.012539
t=6:delta=0.092143:d=2:c=4:n=1000000:one=0.009214
t=7:delta=0.465510:d=2:c=1:n=1000000:one=0.046551
t=7:delta=0.230944:d=2:c=2:n=1000000:one=0.023094
t=7:delta=0.116367:d=2:c=3:n=1000000:one=0.011637
t=7:delta=0.091243:d=2:c=4:n=1000000:one=0.009124
t=8:delta=0.435136:d=2:c=1:n=1000000:one=0.043514
t=8:delta=0.208187:d=2:c=2:n=1000000:one=0.020819
t=8:delta=0.127684:d=2:c=3:n=1000000:one=0.012768
t=8:delta=0.087893:d=2:c=4:n=1000000:one=0.008789
t=1:delta=0.834689:d=1:c=1:n=10000000:one=0.083469
t=1:delta=0.834873:d=1:c=2:n=10000000:one=0.083487
t=1:delta=0.834255:d=1:c=3:n=10000000:one=0.083425
t=1:delta=0.835264:d=1:c=4:n=10000000:one=0.083526
t=2:delta=1.573571:d=1:c=1:n=10000000:one=0.157357
t=2:delta=1.010889:d=1:c=2:n=10000000:one=0.101089
t=2:delta=0.825495:d=1:c=3:n=10000000:one=0.082549
t=2:delta=0.725408:d=1:c=4:n=10000000:one=0.072541
t=3:delta=1.048725:d=1:c=1:n=10000000:one=0.104873
t=3:delta=0.671863:d=1:c=2:n=10000000:one=0.067186
t=3:delta=0.542149:d=1:c=3:n=10000000:one=0.054215
t=3:delta=0.479560:d=1:c=4:n=10000000:one=0.047956
t=4:delta=0.793799:d=1:c=1:n=10000000:one=0.079380
t=4:delta=0.511738:d=1:c=2:n=10000000:one=0.051174
t=4:delta=0.416456:d=1:c=3:n=10000000:one=0.041646
t=4:delta=0.374894:d=1:c=4:n=10000000:one=0.037489
t=5:delta=0.934412:d=1:c=1:n=10000000:one=0.093441
t=5:delta=0.612467:d=1:c=2:n=10000000:one=0.061247
t=5:delta=0.513636:d=1:c=3:n=10000000:one=0.051364
t=5:delta=0.482193:d=1:c=4:n=10000000:one=0.048219
t=6:delta=0.847925:d=1:c=1:n=10000000:one=0.084793
t=6:delta=0.546009:d=1:c=2:n=10000000:one=0.054601
t=6:delta=0.465034:d=1:c=3:n=10000000:one=0.046503
t=6:delta=0.397276:d=1:c=4:n=10000000:one=0.039728
t=7:delta=0.851125:d=1:c=1:n=10000000:one=0.085113
t=7:delta=0.580415:d=1:c=2:n=10000000:one=0.058042
t=7:delta=0.454951:d=1:c=3:n=10000000:one=0.045495
t=7:delta=0.416973:d=1:c=4:n=10000000:one=0.041697
t=8:delta=0.841455:d=1:c=1:n=10000000:one=0.084146
t=8:delta=0.555420:d=1:c=2:n=10000000:one=0.055542
t=8:delta=0.447418:d=1:c=3:n=10000000:one=0.044742
t=8:delta=0.396436:d=1:c=4:n=10000000:one=0.039644
t=1:delta=1.911909:d=2:c=1:n=10000000:one=0.191191
t=1:delta=1.457795:d=2:c=2:n=10000000:one=0.145779
t=1:delta=1.764886:d=2:c=3:n=10000000:one=0.176489
t=1:delta=1.180549:d=2:c=4:n=10000000:one=0.118055
t=2:delta=4.486242:d=2:c=1:n=10000000:one=0.448624
t=2:delta=2.171899:d=2:c=2:n=10000000:one=0.217190
t=2:delta=1.433408:d=2:c=3:n=10000000:one=0.143341
t=2:delta=1.026624:d=2:c=4:n=10000000:one=0.102662
t=3:delta=3.842066:d=2:c=1:n=10000000:one=0.384207
t=3:delta=2.106972:d=2:c=2:n=10000000:one=0.210697
t=3:delta=1.332138:d=2:c=3:n=10000000:one=0.133214
t=3:delta=0.899190:d=2:c=4:n=10000000:one=0.089919
t=4:delta=3.846970:d=2:c=1:n=10000000:one=0.384697
t=4:delta=2.331415:d=2:c=2:n=10000000:one=0.233141
t=4:delta=1.255822:d=2:c=3:n=10000000:one=0.125582
t=4:delta=0.906731:d=2:c=4:n=10000000:one=0.090673
t=5:delta=3.966469:d=2:c=1:n=10000000:one=0.396647
t=5:delta=2.179660:d=2:c=2:n=10000000:one=0.217966
t=5:delta=1.281024:d=2:c=3:n=10000000:one=0.128102
t=5:delta=0.909981:d=2:c=4:n=10000000:one=0.090998
t=6:delta=3.848581:d=2:c=1:n=10000000:one=0.384858
t=6:delta=2.048573:d=2:c=2:n=10000000:one=0.204857
t=6:delta=1.254038:d=2:c=3:n=10000000:one=0.125404
t=6:delta=0.916911:d=2:c=4:n=10000000:one=0.091691
t=7:delta=3.969607:d=2:c=1:n=10000000:one=0.396961
t=7:delta=1.928749:d=2:c=2:n=10000000:one=0.192875
t=7:delta=1.322051:d=2:c=3:n=10000000:one=0.132205
t=7:delta=0.995296:d=2:c=4:n=10000000:one=0.099530
t=8:delta=3.970252:d=2:c=1:n=10000000:one=0.397025
t=8:delta=2.310228:d=2:c=2:n=10000000:one=0.231023
t=8:delta=1.310996:d=2:c=3:n=10000000:one=0.131100
t=8:delta=0.855896:d=2:c=4:n=10000000:one=0.085590
0