Compiling  LAB03
-- Configuring done
-- Generating done
-- Build files have been written to: /home/students/k/u/kulinski/repos/MPR-Labs
Consolidate compiler generated dependencies of target LAB03
[ 50%] Building C object CMakeFiles/LAB03.dir/lab03/paraller_for.c.o
[100%] Linking C executable LAB03
[100%] Built target LAB03
Starting  LAB03
t=1:delta=0.000130:d=1:c=0:n=1000:one=0.000013
t=1:delta=0.000115:d=1:c=1:n=1000:one=0.000011
t=1:delta=0.000114:d=1:c=2:n=1000:one=0.000011
t=1:delta=0.000116:d=1:c=3:n=1000:one=0.000012
t=2:delta=0.000140:d=1:c=0:n=1000:one=0.000014
t=2:delta=0.000252:d=1:c=1:n=1000:one=0.000025
t=2:delta=0.000210:d=1:c=2:n=1000:one=0.000021
t=2:delta=0.000174:d=1:c=3:n=1000:one=0.000017
t=3:delta=0.000149:d=1:c=0:n=1000:one=0.000015
t=3:delta=0.000260:d=1:c=1:n=1000:one=0.000026
t=3:delta=0.000204:d=1:c=2:n=1000:one=0.000020
t=3:delta=0.000169:d=1:c=3:n=1000:one=0.000017
t=4:delta=0.000179:d=1:c=0:n=1000:one=0.000018
t=4:delta=0.000235:d=1:c=1:n=1000:one=0.000023
t=4:delta=0.000215:d=1:c=2:n=1000:one=0.000022
t=4:delta=0.000208:d=1:c=3:n=1000:one=0.000021
===============DYNAMIC
t=1:delta=0.000248:d=2:c=1:n=1000:one=0.000025
t=1:delta=0.000212:d=2:c=1:n=1000:one=0.000021
t=1:delta=0.000171:d=2:c=2:n=1000:one=0.000017
t=1:delta=0.000171:d=2:c=3:n=1000:one=0.000017
t=2:delta=0.000534:d=2:c=1:n=1000:one=0.000053
t=2:delta=0.000580:d=2:c=1:n=1000:one=0.000058
t=2:delta=0.000336:d=2:c=2:n=1000:one=0.000034
t=2:delta=0.000255:d=2:c=3:n=1000:one=0.000025
t=3:delta=0.000665:d=2:c=1:n=1000:one=0.000067
t=3:delta=0.000673:d=2:c=1:n=1000:one=0.000067
t=3:delta=0.000409:d=2:c=2:n=1000:one=0.000041
t=3:delta=0.000291:d=2:c=3:n=1000:one=0.000029
t=4:delta=0.000794:d=2:c=1:n=1000:one=0.000079
t=4:delta=0.000751:d=2:c=1:n=1000:one=0.000075
t=4:delta=0.000468:d=2:c=2:n=1000:one=0.000047
t=4:delta=0.000334:d=2:c=3:n=1000:one=0.000033
t=1:delta=0.000862:d=1:c=0:n=10000:one=0.000086
t=1:delta=0.000871:d=1:c=1:n=10000:one=0.000087
t=1:delta=0.000859:d=1:c=2:n=10000:one=0.000086
t=1:delta=0.000862:d=1:c=3:n=10000:one=0.000086
t=2:delta=0.000508:d=1:c=0:n=10000:one=0.000051
t=2:delta=0.001655:d=1:c=1:n=10000:one=0.000165
t=2:delta=0.001094:d=1:c=2:n=10000:one=0.000109
t=2:delta=0.000923:d=1:c=3:n=10000:one=0.000092
t=3:delta=0.000422:d=1:c=0:n=10000:one=0.000042
t=3:delta=0.001223:d=1:c=1:n=10000:one=0.000122
t=3:delta=0.000805:d=1:c=2:n=10000:one=0.000081
t=3:delta=0.000696:d=1:c=3:n=10000:one=0.000070
t=4:delta=0.000365:d=1:c=0:n=10000:one=0.000037
t=4:delta=0.000974:d=1:c=1:n=10000:one=0.000097
t=4:delta=0.000698:d=1:c=2:n=10000:one=0.000070
t=4:delta=0.000609:d=1:c=3:n=10000:one=0.000061
===============DYNAMIC
t=1:delta=0.001869:d=2:c=1:n=10000:one=0.000187
t=1:delta=0.001883:d=2:c=1:n=10000:one=0.000188
t=1:delta=0.001458:d=2:c=2:n=10000:one=0.000146
t=1:delta=0.001340:d=2:c=3:n=10000:one=0.000134
t=2:delta=0.004986:d=2:c=1:n=10000:one=0.000499
t=2:delta=0.004979:d=2:c=1:n=10000:one=0.000498
t=2:delta=0.002612:d=2:c=2:n=10000:one=0.000261
t=2:delta=0.001490:d=2:c=3:n=10000:one=0.000149
t=3:delta=0.003664:d=2:c=1:n=10000:one=0.000366
t=3:delta=0.003669:d=2:c=1:n=10000:one=0.000367
t=3:delta=0.001920:d=2:c=2:n=10000:one=0.000192
t=3:delta=0.001418:d=2:c=3:n=10000:one=0.000142
t=4:delta=0.003745:d=2:c=1:n=10000:one=0.000374
t=4:delta=0.003290:d=2:c=1:n=10000:one=0.000329
t=4:delta=0.001875:d=2:c=2:n=10000:one=0.000188
t=4:delta=0.001433:d=2:c=3:n=10000:one=0.000143
t=1:delta=0.008382:d=1:c=0:n=100000:one=0.000838
t=1:delta=0.008350:d=1:c=1:n=100000:one=0.000835
t=1:delta=0.008334:d=1:c=2:n=100000:one=0.000833
t=1:delta=0.008340:d=1:c=3:n=100000:one=0.000834
t=2:delta=0.004264:d=1:c=0:n=100000:one=0.000426
t=2:delta=0.015783:d=1:c=1:n=100000:one=0.001578
t=2:delta=0.010121:d=1:c=2:n=100000:one=0.001012
t=2:delta=0.008240:d=1:c=3:n=100000:one=0.000824
t=3:delta=0.002897:d=1:c=0:n=100000:one=0.000290
t=3:delta=0.010717:d=1:c=1:n=100000:one=0.001072
t=3:delta=0.006940:d=1:c=2:n=100000:one=0.000694
t=3:delta=0.005644:d=1:c=3:n=100000:one=0.000564
t=4:delta=0.002245:d=1:c=0:n=100000:one=0.000224
t=4:delta=0.008228:d=1:c=1:n=100000:one=0.000823
t=4:delta=0.005275:d=1:c=2:n=100000:one=0.000528
t=4:delta=0.004377:d=1:c=3:n=100000:one=0.000438
===============DYNAMIC
t=1:delta=0.018547:d=2:c=1:n=100000:one=0.001855
t=1:delta=0.018560:d=2:c=1:n=100000:one=0.001856
t=1:delta=0.014161:d=2:c=2:n=100000:one=0.001416
t=1:delta=0.012897:d=2:c=3:n=100000:one=0.001290
t=2:delta=0.039906:d=2:c=1:n=100000:one=0.003991
t=2:delta=0.041529:d=2:c=1:n=100000:one=0.004153
t=2:delta=0.021485:d=2:c=2:n=100000:one=0.002149
t=2:delta=0.015223:d=2:c=3:n=100000:one=0.001522
t=3:delta=0.039469:d=2:c=1:n=100000:one=0.003947
t=3:delta=0.039973:d=2:c=1:n=100000:one=0.003997
t=3:delta=0.020682:d=2:c=2:n=100000:one=0.002068
t=3:delta=0.013334:d=2:c=3:n=100000:one=0.001333
t=4:delta=0.046433:d=2:c=1:n=100000:one=0.004643
t=4:delta=0.040499:d=2:c=1:n=100000:one=0.004050
t=4:delta=0.020078:d=2:c=2:n=100000:one=0.002008
t=4:delta=0.013188:d=2:c=3:n=100000:one=0.001319
t=1:delta=0.081871:d=1:c=0:n=1000000:one=0.008187
t=1:delta=0.081602:d=1:c=1:n=1000000:one=0.008160
t=1:delta=0.081778:d=1:c=2:n=1000000:one=0.008178
t=1:delta=0.081785:d=1:c=3:n=1000000:one=0.008178
t=2:delta=0.040968:d=1:c=0:n=1000000:one=0.004097
t=2:delta=0.155748:d=1:c=1:n=1000000:one=0.015575
t=2:delta=0.099027:d=1:c=2:n=1000000:one=0.009903
t=2:delta=0.082029:d=1:c=3:n=1000000:one=0.008203
t=3:delta=0.027805:d=1:c=0:n=1000000:one=0.002780
t=3:delta=0.104868:d=1:c=1:n=1000000:one=0.010487
t=3:delta=0.068295:d=1:c=2:n=1000000:one=0.006829
t=3:delta=0.054113:d=1:c=3:n=1000000:one=0.005411
t=4:delta=0.021116:d=1:c=0:n=1000000:one=0.002112
t=4:delta=0.080761:d=1:c=1:n=1000000:one=0.008076
t=4:delta=0.052439:d=1:c=2:n=1000000:one=0.005244
t=4:delta=0.041603:d=1:c=3:n=1000000:one=0.004160
===============DYNAMIC
t=1:delta=0.183459:d=2:c=1:n=1000000:one=0.018346
t=1:delta=0.183424:d=2:c=1:n=1000000:one=0.018342
t=1:delta=0.140066:d=2:c=2:n=1000000:one=0.014007
t=1:delta=0.126408:d=2:c=3:n=1000000:one=0.012641
t=2:delta=0.414075:d=2:c=1:n=1000000:one=0.041407
t=2:delta=0.395080:d=2:c=1:n=1000000:one=0.039508
t=2:delta=0.211327:d=2:c=2:n=1000000:one=0.021133
t=2:delta=0.145588:d=2:c=3:n=1000000:one=0.014559
t=3:delta=0.363088:d=2:c=1:n=1000000:one=0.036309
t=3:delta=0.408569:d=2:c=1:n=1000000:one=0.040857
t=3:delta=0.287375:d=2:c=2:n=1000000:one=0.028738
t=3:delta=0.216438:d=2:c=3:n=1000000:one=0.021644
t=4:delta=0.447987:d=2:c=1:n=1000000:one=0.044799
t=4:delta=0.446419:d=2:c=1:n=1000000:one=0.044642
t=4:delta=0.281465:d=2:c=2:n=1000000:one=0.028147
t=4:delta=0.244501:d=2:c=3:n=1000000:one=0.024450
t=1:delta=0.835813:d=1:c=0:n=10000000:one=0.083581
t=1:delta=0.834930:d=1:c=1:n=10000000:one=0.083493
t=1:delta=0.834342:d=1:c=2:n=10000000:one=0.083434
t=1:delta=0.854570:d=1:c=3:n=10000000:one=0.085457
t=2:delta=0.485053:d=1:c=0:n=10000000:one=0.048505
t=2:delta=1.616290:d=1:c=1:n=10000000:one=0.161629
t=2:delta=1.007944:d=1:c=2:n=10000000:one=0.100794
t=2:delta=0.915445:d=1:c=3:n=10000000:one=0.091544
t=3:delta=0.624674:d=1:c=0:n=10000000:one=0.062467
t=3:delta=1.575773:d=1:c=1:n=10000000:one=0.157577
t=3:delta=1.353787:d=1:c=2:n=10000000:one=0.135379
t=3:delta=0.896730:d=1:c=3:n=10000000:one=0.089673
t=4:delta=0.210464:d=1:c=0:n=10000000:one=0.021046
t=4:delta=0.797396:d=1:c=1:n=10000000:one=0.079740
t=4:delta=0.525857:d=1:c=2:n=10000000:one=0.052586
t=4:delta=0.452149:d=1:c=3:n=10000000:one=0.045215
===============DYNAMIC
t=1:delta=1.930247:d=2:c=1:n=10000000:one=0.193025
t=1:delta=1.920864:d=2:c=1:n=10000000:one=0.192086
t=1:delta=2.204624:d=2:c=2:n=10000000:one=0.220462
t=1:delta=1.323513:d=2:c=3:n=10000000:one=0.132351
t=2:delta=4.084049:d=2:c=1:n=10000000:one=0.408405
t=2:delta=4.446384:d=2:c=1:n=10000000:one=0.444638
t=2:delta=2.259067:d=2:c=2:n=10000000:one=0.225907
t=2:delta=1.440623:d=2:c=3:n=10000000:one=0.144062
t=3:delta=4.408947:d=2:c=1:n=10000000:one=0.440895
t=3:delta=3.946591:d=2:c=1:n=10000000:one=0.394659
t=3:delta=1.983300:d=2:c=2:n=10000000:one=0.198330
t=3:delta=1.273412:d=2:c=3:n=10000000:one=0.127341
t=4:delta=3.967701:d=2:c=1:n=10000000:one=0.396770
t=4:delta=4.350828:d=2:c=1:n=10000000:one=0.435083
t=4:delta=2.161735:d=2:c=2:n=10000000:one=0.216173
t=4:delta=1.323041:d=2:c=3:n=10000000:one=0.132304
0