Compiling  LAB03
-- Configuring done
-- Generating done
-- Build files have been written to: /home/students/k/u/kulinski/repos/MPR-Labs
Consolidate compiler generated dependencies of target LAB03
[100%] Built target LAB03
Starting  LAB03
t=1:delta=0.000119:d=1:c=1:n=1000:one=0.000012
t=1:delta=0.000124:d=1:c=2:n=1000:one=0.000012
t=1:delta=0.000114:d=1:c=3:n=1000:one=0.000011
t=1:delta=0.000136:d=1:c=4:n=1000:one=0.000014
t=2:delta=0.000253:d=1:c=1:n=1000:one=0.000025
t=2:delta=0.000192:d=1:c=2:n=1000:one=0.000019
t=2:delta=0.000183:d=1:c=3:n=1000:one=0.000018
t=2:delta=0.000164:d=1:c=4:n=1000:one=0.000016
t=3:delta=0.000234:d=1:c=1:n=1000:one=0.000023
t=3:delta=0.000185:d=1:c=2:n=1000:one=0.000019
t=3:delta=0.000172:d=1:c=3:n=1000:one=0.000017
t=3:delta=0.000164:d=1:c=4:n=1000:one=0.000016
t=4:delta=0.000232:d=1:c=1:n=1000:one=0.000023
t=4:delta=0.000215:d=1:c=2:n=1000:one=0.000022
t=4:delta=0.000205:d=1:c=3:n=1000:one=0.000020
t=4:delta=0.000195:d=1:c=4:n=1000:one=0.000020
t=5:delta=0.000827:d=1:c=1:n=1000:one=0.000083
t=5:delta=0.000744:d=1:c=2:n=1000:one=0.000074
t=5:delta=0.000737:d=1:c=3:n=1000:one=0.000074
t=5:delta=0.000733:d=1:c=4:n=1000:one=0.000073
t=6:delta=0.000905:d=1:c=1:n=1000:one=0.000091
t=6:delta=0.000954:d=1:c=2:n=1000:one=0.000095
t=6:delta=0.000865:d=1:c=3:n=1000:one=0.000086
t=6:delta=0.000875:d=1:c=4:n=1000:one=0.000088
t=7:delta=0.000942:d=1:c=1:n=1000:one=0.000094
t=7:delta=0.000926:d=1:c=2:n=1000:one=0.000093
t=7:delta=0.000905:d=1:c=3:n=1000:one=0.000091
t=7:delta=0.000898:d=1:c=4:n=1000:one=0.000090
t=8:delta=0.001060:d=1:c=1:n=1000:one=0.000106
t=8:delta=0.000998:d=1:c=2:n=1000:one=0.000100
t=8:delta=0.000976:d=1:c=3:n=1000:one=0.000098
t=8:delta=0.000951:d=1:c=4:n=1000:one=0.000095
t=1:delta=0.000233:d=2:c=1:n=1000:one=0.000023
t=1:delta=0.000171:d=2:c=2:n=1000:one=0.000017
t=1:delta=0.000156:d=2:c=3:n=1000:one=0.000016
t=1:delta=0.000157:d=2:c=4:n=1000:one=0.000016
t=2:delta=0.000583:d=2:c=1:n=1000:one=0.000058
t=2:delta=0.000354:d=2:c=2:n=1000:one=0.000035
t=2:delta=0.000275:d=2:c=3:n=1000:one=0.000027
t=2:delta=0.000240:d=2:c=4:n=1000:one=0.000024
t=3:delta=0.000648:d=2:c=1:n=1000:one=0.000065
t=3:delta=0.000391:d=2:c=2:n=1000:one=0.000039
t=3:delta=0.000287:d=2:c=3:n=1000:one=0.000029
t=3:delta=0.000246:d=2:c=4:n=1000:one=0.000025
t=4:delta=0.000771:d=2:c=1:n=1000:one=0.000077
t=4:delta=0.000408:d=2:c=2:n=1000:one=0.000041
t=4:delta=0.000335:d=2:c=3:n=1000:one=0.000033
t=4:delta=0.000276:d=2:c=4:n=1000:one=0.000028
t=5:delta=0.001139:d=2:c=1:n=1000:one=0.000114
t=5:delta=0.000867:d=2:c=2:n=1000:one=0.000087
t=5:delta=0.000820:d=2:c=3:n=1000:one=0.000082
t=5:delta=0.000735:d=2:c=4:n=1000:one=0.000074
t=6:delta=0.001317:d=2:c=1:n=1000:one=0.000132
t=6:delta=0.000997:d=2:c=2:n=1000:one=0.000100
t=6:delta=0.000908:d=2:c=3:n=1000:one=0.000091
t=6:delta=0.000890:d=2:c=4:n=1000:one=0.000089
t=7:delta=0.001208:d=2:c=1:n=1000:one=0.000121
t=7:delta=0.000995:d=2:c=2:n=1000:one=0.000099
t=7:delta=0.000914:d=2:c=3:n=1000:one=0.000091
t=7:delta=0.000864:d=2:c=4:n=1000:one=0.000086
t=8:delta=0.001296:d=2:c=1:n=1000:one=0.000130
t=8:delta=0.001128:d=2:c=2:n=1000:one=0.000113
t=8:delta=0.001095:d=2:c=3:n=1000:one=0.000109
t=8:delta=0.000957:d=2:c=4:n=1000:one=0.000096
t=1:delta=0.000861:d=1:c=1:n=10000:one=0.000086
t=1:delta=0.000859:d=1:c=2:n=10000:one=0.000086
t=1:delta=0.000861:d=1:c=3:n=10000:one=0.000086
t=1:delta=0.000860:d=1:c=4:n=10000:one=0.000086
t=2:delta=0.001677:d=1:c=1:n=10000:one=0.000168
t=2:delta=0.001089:d=1:c=2:n=10000:one=0.000109
t=2:delta=0.000889:d=1:c=3:n=10000:one=0.000089
t=2:delta=0.000794:d=1:c=4:n=10000:one=0.000079
t=3:delta=0.001184:d=1:c=1:n=10000:one=0.000118
t=3:delta=0.000805:d=1:c=2:n=10000:one=0.000081
t=3:delta=0.000686:d=1:c=3:n=10000:one=0.000069
t=3:delta=0.000622:d=1:c=4:n=10000:one=0.000062
t=4:delta=0.000970:d=1:c=1:n=10000:one=0.000097
t=4:delta=0.000697:d=1:c=2:n=10000:one=0.000070
t=4:delta=0.000582:d=1:c=3:n=10000:one=0.000058
t=4:delta=0.000537:d=1:c=4:n=10000:one=0.000054
t=5:delta=0.002077:d=1:c=1:n=10000:one=0.000208
t=5:delta=0.001678:d=1:c=2:n=10000:one=0.000168
t=5:delta=0.001470:d=1:c=3:n=10000:one=0.000147
t=5:delta=0.001348:d=1:c=4:n=10000:one=0.000135
t=6:delta=0.002382:d=1:c=1:n=10000:one=0.000238
t=6:delta=0.001786:d=1:c=2:n=10000:one=0.000179
t=6:delta=0.001601:d=1:c=3:n=10000:one=0.000160
t=6:delta=0.001486:d=1:c=4:n=10000:one=0.000149
t=7:delta=0.002289:d=1:c=1:n=10000:one=0.000229
t=7:delta=0.001828:d=1:c=2:n=10000:one=0.000183
t=7:delta=0.001599:d=1:c=3:n=10000:one=0.000160
t=7:delta=0.001499:d=1:c=4:n=10000:one=0.000150
t=8:delta=0.002732:d=1:c=1:n=10000:one=0.000273
t=8:delta=0.001930:d=1:c=2:n=10000:one=0.000193
t=8:delta=0.001949:d=1:c=3:n=10000:one=0.000195
t=8:delta=0.001789:d=1:c=4:n=10000:one=0.000179
t=1:delta=0.001884:d=2:c=1:n=10000:one=0.000188
t=1:delta=0.001428:d=2:c=2:n=10000:one=0.000143
t=1:delta=0.001304:d=2:c=3:n=10000:one=0.000130
t=1:delta=0.001433:d=2:c=4:n=10000:one=0.000143
t=2:delta=0.005036:d=2:c=1:n=10000:one=0.000504
t=2:delta=0.002546:d=2:c=2:n=10000:one=0.000255
t=2:delta=0.001518:d=2:c=3:n=10000:one=0.000152
t=2:delta=0.001097:d=2:c=4:n=10000:one=0.000110
t=3:delta=0.003688:d=2:c=1:n=10000:one=0.000369
t=3:delta=0.001912:d=2:c=2:n=10000:one=0.000191
t=3:delta=0.001409:d=2:c=3:n=10000:one=0.000141
t=3:delta=0.001027:d=2:c=4:n=10000:one=0.000103
t=4:delta=0.003549:d=2:c=1:n=10000:one=0.000355
t=4:delta=0.001905:d=2:c=2:n=10000:one=0.000190
t=4:delta=0.001405:d=2:c=3:n=10000:one=0.000140
t=4:delta=0.001059:d=2:c=4:n=10000:one=0.000106
t=5:delta=0.004076:d=2:c=1:n=10000:one=0.000408
t=5:delta=0.002397:d=2:c=2:n=10000:one=0.000240
t=5:delta=0.001963:d=2:c=3:n=10000:one=0.000196
t=5:delta=0.001570:d=2:c=4:n=10000:one=0.000157
t=6:delta=0.004261:d=2:c=1:n=10000:one=0.000426
t=6:delta=0.002618:d=2:c=2:n=10000:one=0.000262
t=6:delta=0.002049:d=2:c=3:n=10000:one=0.000205
t=6:delta=0.001589:d=2:c=4:n=10000:one=0.000159
t=7:delta=0.004172:d=2:c=1:n=10000:one=0.000417
t=7:delta=0.002628:d=2:c=2:n=10000:one=0.000263
t=7:delta=0.002014:d=2:c=3:n=10000:one=0.000201
t=7:delta=0.001774:d=2:c=4:n=10000:one=0.000177
t=8:delta=0.004257:d=2:c=1:n=10000:one=0.000426
t=8:delta=0.002653:d=2:c=2:n=10000:one=0.000265
t=8:delta=0.002197:d=2:c=3:n=10000:one=0.000220
t=8:delta=0.001745:d=2:c=4:n=10000:one=0.000174
t=1:delta=0.008319:d=1:c=1:n=100000:one=0.000832
t=1:delta=0.008288:d=1:c=2:n=100000:one=0.000829
t=1:delta=0.008284:d=1:c=3:n=100000:one=0.000828
t=1:delta=0.008446:d=1:c=4:n=100000:one=0.000845
t=2:delta=0.015751:d=1:c=1:n=100000:one=0.001575
t=2:delta=0.010095:d=1:c=2:n=100000:one=0.001009
t=2:delta=0.008193:d=1:c=3:n=100000:one=0.000819
t=2:delta=0.007223:d=1:c=4:n=100000:one=0.000722
t=3:delta=0.010652:d=1:c=1:n=100000:one=0.001065
t=3:delta=0.006869:d=1:c=2:n=100000:one=0.000687
t=3:delta=0.005646:d=1:c=3:n=100000:one=0.000565
t=3:delta=0.004979:d=1:c=4:n=100000:one=0.000498
t=4:delta=0.008146:d=1:c=1:n=100000:one=0.000815
t=4:delta=0.005270:d=1:c=2:n=100000:one=0.000527
t=4:delta=0.004340:d=1:c=3:n=100000:one=0.000434
t=4:delta=0.003865:d=1:c=4:n=100000:one=0.000387
t=5:delta=0.013462:d=1:c=1:n=100000:one=0.001346
t=5:delta=0.010346:d=1:c=2:n=100000:one=0.001035
t=5:delta=0.007921:d=1:c=3:n=100000:one=0.000792
t=5:delta=0.007069:d=1:c=4:n=100000:one=0.000707
t=6:delta=0.011745:d=1:c=1:n=100000:one=0.001175
t=6:delta=0.011237:d=1:c=2:n=100000:one=0.001124
t=6:delta=0.009021:d=1:c=3:n=100000:one=0.000902
t=6:delta=0.008155:d=1:c=4:n=100000:one=0.000816
t=7:delta=0.012212:d=1:c=1:n=100000:one=0.001221
t=7:delta=0.009487:d=1:c=2:n=100000:one=0.000949
t=7:delta=0.009053:d=1:c=3:n=100000:one=0.000905
t=7:delta=0.007671:d=1:c=4:n=100000:one=0.000767
t=8:delta=0.010833:d=1:c=1:n=100000:one=0.001083
t=8:delta=0.011692:d=1:c=2:n=100000:one=0.001169
t=8:delta=0.006632:d=1:c=3:n=100000:one=0.000663
t=8:delta=0.007130:d=1:c=4:n=100000:one=0.000713
t=1:delta=0.018457:d=2:c=1:n=100000:one=0.001846
t=1:delta=0.014124:d=2:c=2:n=100000:one=0.001412
t=1:delta=0.012767:d=2:c=3:n=100000:one=0.001277
t=1:delta=0.011498:d=2:c=4:n=100000:one=0.001150
t=2:delta=0.041097:d=2:c=1:n=100000:one=0.004110
t=2:delta=0.025856:d=2:c=2:n=100000:one=0.002586
t=2:delta=0.014831:d=2:c=3:n=100000:one=0.001483
t=2:delta=0.011345:d=2:c=4:n=100000:one=0.001135
t=3:delta=0.043846:d=2:c=1:n=100000:one=0.004385
t=3:delta=0.022739:d=2:c=2:n=100000:one=0.002274
t=3:delta=0.013520:d=2:c=3:n=100000:one=0.001352
t=3:delta=0.009466:d=2:c=4:n=100000:one=0.000947
t=4:delta=0.043719:d=2:c=1:n=100000:one=0.004372
t=4:delta=0.020402:d=2:c=2:n=100000:one=0.002040
t=4:delta=0.012648:d=2:c=3:n=100000:one=0.001265
t=4:delta=0.008902:d=2:c=4:n=100000:one=0.000890
t=5:delta=0.039166:d=2:c=1:n=100000:one=0.003917
t=5:delta=0.021490:d=2:c=2:n=100000:one=0.002149
t=5:delta=0.013892:d=2:c=3:n=100000:one=0.001389
t=5:delta=0.009660:d=2:c=4:n=100000:one=0.000966
t=6:delta=0.040502:d=2:c=1:n=100000:one=0.004050
t=6:delta=0.022931:d=2:c=2:n=100000:one=0.002293
t=6:delta=0.013904:d=2:c=3:n=100000:one=0.001390
t=6:delta=0.010525:d=2:c=4:n=100000:one=0.001053
t=7:delta=0.041204:d=2:c=1:n=100000:one=0.004120
t=7:delta=0.021788:d=2:c=2:n=100000:one=0.002179
t=7:delta=0.013989:d=2:c=3:n=100000:one=0.001399
t=7:delta=0.009774:d=2:c=4:n=100000:one=0.000977
t=8:delta=0.040743:d=2:c=1:n=100000:one=0.004074
t=8:delta=0.021513:d=2:c=2:n=100000:one=0.002151
t=8:delta=0.013752:d=2:c=3:n=100000:one=0.001375
t=8:delta=0.010249:d=2:c=4:n=100000:one=0.001025
t=1:delta=0.081853:d=1:c=1:n=1000000:one=0.008185
t=1:delta=0.081637:d=1:c=2:n=1000000:one=0.008164
t=1:delta=0.081638:d=1:c=3:n=1000000:one=0.008164
t=1:delta=0.081492:d=1:c=4:n=1000000:one=0.008149
t=2:delta=0.155491:d=1:c=1:n=1000000:one=0.015549
t=2:delta=0.098818:d=1:c=2:n=1000000:one=0.009882
t=2:delta=0.082552:d=1:c=3:n=1000000:one=0.008255
t=2:delta=0.070434:d=1:c=4:n=1000000:one=0.007043
t=3:delta=0.104582:d=1:c=1:n=1000000:one=0.010458
t=3:delta=0.066573:d=1:c=2:n=1000000:one=0.006657
t=3:delta=0.053849:d=1:c=3:n=1000000:one=0.005385
t=3:delta=0.047472:d=1:c=4:n=1000000:one=0.004747
t=4:delta=0.079661:d=1:c=1:n=1000000:one=0.007966
t=4:delta=0.050782:d=1:c=2:n=1000000:one=0.005078
t=4:delta=0.041084:d=1:c=3:n=1000000:one=0.004108
t=4:delta=0.036096:d=1:c=4:n=1000000:one=0.003610
t=5:delta=0.125481:d=1:c=1:n=1000000:one=0.012548
t=5:delta=0.080100:d=1:c=2:n=1000000:one=0.008010
t=5:delta=0.066111:d=1:c=3:n=1000000:one=0.006611
t=5:delta=0.057302:d=1:c=4:n=1000000:one=0.005730
t=6:delta=0.105088:d=1:c=1:n=1000000:one=0.010509
t=6:delta=0.067335:d=1:c=2:n=1000000:one=0.006734
t=6:delta=0.054833:d=1:c=3:n=1000000:one=0.005483
t=6:delta=0.050492:d=1:c=4:n=1000000:one=0.005049
t=7:delta=0.095727:d=1:c=1:n=1000000:one=0.009573
t=7:delta=0.058711:d=1:c=2:n=1000000:one=0.005871
t=7:delta=0.050655:d=1:c=3:n=1000000:one=0.005066
t=7:delta=0.044956:d=1:c=4:n=1000000:one=0.004496
t=8:delta=0.086216:d=1:c=1:n=1000000:one=0.008622
t=8:delta=0.053935:d=1:c=2:n=1000000:one=0.005393
t=8:delta=0.051376:d=1:c=3:n=1000000:one=0.005138
t=8:delta=0.041603:d=1:c=4:n=1000000:one=0.004160
t=1:delta=0.183501:d=2:c=1:n=1000000:one=0.018350
t=1:delta=0.139787:d=2:c=2:n=1000000:one=0.013979
t=1:delta=0.126110:d=2:c=3:n=1000000:one=0.012611
t=1:delta=0.113394:d=2:c=4:n=1000000:one=0.011339
t=2:delta=0.406047:d=2:c=1:n=1000000:one=0.040605
t=2:delta=0.201203:d=2:c=2:n=1000000:one=0.020120
t=2:delta=0.143558:d=2:c=3:n=1000000:one=0.014356
t=2:delta=0.110283:d=2:c=4:n=1000000:one=0.011028
t=3:delta=0.388778:d=2:c=1:n=1000000:one=0.038878
t=3:delta=0.207179:d=2:c=2:n=1000000:one=0.020718
t=3:delta=0.131202:d=2:c=3:n=1000000:one=0.013120
t=3:delta=0.091782:d=2:c=4:n=1000000:one=0.009178
t=4:delta=0.394888:d=2:c=1:n=1000000:one=0.039489
t=4:delta=0.207808:d=2:c=2:n=1000000:one=0.020781
t=4:delta=0.123936:d=2:c=3:n=1000000:one=0.012394
t=4:delta=0.088223:d=2:c=4:n=1000000:one=0.008822
t=5:delta=0.462735:d=2:c=1:n=1000000:one=0.046273
t=5:delta=0.217161:d=2:c=2:n=1000000:one=0.021716
t=5:delta=0.131253:d=2:c=3:n=1000000:one=0.013125
t=5:delta=0.087616:d=2:c=4:n=1000000:one=0.008762
t=6:delta=0.395034:d=2:c=1:n=1000000:one=0.039503
t=6:delta=0.207203:d=2:c=2:n=1000000:one=0.020720
t=6:delta=0.131558:d=2:c=3:n=1000000:one=0.013156
t=6:delta=0.093976:d=2:c=4:n=1000000:one=0.009398
t=7:delta=0.396108:d=2:c=1:n=1000000:one=0.039611
t=7:delta=0.203263:d=2:c=2:n=1000000:one=0.020326
t=7:delta=0.130304:d=2:c=3:n=1000000:one=0.013030
t=7:delta=0.088689:d=2:c=4:n=1000000:one=0.008869
t=8:delta=0.396429:d=2:c=1:n=1000000:one=0.039643
t=8:delta=0.204272:d=2:c=2:n=1000000:one=0.020427
t=8:delta=0.127937:d=2:c=3:n=1000000:one=0.012794
t=8:delta=0.093282:d=2:c=4:n=1000000:one=0.009328
t=1:delta=0.833859:d=1:c=1:n=10000000:one=0.083386
t=1:delta=0.835971:d=1:c=2:n=10000000:one=0.083597
t=1:delta=0.836175:d=1:c=3:n=10000000:one=0.083618
t=1:delta=0.836841:d=1:c=4:n=10000000:one=0.083684
t=2:delta=1.562441:d=1:c=1:n=10000000:one=0.156244
t=2:delta=1.011893:d=1:c=2:n=10000000:one=0.101189
t=2:delta=0.827388:d=1:c=3:n=10000000:one=0.082739
t=2:delta=0.709934:d=1:c=4:n=10000000:one=0.070993
t=3:delta=1.053821:d=1:c=1:n=10000000:one=0.105382
t=3:delta=0.675327:d=1:c=2:n=10000000:one=0.067533
t=3:delta=0.546135:d=1:c=3:n=10000000:one=0.054613
t=3:delta=0.483588:d=1:c=4:n=10000000:one=0.048359
t=4:delta=0.795863:d=1:c=1:n=10000000:one=0.079586
t=4:delta=0.516886:d=1:c=2:n=10000000:one=0.051689
t=4:delta=0.420906:d=1:c=3:n=10000000:one=0.042091
t=4:delta=0.378153:d=1:c=4:n=10000000:one=0.037815
t=5:delta=0.952489:d=1:c=1:n=10000000:one=0.095249
t=5:delta=0.621781:d=1:c=2:n=10000000:one=0.062178
t=5:delta=0.520003:d=1:c=3:n=10000000:one=0.052000
t=5:delta=0.469811:d=1:c=4:n=10000000:one=0.046981
t=6:delta=0.842329:d=1:c=1:n=10000000:one=0.084233
t=6:delta=0.550809:d=1:c=2:n=10000000:one=0.055081
t=6:delta=0.467157:d=1:c=3:n=10000000:one=0.046716
t=6:delta=0.392226:d=1:c=4:n=10000000:one=0.039223
t=7:delta=0.840773:d=1:c=1:n=10000000:one=0.084077
t=7:delta=0.576182:d=1:c=2:n=10000000:one=0.057618
t=7:delta=0.425950:d=1:c=3:n=10000000:one=0.042595
t=7:delta=0.366650:d=1:c=4:n=10000000:one=0.036665
t=8:delta=0.739968:d=1:c=1:n=10000000:one=0.073997
t=8:delta=0.471516:d=1:c=2:n=10000000:one=0.047152
t=8:delta=0.392201:d=1:c=3:n=10000000:one=0.039220
t=8:delta=0.353715:d=1:c=4:n=10000000:one=0.035371
t=1:delta=1.648231:d=2:c=1:n=10000000:one=0.164823
t=1:delta=1.429731:d=2:c=2:n=10000000:one=0.142973
t=1:delta=1.316188:d=2:c=3:n=10000000:one=0.131619
t=1:delta=1.181375:d=2:c=4:n=10000000:one=0.118137
t=2:delta=4.370237:d=2:c=1:n=10000000:one=0.437024
t=2:delta=2.140635:d=2:c=2:n=10000000:one=0.214063
t=2:delta=1.452799:d=2:c=3:n=10000000:one=0.145280
t=2:delta=1.152296:d=2:c=4:n=10000000:one=0.115230
t=3:delta=3.936509:d=2:c=1:n=10000000:one=0.393651
t=3:delta=2.294496:d=2:c=2:n=10000000:one=0.229450
t=3:delta=1.354474:d=2:c=3:n=10000000:one=0.135447
t=3:delta=0.934057:d=2:c=4:n=10000000:one=0.093406
t=4:delta=3.588367:d=2:c=1:n=10000000:one=0.358837
t=4:delta=1.904997:d=2:c=2:n=10000000:one=0.190500
t=4:delta=1.113043:d=2:c=3:n=10000000:one=0.111304
t=4:delta=0.803183:d=2:c=4:n=10000000:one=0.080318
t=5:delta=3.510879:d=2:c=1:n=10000000:one=0.351088
t=5:delta=1.772137:d=2:c=2:n=10000000:one=0.177214
t=5:delta=1.109283:d=2:c=3:n=10000000:one=0.110928
t=5:delta=0.898322:d=2:c=4:n=10000000:one=0.089832
t=6:delta=3.452317:d=2:c=1:n=10000000:one=0.345232
t=6:delta=1.918262:d=2:c=2:n=10000000:one=0.191826
t=6:delta=1.147709:d=2:c=3:n=10000000:one=0.114771
t=6:delta=0.819520:d=2:c=4:n=10000000:one=0.081952
t=7:delta=3.780582:d=2:c=1:n=10000000:one=0.378058
t=7:delta=1.805588:d=2:c=2:n=10000000:one=0.180559
t=7:delta=1.115857:d=2:c=3:n=10000000:one=0.111586
t=7:delta=0.813936:d=2:c=4:n=10000000:one=0.081394
t=8:delta=3.454959:d=2:c=1:n=10000000:one=0.345496
t=8:delta=1.772760:d=2:c=2:n=10000000:one=0.177276
t=8:delta=1.129069:d=2:c=3:n=10000000:one=0.112907
t=8:delta=0.803616:d=2:c=4:n=10000000:one=0.080362
0