 plgrid/tools/cmake/3.22.1 loaded.
Compiling  LAB03
-- Could NOT find MPI_C (missing: MPI_C_WORKS)
-- Could NOT find MPI (missing: MPI_C_FOUND)
-- Found OpenMP_C: -fopenmp (found version "3.1")
-- Found OpenMP: TRUE (found version "3.1")
-- Configuring done
-- Generating done
-- Build files have been written to: /net/people/plggkulinski/MPR/MPR-Labs
[ 50%] Building C object CMakeFiles/LAB03.dir/lab03/paraller_for.c.o
[100%] Linking C executable LAB03
[100%] Built target LAB03
Starting  LAB03
t=1:delta=0.000138:d=1:c=1:n=1000:one=0.000014
t=1:delta=0.000101:d=1:c=2:n=1000:one=0.000010
t=1:delta=0.000099:d=1:c=3:n=1000:one=0.000010
t=1:delta=0.000097:d=1:c=4:n=1000:one=0.000010
t=2:delta=0.000381:d=1:c=1:n=1000:one=0.000038
t=2:delta=0.000296:d=1:c=2:n=1000:one=0.000030
t=2:delta=0.000298:d=1:c=3:n=1000:one=0.000030
t=2:delta=0.000267:d=1:c=4:n=1000:one=0.000027
t=3:delta=0.000467:d=1:c=1:n=1000:one=0.000047
t=3:delta=0.000379:d=1:c=2:n=1000:one=0.000038
t=3:delta=0.000339:d=1:c=3:n=1000:one=0.000034
t=3:delta=0.000367:d=1:c=4:n=1000:one=0.000037
t=4:delta=0.000544:d=1:c=1:n=1000:one=0.000054
t=4:delta=0.001003:d=1:c=2:n=1000:one=0.000100
t=4:delta=0.000404:d=1:c=3:n=1000:one=0.000040
t=4:delta=0.000394:d=1:c=4:n=1000:one=0.000039
t=5:delta=0.001138:d=1:c=1:n=1000:one=0.000114
t=5:delta=0.000498:d=1:c=2:n=1000:one=0.000050
t=5:delta=0.000466:d=1:c=3:n=1000:one=0.000047
t=5:delta=0.000450:d=1:c=4:n=1000:one=0.000045
t=6:delta=0.000651:d=1:c=1:n=1000:one=0.000065
t=6:delta=0.000567:d=1:c=2:n=1000:one=0.000057
t=6:delta=0.000551:d=1:c=3:n=1000:one=0.000055
t=6:delta=0.000592:d=1:c=4:n=1000:one=0.000059
t=7:delta=0.000731:d=1:c=1:n=1000:one=0.000073
t=7:delta=0.000654:d=1:c=2:n=1000:one=0.000065
t=7:delta=0.000624:d=1:c=3:n=1000:one=0.000062
t=7:delta=0.000634:d=1:c=4:n=1000:one=0.000063
t=8:delta=0.000815:d=1:c=1:n=1000:one=0.000082
t=8:delta=0.000727:d=1:c=2:n=1000:one=0.000073
t=8:delta=0.000694:d=1:c=3:n=1000:one=0.000069
t=8:delta=0.000672:d=1:c=4:n=1000:one=0.000067
t=1:delta=0.000210:d=2:c=1:n=1000:one=0.000021
t=1:delta=0.000145:d=2:c=2:n=1000:one=0.000015
t=1:delta=0.000137:d=2:c=3:n=1000:one=0.000014
t=1:delta=0.000122:d=2:c=4:n=1000:one=0.000012
t=2:delta=0.000321:d=2:c=1:n=1000:one=0.000032
t=2:delta=0.000258:d=2:c=2:n=1000:one=0.000026
t=2:delta=0.000241:d=2:c=3:n=1000:one=0.000024
t=2:delta=0.000231:d=2:c=4:n=1000:one=0.000023
t=3:delta=0.000396:d=2:c=1:n=1000:one=0.000040
t=3:delta=0.000327:d=2:c=2:n=1000:one=0.000033
t=3:delta=0.000316:d=2:c=3:n=1000:one=0.000032
t=3:delta=0.000336:d=2:c=4:n=1000:one=0.000034
t=4:delta=0.000475:d=2:c=1:n=1000:one=0.000048
t=4:delta=0.000451:d=2:c=2:n=1000:one=0.000045
t=4:delta=0.000386:d=2:c=3:n=1000:one=0.000039
t=4:delta=0.000384:d=2:c=4:n=1000:one=0.000038
t=5:delta=0.000555:d=2:c=1:n=1000:one=0.000055
t=5:delta=0.000475:d=2:c=2:n=1000:one=0.000047
t=5:delta=0.000480:d=2:c=3:n=1000:one=0.000048
t=5:delta=0.000453:d=2:c=4:n=1000:one=0.000045
t=6:delta=0.000617:d=2:c=1:n=1000:one=0.000062
t=6:delta=0.000540:d=2:c=2:n=1000:one=0.000054
t=6:delta=0.000537:d=2:c=3:n=1000:one=0.000054
t=6:delta=0.000513:d=2:c=4:n=1000:one=0.000051
t=7:delta=0.000685:d=2:c=1:n=1000:one=0.000069
t=7:delta=0.000620:d=2:c=2:n=1000:one=0.000062
t=7:delta=0.000801:d=2:c=3:n=1000:one=0.000080
t=7:delta=0.000586:d=2:c=4:n=1000:one=0.000059
t=8:delta=0.000783:d=2:c=1:n=1000:one=0.000078
t=8:delta=0.000766:d=2:c=2:n=1000:one=0.000077
t=8:delta=0.000676:d=2:c=3:n=1000:one=0.000068
t=8:delta=0.000657:d=2:c=4:n=1000:one=0.000066
t=1:delta=0.000756:d=1:c=1:n=10000:one=0.000076
t=1:delta=0.000788:d=1:c=2:n=10000:one=0.000079
t=1:delta=0.000760:d=1:c=3:n=10000:one=0.000076
t=1:delta=0.000735:d=1:c=4:n=10000:one=0.000073
t=2:delta=0.002739:d=1:c=1:n=10000:one=0.000274
t=2:delta=0.001888:d=1:c=2:n=10000:one=0.000189
t=2:delta=0.001538:d=1:c=3:n=10000:one=0.000154
t=2:delta=0.001366:d=1:c=4:n=10000:one=0.000137
t=3:delta=0.002879:d=1:c=1:n=10000:one=0.000288
t=3:delta=0.001905:d=1:c=2:n=10000:one=0.000190
t=3:delta=0.001625:d=1:c=3:n=10000:one=0.000163
t=3:delta=0.001546:d=1:c=4:n=10000:one=0.000155
t=4:delta=0.002940:d=1:c=1:n=10000:one=0.000294
t=4:delta=0.002012:d=1:c=2:n=10000:one=0.000201
t=4:delta=0.001758:d=1:c=3:n=10000:one=0.000176
t=4:delta=0.001545:d=1:c=4:n=10000:one=0.000154
t=5:delta=0.002986:d=1:c=1:n=10000:one=0.000299
t=5:delta=0.002173:d=1:c=2:n=10000:one=0.000217
t=5:delta=0.001772:d=1:c=3:n=10000:one=0.000177
t=5:delta=0.001600:d=1:c=4:n=10000:one=0.000160
t=6:delta=0.003825:d=1:c=1:n=10000:one=0.000382
t=6:delta=0.002211:d=1:c=2:n=10000:one=0.000221
t=6:delta=0.001822:d=1:c=3:n=10000:one=0.000182
t=6:delta=0.001816:d=1:c=4:n=10000:one=0.000182
t=7:delta=0.003273:d=1:c=1:n=10000:one=0.000327
t=7:delta=0.002280:d=1:c=2:n=10000:one=0.000228
t=7:delta=0.001908:d=1:c=3:n=10000:one=0.000191
t=7:delta=0.001759:d=1:c=4:n=10000:one=0.000176
t=8:delta=0.003240:d=1:c=1:n=10000:one=0.000324
t=8:delta=0.002377:d=1:c=2:n=10000:one=0.000238
t=8:delta=0.001986:d=1:c=3:n=10000:one=0.000199
t=8:delta=0.001875:d=1:c=4:n=10000:one=0.000187
t=1:delta=0.001890:d=2:c=1:n=10000:one=0.000189
t=1:delta=0.001222:d=2:c=2:n=10000:one=0.000122
t=1:delta=0.001093:d=2:c=3:n=10000:one=0.000109
t=1:delta=0.000991:d=2:c=4:n=10000:one=0.000099
t=2:delta=0.002045:d=2:c=1:n=10000:one=0.000204
t=2:delta=0.001378:d=2:c=2:n=10000:one=0.000138
t=2:delta=0.001264:d=2:c=3:n=10000:one=0.000126
t=2:delta=0.001115:d=2:c=4:n=10000:one=0.000111
t=3:delta=0.002122:d=2:c=1:n=10000:one=0.000212
t=3:delta=0.001437:d=2:c=2:n=10000:one=0.000144
t=3:delta=0.001267:d=2:c=3:n=10000:one=0.000127
t=3:delta=0.001186:d=2:c=4:n=10000:one=0.000119
t=4:delta=0.002234:d=2:c=1:n=10000:one=0.000223
t=4:delta=0.001481:d=2:c=2:n=10000:one=0.000148
t=4:delta=0.001355:d=2:c=3:n=10000:one=0.000136
t=4:delta=0.001265:d=2:c=4:n=10000:one=0.000127
t=5:delta=0.002288:d=2:c=1:n=10000:one=0.000229
t=5:delta=0.001558:d=2:c=2:n=10000:one=0.000156
t=5:delta=0.001429:d=2:c=3:n=10000:one=0.000143
t=5:delta=0.001332:d=2:c=4:n=10000:one=0.000133
t=6:delta=0.002395:d=2:c=1:n=10000:one=0.000240
t=6:delta=0.001630:d=2:c=2:n=10000:one=0.000163
t=6:delta=0.001516:d=2:c=3:n=10000:one=0.000152
t=6:delta=0.001422:d=2:c=4:n=10000:one=0.000142
t=7:delta=0.002466:d=2:c=1:n=10000:one=0.000247
t=7:delta=0.001729:d=2:c=2:n=10000:one=0.000173
t=7:delta=0.001582:d=2:c=3:n=10000:one=0.000158
t=7:delta=0.001517:d=2:c=4:n=10000:one=0.000152
t=8:delta=0.002535:d=2:c=1:n=10000:one=0.000253
t=8:delta=0.001801:d=2:c=2:n=10000:one=0.000180
t=8:delta=0.001657:d=2:c=3:n=10000:one=0.000166
t=8:delta=0.001556:d=2:c=4:n=10000:one=0.000156
t=1:delta=0.007299:d=1:c=1:n=100000:one=0.000730
t=1:delta=0.007272:d=1:c=2:n=100000:one=0.000727
t=1:delta=0.007302:d=1:c=3:n=100000:one=0.000730
t=1:delta=0.007326:d=1:c=4:n=100000:one=0.000733
t=2:delta=0.026388:d=1:c=1:n=100000:one=0.002639
t=2:delta=0.017447:d=1:c=2:n=100000:one=0.001745
t=2:delta=0.013990:d=1:c=3:n=100000:one=0.001399
t=2:delta=0.012268:d=1:c=4:n=100000:one=0.001227
t=3:delta=0.026272:d=1:c=1:n=100000:one=0.002627
t=3:delta=0.017286:d=1:c=2:n=100000:one=0.001729
t=3:delta=0.013907:d=1:c=3:n=100000:one=0.001391
t=3:delta=0.012291:d=1:c=4:n=100000:one=0.001229
t=4:delta=0.026200:d=1:c=1:n=100000:one=0.002620
t=4:delta=0.017646:d=1:c=2:n=100000:one=0.001765
t=4:delta=0.014007:d=1:c=3:n=100000:one=0.001401
t=4:delta=0.012317:d=1:c=4:n=100000:one=0.001232
t=5:delta=0.026416:d=1:c=1:n=100000:one=0.002642
t=5:delta=0.017561:d=1:c=2:n=100000:one=0.001756
t=5:delta=0.014191:d=1:c=3:n=100000:one=0.001419
t=5:delta=0.012762:d=1:c=4:n=100000:one=0.001276
t=6:delta=0.026397:d=1:c=1:n=100000:one=0.002640
t=6:delta=0.017792:d=1:c=2:n=100000:one=0.001779
t=6:delta=0.014205:d=1:c=3:n=100000:one=0.001420
t=6:delta=0.013292:d=1:c=4:n=100000:one=0.001329
t=7:delta=0.026441:d=1:c=1:n=100000:one=0.002644
t=7:delta=0.017972:d=1:c=2:n=100000:one=0.001797
t=7:delta=0.014369:d=1:c=3:n=100000:one=0.001437
t=7:delta=0.012850:d=1:c=4:n=100000:one=0.001285
t=8:delta=0.026829:d=1:c=1:n=100000:one=0.002683
t=8:delta=0.017879:d=1:c=2:n=100000:one=0.001788
t=8:delta=0.015283:d=1:c=3:n=100000:one=0.001528
t=8:delta=0.014506:d=1:c=4:n=100000:one=0.001451
t=1:delta=0.019709:d=2:c=1:n=100000:one=0.001971
t=1:delta=0.012776:d=2:c=2:n=100000:one=0.001278
t=1:delta=0.011166:d=2:c=3:n=100000:one=0.001117
t=1:delta=0.010414:d=2:c=4:n=100000:one=0.001041
t=2:delta=0.019984:d=2:c=1:n=100000:one=0.001998
t=2:delta=0.013356:d=2:c=2:n=100000:one=0.001336
t=2:delta=0.011511:d=2:c=3:n=100000:one=0.001151
t=2:delta=0.010151:d=2:c=4:n=100000:one=0.001015
t=3:delta=0.020549:d=2:c=1:n=100000:one=0.002055
t=3:delta=0.013464:d=2:c=2:n=100000:one=0.001346
t=3:delta=0.011795:d=2:c=3:n=100000:one=0.001180
t=3:delta=0.010274:d=2:c=4:n=100000:one=0.001027
t=4:delta=0.020192:d=2:c=1:n=100000:one=0.002019
t=4:delta=0.012965:d=2:c=2:n=100000:one=0.001297
t=4:delta=0.011180:d=2:c=3:n=100000:one=0.001118
t=4:delta=0.010287:d=2:c=4:n=100000:one=0.001029
t=5:delta=0.020482:d=2:c=1:n=100000:one=0.002048
t=5:delta=0.013216:d=2:c=2:n=100000:one=0.001322
t=5:delta=0.011950:d=2:c=3:n=100000:one=0.001195
t=5:delta=0.010527:d=2:c=4:n=100000:one=0.001053
t=6:delta=0.020450:d=2:c=1:n=100000:one=0.002045
t=6:delta=0.013176:d=2:c=2:n=100000:one=0.001318
t=6:delta=0.011574:d=2:c=3:n=100000:one=0.001157
t=6:delta=0.010711:d=2:c=4:n=100000:one=0.001071
t=7:delta=0.020687:d=2:c=1:n=100000:one=0.002069
t=7:delta=0.013544:d=2:c=2:n=100000:one=0.001354
t=7:delta=0.011862:d=2:c=3:n=100000:one=0.001186
t=7:delta=0.010795:d=2:c=4:n=100000:one=0.001080
t=8:delta=0.020790:d=2:c=1:n=100000:one=0.002079
t=8:delta=0.013654:d=2:c=2:n=100000:one=0.001365
t=8:delta=0.011786:d=2:c=3:n=100000:one=0.001179
t=8:delta=0.010751:d=2:c=4:n=100000:one=0.001075
t=1:delta=0.073451:d=1:c=1:n=1000000:one=0.007345
t=1:delta=0.074897:d=1:c=2:n=1000000:one=0.007490
t=1:delta=0.073976:d=1:c=3:n=1000000:one=0.007398
t=1:delta=0.073669:d=1:c=4:n=1000000:one=0.007367
t=2:delta=0.262020:d=1:c=1:n=1000000:one=0.026202
t=2:delta=0.173981:d=1:c=2:n=1000000:one=0.017398
t=2:delta=0.140469:d=1:c=3:n=1000000:one=0.014047
t=2:delta=0.125272:d=1:c=4:n=1000000:one=0.012527
t=3:delta=0.263052:d=1:c=1:n=1000000:one=0.026305
t=3:delta=0.175160:d=1:c=2:n=1000000:one=0.017516
t=3:delta=0.141808:d=1:c=3:n=1000000:one=0.014181
t=3:delta=0.125629:d=1:c=4:n=1000000:one=0.012563
t=4:delta=0.264318:d=1:c=1:n=1000000:one=0.026432
t=4:delta=0.177321:d=1:c=2:n=1000000:one=0.017732
t=4:delta=0.141035:d=1:c=3:n=1000000:one=0.014103
t=4:delta=0.123309:d=1:c=4:n=1000000:one=0.012331
t=5:delta=0.258948:d=1:c=1:n=1000000:one=0.025895
t=5:delta=0.174240:d=1:c=2:n=1000000:one=0.017424
t=5:delta=0.145248:d=1:c=3:n=1000000:one=0.014525
t=5:delta=0.128104:d=1:c=4:n=1000000:one=0.012810
t=6:delta=0.266502:d=1:c=1:n=1000000:one=0.026650
t=6:delta=0.182272:d=1:c=2:n=1000000:one=0.018227
t=6:delta=0.151216:d=1:c=3:n=1000000:one=0.015122
t=6:delta=0.135603:d=1:c=4:n=1000000:one=0.013560
t=7:delta=0.277804:d=1:c=1:n=1000000:one=0.027780
t=7:delta=0.190581:d=1:c=2:n=1000000:one=0.019058
t=7:delta=0.158324:d=1:c=3:n=1000000:one=0.015832
t=7:delta=0.148453:d=1:c=4:n=1000000:one=0.014845
t=8:delta=0.270397:d=1:c=1:n=1000000:one=0.027040
t=8:delta=0.181363:d=1:c=2:n=1000000:one=0.018136
t=8:delta=0.148482:d=1:c=3:n=1000000:one=0.014848
t=8:delta=0.136968:d=1:c=4:n=1000000:one=0.013697
t=1:delta=0.189844:d=2:c=1:n=1000000:one=0.018984
t=1:delta=0.122860:d=2:c=2:n=1000000:one=0.012286
t=1:delta=0.106911:d=2:c=3:n=1000000:one=0.010691
t=1:delta=0.097307:d=2:c=4:n=1000000:one=0.009731
t=2:delta=0.192592:d=2:c=1:n=1000000:one=0.019259
t=2:delta=0.122496:d=2:c=2:n=1000000:one=0.012250
t=2:delta=0.107209:d=2:c=3:n=1000000:one=0.010721
t=2:delta=0.098330:d=2:c=4:n=1000000:one=0.009833
t=3:delta=0.192686:d=2:c=1:n=1000000:one=0.019269
t=3:delta=0.123353:d=2:c=2:n=1000000:one=0.012335
t=3:delta=0.107459:d=2:c=3:n=1000000:one=0.010746
t=3:delta=0.097858:d=2:c=4:n=1000000:one=0.009786
t=4:delta=0.191111:d=2:c=1:n=1000000:one=0.019111
t=4:delta=0.123113:d=2:c=2:n=1000000:one=0.012311
t=4:delta=0.107366:d=2:c=3:n=1000000:one=0.010737
t=4:delta=0.097980:d=2:c=4:n=1000000:one=0.009798
t=5:delta=0.194435:d=2:c=1:n=1000000:one=0.019444
t=5:delta=0.124943:d=2:c=2:n=1000000:one=0.012494
t=5:delta=0.109361:d=2:c=3:n=1000000:one=0.010936
t=5:delta=0.100431:d=2:c=4:n=1000000:one=0.010043
t=6:delta=0.195876:d=2:c=1:n=1000000:one=0.019588
t=6:delta=0.126192:d=2:c=2:n=1000000:one=0.012619
t=6:delta=0.112194:d=2:c=3:n=1000000:one=0.011219
t=6:delta=0.102066:d=2:c=4:n=1000000:one=0.010207
t=7:delta=0.198467:d=2:c=1:n=1000000:one=0.019847
t=7:delta=0.126741:d=2:c=2:n=1000000:one=0.012674
t=7:delta=0.110344:d=2:c=3:n=1000000:one=0.011034
t=7:delta=0.100942:d=2:c=4:n=1000000:one=0.010094
t=8:delta=0.194561:d=2:c=1:n=1000000:one=0.019456
t=8:delta=0.123867:d=2:c=2:n=1000000:one=0.012387
t=8:delta=0.111259:d=2:c=3:n=1000000:one=0.011126
t=8:delta=0.100688:d=2:c=4:n=1000000:one=0.010069
t=1:delta=0.729366:d=1:c=1:n=10000000:one=0.072937
t=1:delta=0.729090:d=1:c=2:n=10000000:one=0.072909
t=1:delta=0.728673:d=1:c=3:n=10000000:one=0.072867
t=1:delta=0.727177:d=1:c=4:n=10000000:one=0.072718
t=2:delta=2.579915:d=1:c=1:n=10000000:one=0.257992
t=2:delta=1.710001:d=1:c=2:n=10000000:one=0.171000
t=2:delta=1.354220:d=1:c=3:n=10000000:one=0.135422
t=2:delta=1.186923:d=1:c=4:n=10000000:one=0.118692
t=3:delta=2.550902:d=1:c=1:n=10000000:one=0.255090
t=3:delta=1.689558:d=1:c=2:n=10000000:one=0.168956
t=3:delta=1.359781:d=1:c=3:n=10000000:one=0.135978
t=3:delta=1.201279:d=1:c=4:n=10000000:one=0.120128
t=4:delta=2.556939:d=1:c=1:n=10000000:one=0.255694
t=4:delta=1.703223:d=1:c=2:n=10000000:one=0.170322
t=4:delta=1.386602:d=1:c=3:n=10000000:one=0.138660
t=4:delta=1.223023:d=1:c=4:n=10000000:one=0.122302
t=5:delta=2.570825:d=1:c=1:n=10000000:one=0.257083
t=5:delta=1.718495:d=1:c=2:n=10000000:one=0.171850
t=5:delta=1.394045:d=1:c=3:n=10000000:one=0.139405
t=5:delta=1.229474:d=1:c=4:n=10000000:one=0.122947
t=6:delta=2.594203:d=1:c=1:n=10000000:one=0.259420
t=6:delta=1.740030:d=1:c=2:n=10000000:one=0.174003
t=6:delta=1.409074:d=1:c=3:n=10000000:one=0.140907
t=6:delta=1.240684:d=1:c=4:n=10000000:one=0.124068
t=7:delta=2.611478:d=1:c=1:n=10000000:one=0.261148
t=7:delta=1.754052:d=1:c=2:n=10000000:one=0.175405
t=7:delta=1.424951:d=1:c=3:n=10000000:one=0.142495
t=7:delta=1.270688:d=1:c=4:n=10000000:one=0.127069
t=8:delta=2.636250:d=1:c=1:n=10000000:one=0.263625
t=8:delta=1.752287:d=1:c=2:n=10000000:one=0.175229
t=8:delta=1.420366:d=1:c=3:n=10000000:one=0.142037
t=8:delta=1.303140:d=1:c=4:n=10000000:one=0.130314
t=1:delta=1.883368:d=2:c=1:n=10000000:one=0.188337
t=1:delta=1.207478:d=2:c=2:n=10000000:one=0.120748
t=1:delta=1.057411:d=2:c=3:n=10000000:one=0.105741
t=1:delta=0.957661:d=2:c=4:n=10000000:one=0.095766