Compiling  LAB03_2
-- Configuring done
-- Generating done
-- Build files have been written to: /home/students/k/u/kulinski/repos/MPR-Labs
Consolidate compiler generated dependencies of target LAB03_2
[100%] Built target LAB03_2
Starting  LAB03_2
t=1:delta=0.000112:d=2:c=1:n=1000:one=0.000011
t=2:delta=0.000131:d=2:c=1:n=1000:one=0.000013
t=3:delta=0.000141:d=2:c=1:n=1000:one=0.000014
t=4:delta=0.000172:d=2:c=1:n=1000:one=0.000017
t=5:delta=0.000673:d=2:c=1:n=1000:one=0.000067
t=6:delta=0.000771:d=2:c=1:n=1000:one=0.000077
t=7:delta=0.001039:d=2:c=1:n=1000:one=0.000104
t=8:delta=0.001020:d=2:c=1:n=1000:one=0.000102
t=1:delta=0.000862:d=2:c=1:n=10000:one=0.000086
t=2:delta=0.000516:d=2:c=1:n=10000:one=0.000052
t=3:delta=0.000387:d=2:c=1:n=10000:one=0.000039
t=4:delta=0.000369:d=2:c=1:n=10000:one=0.000037
t=5:delta=0.001064:d=2:c=1:n=10000:one=0.000106
t=6:delta=0.001194:d=2:c=1:n=10000:one=0.000119
t=7:delta=0.001142:d=2:c=1:n=10000:one=0.000114
t=8:delta=0.001434:d=2:c=1:n=10000:one=0.000143
t=1:delta=0.008312:d=2:c=1:n=100000:one=0.000831
t=2:delta=0.004239:d=2:c=1:n=100000:one=0.000424
t=3:delta=0.002886:d=2:c=1:n=100000:one=0.000289
t=4:delta=0.002215:d=2:c=1:n=100000:one=0.000222
t=5:delta=0.004253:d=2:c=1:n=100000:one=0.000425
t=6:delta=0.005049:d=2:c=1:n=100000:one=0.000505
t=7:delta=0.004845:d=2:c=1:n=100000:one=0.000485
t=8:delta=0.004941:d=2:c=1:n=100000:one=0.000494
t=1:delta=0.081679:d=2:c=1:n=1000000:one=0.008168
t=2:delta=0.041178:d=2:c=1:n=1000000:one=0.004118
t=3:delta=0.027642:d=2:c=1:n=1000000:one=0.002764
t=4:delta=0.020909:d=2:c=1:n=1000000:one=0.002091
t=5:delta=0.033311:d=2:c=1:n=1000000:one=0.003331
t=6:delta=0.030228:d=2:c=1:n=1000000:one=0.003023
t=7:delta=0.028445:d=2:c=1:n=1000000:one=0.002845
t=8:delta=0.029755:d=2:c=1:n=1000000:one=0.002976
t=1:delta=0.834267:d=2:c=1:n=10000000:one=0.083427
t=2:delta=0.416536:d=2:c=1:n=10000000:one=0.041654
t=3:delta=0.278451:d=2:c=1:n=10000000:one=0.027845
t=4:delta=0.209166:d=2:c=1:n=10000000:one=0.020917
t=5:delta=0.275504:d=2:c=1:n=10000000:one=0.027550
t=6:delta=0.240395:d=2:c=1:n=10000000:one=0.024040
t=7:delta=0.238081:d=2:c=1:n=10000000:one=0.023808
t=8:delta=0.216264:d=2:c=1:n=10000000:one=0.021626
0